<?xml version="1.0" encoding="UTF-8"?>
<testsuite name="org.xlbean.reader.XlBeanReaderTest" tests="7" skipped="0" failures="0" errors="0" timestamp="2017-07-24T11:43:13" hostname="DESKTOP-F58CKQI" time="11.202">
  <properties/>
  <testcase name="testCommentDefinitionReader" classname="org.xlbean.reader.XlBeanReaderTest" time="2.758"/>
  <testcase name="testBeanMapping" classname="org.xlbean.reader.XlBeanReaderTest" time="0.152"/>
  <testcase name="testIndex" classname="org.xlbean.reader.XlBeanReaderTest" time="6.542"/>
  <testcase name="testBigData" classname="org.xlbean.reader.XlBeanReaderTest" time="1.171"/>
  <testcase name="testIndexedListColumn" classname="org.xlbean.reader.XlBeanReaderTest" time="0.054"/>
  <testcase name="testFormat" classname="org.xlbean.reader.XlBeanReaderTest" time="0.281"/>
  <testcase name="testConvertFromObjectToXlBean" classname="org.xlbean.reader.XlBeanReaderTest" time="0.234"/>
  <system-out><![CDATA[20:43:15.505 [Test worker] DEBUG o.x.d.ExcelR1C1DefinitionLoader - Start loading table definition from sheet presidents
20:43:15.556 [Test worker] INFO  o.x.d.ExcelR1C1DefinitionLoader - Loaded table definition from sheet presidents [54 msec]
20:43:15.639 [Test worker] DEBUG org.xlbean.data.ExcelDataLoader - Start loading data: name
20:43:15.669 [Test worker] TRACE org.xlbean.data.SingleValueLoader - United States of America
20:43:15.673 [Test worker] INFO  org.xlbean.data.ExcelDataLoader - Loaded data: name [34 msec]
20:43:15.782 [Test worker] DEBUG org.xlbean.data.ExcelDataLoader - Start loading data: stats.totalArea
20:43:15.784 [Test worker] TRACE org.xlbean.data.SingleValueLoader - 9833520.0
20:43:15.785 [Test worker] INFO  org.xlbean.data.ExcelDataLoader - Loaded data: stats.totalArea [3 msec]
20:43:15.786 [Test worker] DEBUG org.xlbean.data.ExcelDataLoader - Start loading data: stats.gdp
20:43:16.013 [Test worker] TRACE org.xlbean.data.SingleValueLoader - 18558000000000000
20:43:16.014 [Test worker] INFO  org.xlbean.data.ExcelDataLoader - Loaded data: stats.gdp [228 msec]
20:43:16.014 [Test worker] DEBUG org.xlbean.data.ExcelDataLoader - Start loading data: presidents
20:43:16.062 [Test worker] TRACE org.xlbean.data.TableValueLoader - {name=John F. Kennedy, inOfficeTo=1963/11/22 00:00:00.000, numberOfDaysInOffice=1036.0, dateOfBirth=1917/05/29 00:00:00.000, inOfficeFrom=1961/01/20 00:00:00.000, ~=1036.0, stateOfBirth=Massachusetts}
20:43:16.070 [Test worker] TRACE org.xlbean.data.TableValueLoader - {name=Lyndon B. Johnson, inOfficeTo=1969/01/20 00:00:00.000, numberOfDaysInOffice=1886.0, dateOfBirth=1908/08/27 00:00:00.000, inOfficeFrom=1963/11/22 00:00:00.000, ~=1886.0, stateOfBirth=Texas}
20:43:16.079 [Test worker] TRACE org.xlbean.data.TableValueLoader - {name=Richard M. Nixon, inOfficeTo=1974/08/09 00:00:00.000, numberOfDaysInOffice=2027.0, dateOfBirth=1913/01/09 00:00:00.000, inOfficeFrom=1969/01/20 00:00:00.000, ~=2027.0, stateOfBirth=California}
20:43:16.085 [Test worker] TRACE org.xlbean.data.TableValueLoader - {name=Gerald R. Ford, inOfficeTo=1977/01/20 00:00:00.000, numberOfDaysInOffice=895.0, dateOfBirth=1913/07/14 00:00:00.000, inOfficeFrom=1974/08/09 00:00:00.000, ~=895.0, stateOfBirth=Nebraska}
20:43:16.092 [Test worker] TRACE org.xlbean.data.TableValueLoader - {name=Jimmy Carter, inOfficeTo=1981/01/20 00:00:00.000, numberOfDaysInOffice=1461.0, dateOfBirth=1924/10/01 00:00:00.000, inOfficeFrom=1977/01/20 00:00:00.000, ~=1461.0, stateOfBirth=Georgia}
20:43:16.104 [Test worker] TRACE org.xlbean.data.TableValueLoader - {name=Ronald Reagan, inOfficeTo=1989/01/20 00:00:00.000, numberOfDaysInOffice=2922.0, dateOfBirth=1911/02/06 00:00:00.000, inOfficeFrom=1981/01/20 00:00:00.000, ~=2922.0, stateOfBirth=Illinois}
20:43:16.109 [Test worker] TRACE org.xlbean.data.TableValueLoader - {name=George H. W. Bush, inOfficeTo=1993/01/20 00:00:00.000, numberOfDaysInOffice=1461.0, dateOfBirth=1924/06/12 00:00:00.000, inOfficeFrom=1989/01/20 00:00:00.000, ~=1461.0, stateOfBirth=Massachusetts}
20:43:16.115 [Test worker] TRACE org.xlbean.data.TableValueLoader - {name=Bill Clinton, inOfficeTo=2001/01/20 00:00:00.000, numberOfDaysInOffice=2922.0, dateOfBirth=1946/08/19 00:00:00.000, inOfficeFrom=1993/01/20 00:00:00.000, ~=2922.0, stateOfBirth=Arkansas}
20:43:16.124 [Test worker] TRACE org.xlbean.data.TableValueLoader - {name=George W. Bush, inOfficeTo=2009/01/20 00:00:00.000, numberOfDaysInOffice=2922.0, dateOfBirth=1946/07/06 00:00:00.000, inOfficeFrom=2001/01/20 00:00:00.000, ~=2922.0, stateOfBirth=Connecticut}
20:43:16.177 [Test worker] TRACE org.xlbean.data.TableValueLoader - {name=Barack Obama, inOfficeTo=2017/01/20 00:00:00.000, numberOfDaysInOffice=2922.0, dateOfBirth=1961/08/04 00:00:00.000, inOfficeFrom=2009/01/20 00:00:00.000, ~=2922.0, stateOfBirth=Hawaii}
20:43:16.183 [Test worker] TRACE org.xlbean.data.TableValueLoader - {name=Donald Trump, dateOfBirth=1946/06/14 00:00:00.000, inOfficeFrom=2017/01/20 00:00:00.000, stateOfBirth=New York}
20:43:16.184 [Test worker] TRACE org.xlbean.data.TableValueLoader - {}
20:43:16.186 [Test worker] INFO  org.xlbean.data.ExcelDataLoader - Loaded data: presidents [172 msec]
20:43:16.298 [Test worker] DEBUG o.x.d.ExcelR1C1DefinitionLoader - Start loading table definition from sheet presidents
20:43:16.318 [Test worker] INFO  o.x.d.ExcelR1C1DefinitionLoader - Loaded table definition from sheet presidents [20 msec]
20:43:16.319 [Test worker] DEBUG org.xlbean.data.ExcelDataLoader - Start loading data: presidents
20:43:16.321 [Test worker] TRACE org.xlbean.data.TableValueLoader - {name=John F. Kennedy, inOfficeTo=1963/11/22 00:00:00.000, numberOfDaysInOffice=1036.0, dateOfBirth=1917/05/29 00:00:00.000, inOfficeFrom=1961/01/20 00:00:00.000, stateOfBirth=Massachusetts}
20:43:16.323 [Test worker] TRACE org.xlbean.data.TableValueLoader - {name=Lyndon B. Johnson, inOfficeTo=1969/01/20 00:00:00.000, numberOfDaysInOffice=1886.0, dateOfBirth=1908/08/27 00:00:00.000, inOfficeFrom=1963/11/22 00:00:00.000, stateOfBirth=Texas}
20:43:16.326 [Test worker] TRACE org.xlbean.data.TableValueLoader - {name=Richard M. Nixon, inOfficeTo=1974/08/09 00:00:00.000, numberOfDaysInOffice=2027.0, dateOfBirth=1913/01/09 00:00:00.000, inOfficeFrom=1969/01/20 00:00:00.000, stateOfBirth=California}
20:43:16.334 [Test worker] TRACE org.xlbean.data.TableValueLoader - {name=Gerald R. Ford, inOfficeTo=1977/01/20 00:00:00.000, numberOfDaysInOffice=895.0, dateOfBirth=1913/07/14 00:00:00.000, inOfficeFrom=1974/08/09 00:00:00.000, stateOfBirth=Nebraska}
20:43:16.340 [Test worker] TRACE org.xlbean.data.TableValueLoader - {name=Jimmy Carter, inOfficeTo=1981/01/20 00:00:00.000, numberOfDaysInOffice=1461.0, dateOfBirth=1924/10/01 00:00:00.000, inOfficeFrom=1977/01/20 00:00:00.000, stateOfBirth=Georgia}
20:43:16.344 [Test worker] TRACE org.xlbean.data.TableValueLoader - {name=Ronald Reagan, inOfficeTo=1989/01/20 00:00:00.000, numberOfDaysInOffice=2922.0, dateOfBirth=1911/02/06 00:00:00.000, inOfficeFrom=1981/01/20 00:00:00.000, stateOfBirth=Illinois}
20:43:16.347 [Test worker] TRACE org.xlbean.data.TableValueLoader - {name=George H. W. Bush, inOfficeTo=1993/01/20 00:00:00.000, numberOfDaysInOffice=1461.0, dateOfBirth=1924/06/12 00:00:00.000, inOfficeFrom=1989/01/20 00:00:00.000, stateOfBirth=Massachusetts}
20:43:16.349 [Test worker] TRACE org.xlbean.data.TableValueLoader - {name=Bill Clinton, inOfficeTo=2001/01/20 00:00:00.000, numberOfDaysInOffice=2922.0, dateOfBirth=1946/08/19 00:00:00.000, inOfficeFrom=1993/01/20 00:00:00.000, stateOfBirth=Arkansas}
20:43:16.355 [Test worker] TRACE org.xlbean.data.TableValueLoader - {name=George W. Bush, inOfficeTo=2009/01/20 00:00:00.000, numberOfDaysInOffice=2922.0, dateOfBirth=1946/07/06 00:00:00.000, inOfficeFrom=2001/01/20 00:00:00.000, stateOfBirth=Connecticut}
20:43:16.357 [Test worker] TRACE org.xlbean.data.TableValueLoader - {name=Barack Obama, inOfficeTo=2017/01/20 00:00:00.000, numberOfDaysInOffice=2922.0, dateOfBirth=1961/08/04 00:00:00.000, inOfficeFrom=2009/01/20 00:00:00.000, stateOfBirth=Hawaii}
20:43:16.359 [Test worker] TRACE org.xlbean.data.TableValueLoader - {name=Donald Trump, dateOfBirth=1946/06/14 00:00:00.000, inOfficeFrom=2017/01/20 00:00:00.000, stateOfBirth=New York}
20:43:16.360 [Test worker] TRACE org.xlbean.data.TableValueLoader - {}
20:43:16.360 [Test worker] INFO  org.xlbean.data.ExcelDataLoader - Loaded data: presidents [42 msec]
20:43:16.360 [Test worker] DEBUG org.xlbean.data.ExcelDataLoader - Start loading data: name
20:43:16.363 [Test worker] TRACE org.xlbean.data.SingleValueLoader - United States of America
20:43:16.363 [Test worker] INFO  org.xlbean.data.ExcelDataLoader - Loaded data: name [3 msec]
20:43:16.363 [Test worker] DEBUG org.xlbean.data.ExcelDataLoader - Start loading data: stats.totalArea
20:43:16.364 [Test worker] TRACE org.xlbean.data.SingleValueLoader - 9833520.0
20:43:16.364 [Test worker] INFO  org.xlbean.data.ExcelDataLoader - Loaded data: stats.totalArea [1 msec]
20:43:16.365 [Test worker] DEBUG org.xlbean.data.ExcelDataLoader - Start loading data: stats.gdp
20:43:16.368 [Test worker] TRACE org.xlbean.data.SingleValueLoader - 18558000000000000
20:43:16.368 [Test worker] INFO  org.xlbean.data.ExcelDataLoader - Loaded data: stats.gdp [4 msec]
{stats={gdp=18558000000000000, totalArea=9833520.0}, presidents=[{name=John F. Kennedy, inOfficeTo=1963/11/22 00:00:00.000, numberOfDaysInOffice=1036.0, dateOfBirth=1917/05/29 00:00:00.000, inOfficeFrom=1961/01/20 00:00:00.000, stateOfBirth=Massachusetts}, {name=Lyndon B. Johnson, inOfficeTo=1969/01/20 00:00:00.000, numberOfDaysInOffice=1886.0, dateOfBirth=1908/08/27 00:00:00.000, inOfficeFrom=1963/11/22 00:00:00.000, stateOfBirth=Texas}, {name=Richard M. Nixon, inOfficeTo=1974/08/09 00:00:00.000, numberOfDaysInOffice=2027.0, dateOfBirth=1913/01/09 00:00:00.000, inOfficeFrom=1969/01/20 00:00:00.000, stateOfBirth=California}, {name=Gerald R. Ford, inOfficeTo=1977/01/20 00:00:00.000, numberOfDaysInOffice=895.0, dateOfBirth=1913/07/14 00:00:00.000, inOfficeFrom=1974/08/09 00:00:00.000, stateOfBirth=Nebraska}, {name=Jimmy Carter, inOfficeTo=1981/01/20 00:00:00.000, numberOfDaysInOffice=1461.0, dateOfBirth=1924/10/01 00:00:00.000, inOfficeFrom=1977/01/20 00:00:00.000, stateOfBirth=Georgia}, {name=Ronald Reagan, inOfficeTo=1989/01/20 00:00:00.000, numberOfDaysInOffice=2922.0, dateOfBirth=1911/02/06 00:00:00.000, inOfficeFrom=1981/01/20 00:00:00.000, stateOfBirth=Illinois}, {name=George H. W. Bush, inOfficeTo=1993/01/20 00:00:00.000, numberOfDaysInOffice=1461.0, dateOfBirth=1924/06/12 00:00:00.000, inOfficeFrom=1989/01/20 00:00:00.000, stateOfBirth=Massachusetts}, {name=Bill Clinton, inOfficeTo=2001/01/20 00:00:00.000, numberOfDaysInOffice=2922.0, dateOfBirth=1946/08/19 00:00:00.000, inOfficeFrom=1993/01/20 00:00:00.000, stateOfBirth=Arkansas}, {name=George W. Bush, inOfficeTo=2009/01/20 00:00:00.000, numberOfDaysInOffice=2922.0, dateOfBirth=1946/07/06 00:00:00.000, inOfficeFrom=2001/01/20 00:00:00.000, stateOfBirth=Connecticut}, {name=Barack Obama, inOfficeTo=2017/01/20 00:00:00.000, numberOfDaysInOffice=2922.0, dateOfBirth=1961/08/04 00:00:00.000, inOfficeFrom=2009/01/20 00:00:00.000, stateOfBirth=Hawaii}, {name=Donald Trump, dateOfBirth=1946/06/14 00:00:00.000, inOfficeFrom=2017/01/20 00:00:00.000, stateOfBirth=New York}], name=United States of America}
20:43:17.072 [Test worker] DEBUG o.x.d.ExcelR1C1DefinitionLoader - Start loading table definition from sheet bigtable
20:43:17.080 [Test worker] INFO  o.x.d.ExcelR1C1DefinitionLoader - Loaded table definition from sheet bigtable [8 msec]
20:43:17.080 [Test worker] DEBUG org.xlbean.data.ExcelDataLoader - Start loading data: bigtable
20:43:17.086 [Test worker] TRACE org.xlbean.data.TableValueLoader - {aaa=1.0, ccc=-10000.0, bbb=1000.0, ddd=456.12345}
20:43:17.116 [Test worker] TRACE org.xlbean.data.TableValueLoader - {aaa=2.0, ccc=-10001.0, bbb=1001.0, ddd=456.22345}
20:43:17.129 [Test worker] TRACE org.xlbean.data.TableValueLoader - {aaa=3.0, ccc=-10002.0, bbb=1002.0, ddd=456.32345000000004}
20:43:17.132 [Test worker] TRACE org.xlbean.data.TableValueLoader - {aaa=4.0, ccc=-10003.0, bbb=1003.0, ddd=456.42345000000006}
20:43:17.135 [Test worker] TRACE org.xlbean.data.TableValueLoader - {aaa=5.0, ccc=-10004.0, bbb=1004.0, ddd=456.5234500000001}
20:43:17.139 [Test worker] TRACE org.xlbean.data.TableValueLoader - {aaa=6.0, ccc=-10005.0, bbb=1005.0, ddd=456.6234500000001}
20:43:17.141 [Test worker] TRACE org.xlbean.data.TableValueLoader - {aaa=7.0, ccc=-10006.0, bbb=1006.0, ddd=456.7234500000001}
20:43:17.146 [Test worker] TRACE org.xlbean.data.TableValueLoader - {aaa=8.0, ccc=-10007.0, bbb=1007.0, ddd=456.82345000000015}
20:43:17.148 [Test worker] TRACE org.xlbean.data.TableValueLoader - {aaa=9.0, ccc=-10008.0, bbb=1008.0, ddd=456.9234500000002}
20:43:17.153 [Test worker] TRACE org.xlbean.data.TableValueLoader - {aaa=10.0, ccc=-10009.0, bbb=1009.0, ddd=457.0234500000002}
20:43:17.156 [Test worker] TRACE org.xlbean.data.TableValueLoader - {aaa=11.0, ccc=-10010.0, bbb=1010.0, ddd=457.1234500000002}
20:43:17.160 [Test worker] TRACE org.xlbean.data.TableValueLoader - {aaa=12.0, ccc=-10011.0, bbb=1011.0, ddd=457.22345000000024}
20:43:17.163 [Test worker] TRACE org.xlbean.data.TableValueLoader - {aaa=13.0, ccc=-10012.0, bbb=1012.0, ddd=457.32345000000026}
20:43:17.167 [Test worker] TRACE org.xlbean.data.TableValueLoader - {aaa=14.0, ccc=-10013.0, bbb=1013.0, ddd=457.4234500000003}
20:43:17.171 [Test worker] TRACE org.xlbean.data.TableValueLoader - {aaa=15.0, ccc=-10014.0, bbb=1014.0, ddd=457.5234500000003}
20:43:17.174 [Test worker] TRACE org.xlbean.data.TableValueLoader - {aaa=16.0, ccc=-10015.0, bbb=1015.0, ddd=457.62345000000033}
20:43:17.178 [Test worker] TRACE org.xlbean.data.TableValueLoader - {aaa=17.0, ccc=-10016.0, bbb=1016.0, ddd=457.72345000000035}
20:43:17.183 [Test worker] TRACE org.xlbean.data.TableValueLoader - {aaa=18.0, ccc=-10017.0, bbb=1017.0, ddd=457.8234500000004}
20:43:17.191 [Test worker] TRACE org.xlbean.data.TableValueLoader - {aaa=19.0, ccc=-10018.0, bbb=1018.0, ddd=457.9234500000004}
20:43:17.208 [Test worker] TRACE org.xlbean.data.TableValueLoader - {aaa=20.0, ccc=-10019.0, bbb=1019.0, ddd=458.0234500000004}
20:43:17.211 [Test worker] TRACE org.xlbean.data.TableValueLoader - {aaa=21.0, ccc=-10020.0, bbb=1020.0, ddd=458.12345000000045}
20:43:17.213 [Test worker] TRACE org.xlbean.data.TableValueLoader - {aaa=22.0, ccc=-10021.0, bbb=1021.0, ddd=458.22345000000047}
20:43:17.216 [Test worker] TRACE org.xlbean.data.TableValueLoader - {aaa=23.0, ccc=-10022.0, bbb=1022.0, ddd=458.3234500000005}
20:43:17.220 [Test worker] TRACE org.xlbean.data.TableValueLoader - {aaa=24.0, ccc=-10023.0, bbb=1023.0, ddd=458.4234500000005}
20:43:17.222 [Test worker] TRACE org.xlbean.data.TableValueLoader - {aaa=25.0, ccc=-10024.0, bbb=1024.0, ddd=458.52345000000054}
20:43:17.224 [Test worker] TRACE org.xlbean.data.TableValueLoader - {aaa=26.0, ccc=-10025.0, bbb=1025.0, ddd=458.62345000000056}
20:43:17.226 [Test worker] TRACE org.xlbean.data.TableValueLoader - {aaa=27.0, ccc=-10026.0, bbb=1026.0, ddd=458.7234500000006}
20:43:17.229 [Test worker] TRACE org.xlbean.data.TableValueLoader - {aaa=28.0, ccc=-10027.0, bbb=1027.0, ddd=458.8234500000006}
20:43:17.230 [Test worker] TRACE org.xlbean.data.TableValueLoader - {aaa=29.0, ccc=-10028.0, bbb=1028.0, ddd=458.9234500000006}
20:43:17.233 [Test worker] TRACE org.xlbean.data.TableValueLoader - {aaa=30.0, ccc=-10029.0, bbb=1029.0, ddd=459.02345000000065}
20:43:17.238 [Test worker] TRACE org.xlbean.data.TableValueLoader - {aaa=31.0, ccc=-10030.0, bbb=1030.0, ddd=459.1234500000007}
20:43:17.243 [Test worker] TRACE org.xlbean.data.TableValueLoader - {aaa=32.0, ccc=-10031.0, bbb=1031.0, ddd=459.2234500000007}
20:43:17.245 [Test worker] TRACE org.xlbean.data.TableValueLoader - {aaa=33.0, ccc=-10032.0, bbb=1032.0, ddd=459.3234500000007}
20:43:17.249 [Test worker] TRACE org.xlbean.data.TableValueLoader - {aaa=34.0, ccc=-10033.0, bbb=1033.0, ddd=459.42345000000074}
20:43:17.251 [Test worker] TRACE org.xlbean.data.TableValueLoader - {aaa=35.0, ccc=-10034.0, bbb=1034.0, ddd=459.52345000000076}
20:43:17.253 [Test worker] TRACE org.xlbean.data.TableValueLoader - {aaa=36.0, ccc=-10035.0, bbb=1035.0, ddd=459.6234500000008}
20:43:17.255 [Test worker] TRACE org.xlbean.data.TableValueLoader - {aaa=37.0, ccc=-10036.0, bbb=1036.0, ddd=459.7234500000008}
20:43:17.257 [Test worker] TRACE org.xlbean.data.TableValueLoader - {aaa=38.0, ccc=-10037.0, bbb=1037.0, ddd=459.82345000000083}
20:43:17.259 [Test worker] TRACE org.xlbean.data.TableValueLoader - {aaa=39.0, ccc=-10038.0, bbb=1038.0, ddd=459.92345000000086}
20:43:17.262 [Test worker] TRACE org.xlbean.data.TableValueLoader - {aaa=40.0, ccc=-10039.0, bbb=1039.0, ddd=460.0234500000009}
20:43:17.264 [Test worker] TRACE org.xlbean.data.TableValueLoader - {aaa=41.0, ccc=-10040.0, bbb=1040.0, ddd=460.1234500000009}
20:43:17.267 [Test worker] TRACE org.xlbean.data.TableValueLoader - {aaa=42.0, ccc=-10041.0, bbb=1041.0, ddd=460.2234500000009}
20:43:17.271 [Test worker] TRACE org.xlbean.data.TableValueLoader - {aaa=43.0, ccc=-10042.0, bbb=1042.0, ddd=460.32345000000095}
20:43:17.274 [Test worker] TRACE org.xlbean.data.TableValueLoader - {aaa=44.0, ccc=-10043.0, bbb=1043.0, ddd=460.42345000000097}
20:43:17.276 [Test worker] TRACE org.xlbean.data.TableValueLoader - {aaa=45.0, ccc=-10044.0, bbb=1044.0, ddd=460.523450000001}
20:43:17.278 [Test worker] TRACE org.xlbean.data.TableValueLoader - {aaa=46.0, ccc=-10045.0, bbb=1045.0, ddd=460.623450000001}
20:43:17.279 [Test worker] TRACE org.xlbean.data.TableValueLoader - {aaa=47.0, ccc=-10046.0, bbb=1046.0, ddd=460.72345000000104}
20:43:17.281 [Test worker] TRACE org.xlbean.data.TableValueLoader - {aaa=48.0, ccc=-10047.0, bbb=1047.0, ddd=460.82345000000106}
20:43:17.282 [Test worker] TRACE org.xlbean.data.TableValueLoader - {aaa=49.0, ccc=-10048.0, bbb=1048.0, ddd=460.9234500000011}
20:43:17.285 [Test worker] TRACE org.xlbean.data.TableValueLoader - {aaa=50.0, ccc=-10049.0, bbb=1049.0, ddd=461.0234500000011}
20:43:17.287 [Test worker] TRACE org.xlbean.data.TableValueLoader - {aaa=51.0, ccc=-10050.0, bbb=1050.0, ddd=461.1234500000011}
20:43:17.288 [Test worker] TRACE org.xlbean.data.TableValueLoader - {aaa=52.0, ccc=-10051.0, bbb=1051.0, ddd=461.22345000000115}
20:43:17.290 [Test worker] TRACE org.xlbean.data.TableValueLoader - {aaa=53.0, ccc=-10052.0, bbb=1052.0, ddd=461.3234500000012}
20:43:17.292 [Test worker] TRACE org.xlbean.data.TableValueLoader - {aaa=54.0, ccc=-10053.0, bbb=1053.0, ddd=461.4234500000012}
20:43:17.293 [Test worker] TRACE org.xlbean.data.TableValueLoader - {aaa=55.0, ccc=-10054.0, bbb=1054.0, ddd=461.5234500000012}
20:43:17.295 [Test worker] TRACE org.xlbean.data.TableValueLoader - {aaa=56.0, ccc=-10055.0, bbb=1055.0, ddd=461.62345000000124}
20:43:17.297 [Test worker] TRACE org.xlbean.data.TableValueLoader - {aaa=57.0, ccc=-10056.0, bbb=1056.0, ddd=461.72345000000126}
20:43:17.298 [Test worker] TRACE org.xlbean.data.TableValueLoader - {aaa=58.0, ccc=-10057.0, bbb=1057.0, ddd=461.8234500000013}
20:43:17.300 [Test worker] TRACE org.xlbean.data.TableValueLoader - {aaa=59.0, ccc=-10058.0, bbb=1058.0, ddd=461.9234500000013}
20:43:17.303 [Test worker] TRACE org.xlbean.data.TableValueLoader - {aaa=60.0, ccc=-10059.0, bbb=1059.0, ddd=462.02345000000133}
20:43:17.305 [Test worker] TRACE org.xlbean.data.TableValueLoader - {aaa=61.0, ccc=-10060.0, bbb=1060.0, ddd=462.12345000000136}
20:43:17.307 [Test worker] TRACE org.xlbean.data.TableValueLoader - {aaa=62.0, ccc=-10061.0, bbb=1061.0, ddd=462.2234500000014}
20:43:17.309 [Test worker] TRACE org.xlbean.data.TableValueLoader - {aaa=63.0, ccc=-10062.0, bbb=1062.0, ddd=462.3234500000014}
20:43:17.310 [Test worker] TRACE org.xlbean.data.TableValueLoader - {aaa=64.0, ccc=-10063.0, bbb=1063.0, ddd=462.4234500000014}
20:43:17.312 [Test worker] TRACE org.xlbean.data.TableValueLoader - {aaa=65.0, ccc=-10064.0, bbb=1064.0, ddd=462.52345000000145}
20:43:17.314 [Test worker] TRACE org.xlbean.data.TableValueLoader - {aaa=66.0, ccc=-10065.0, bbb=1065.0, ddd=462.62345000000147}
20:43:17.316 [Test worker] TRACE org.xlbean.data.TableValueLoader - {aaa=67.0, ccc=-10066.0, bbb=1066.0, ddd=462.7234500000015}
20:43:17.319 [Test worker] TRACE org.xlbean.data.TableValueLoader - {aaa=68.0, ccc=-10067.0, bbb=1067.0, ddd=462.8234500000015}
20:43:17.324 [Test worker] TRACE org.xlbean.data.TableValueLoader - {aaa=69.0, ccc=-10068.0, bbb=1068.0, ddd=462.92345000000154}
20:43:17.332 [Test worker] TRACE org.xlbean.data.TableValueLoader - {aaa=70.0, ccc=-10069.0, bbb=1069.0, ddd=463.02345000000156}
20:43:17.337 [Test worker] TRACE org.xlbean.data.TableValueLoader - {aaa=71.0, ccc=-10070.0, bbb=1070.0, ddd=463.1234500000016}
20:43:17.346 [Test worker] TRACE org.xlbean.data.TableValueLoader - {aaa=72.0, ccc=-10071.0, bbb=1071.0, ddd=463.2234500000016}
20:43:17.349 [Test worker] TRACE org.xlbean.data.TableValueLoader - {aaa=73.0, ccc=-10072.0, bbb=1072.0, ddd=463.3234500000016}
20:43:17.352 [Test worker] TRACE org.xlbean.data.TableValueLoader - {aaa=74.0, ccc=-10073.0, bbb=1073.0, ddd=463.42345000000165}
20:43:17.355 [Test worker] TRACE org.xlbean.data.TableValueLoader - {aaa=75.0, ccc=-10074.0, bbb=1074.0, ddd=463.5234500000017}
20:43:17.359 [Test worker] TRACE org.xlbean.data.TableValueLoader - {aaa=76.0, ccc=-10075.0, bbb=1075.0, ddd=463.6234500000017}
20:43:17.361 [Test worker] TRACE org.xlbean.data.TableValueLoader - {aaa=77.0, ccc=-10076.0, bbb=1076.0, ddd=463.7234500000017}
20:43:17.363 [Test worker] TRACE org.xlbean.data.TableValueLoader - {aaa=78.0, ccc=-10077.0, bbb=1077.0, ddd=463.82345000000174}
20:43:17.365 [Test worker] TRACE org.xlbean.data.TableValueLoader - {aaa=79.0, ccc=-10078.0, bbb=1078.0, ddd=463.92345000000176}
20:43:17.367 [Test worker] TRACE org.xlbean.data.TableValueLoader - {aaa=80.0, ccc=-10079.0, bbb=1079.0, ddd=464.0234500000018}
20:43:17.369 [Test worker] TRACE org.xlbean.data.TableValueLoader - {aaa=81.0, ccc=-10080.0, bbb=1080.0, ddd=464.1234500000018}
20:43:17.371 [Test worker] TRACE org.xlbean.data.TableValueLoader - {aaa=82.0, ccc=-10081.0, bbb=1081.0, ddd=464.22345000000183}
20:43:17.374 [Test worker] TRACE org.xlbean.data.TableValueLoader - {aaa=83.0, ccc=-10082.0, bbb=1082.0, ddd=464.32345000000186}
20:43:17.376 [Test worker] TRACE org.xlbean.data.TableValueLoader - {aaa=84.0, ccc=-10083.0, bbb=1083.0, ddd=464.4234500000019}
20:43:17.377 [Test worker] TRACE org.xlbean.data.TableValueLoader - {aaa=85.0, ccc=-10084.0, bbb=1084.0, ddd=464.5234500000019}
20:43:17.380 [Test worker] TRACE org.xlbean.data.TableValueLoader - {aaa=86.0, ccc=-10085.0, bbb=1085.0, ddd=464.6234500000019}
20:43:17.384 [Test worker] TRACE org.xlbean.data.TableValueLoader - {aaa=87.0, ccc=-10086.0, bbb=1086.0, ddd=464.72345000000195}
20:43:17.387 [Test worker] TRACE org.xlbean.data.TableValueLoader - {aaa=88.0, ccc=-10087.0, bbb=1087.0, ddd=464.82345000000197}
20:43:17.389 [Test worker] TRACE org.xlbean.data.TableValueLoader - {aaa=89.0, ccc=-10088.0, bbb=1088.0, ddd=464.923450000002}
20:43:17.391 [Test worker] TRACE org.xlbean.data.TableValueLoader - {aaa=90.0, ccc=-10089.0, bbb=1089.0, ddd=465.023450000002}
20:43:17.393 [Test worker] TRACE org.xlbean.data.TableValueLoader - {aaa=91.0, ccc=-10090.0, bbb=1090.0, ddd=465.12345000000204}
20:43:17.395 [Test worker] TRACE org.xlbean.data.TableValueLoader - {aaa=92.0, ccc=-10091.0, bbb=1091.0, ddd=465.22345000000206}
20:43:17.397 [Test worker] TRACE org.xlbean.data.TableValueLoader - {aaa=93.0, ccc=-10092.0, bbb=1092.0, ddd=465.3234500000021}
20:43:17.398 [Test worker] TRACE org.xlbean.data.TableValueLoader - {aaa=94.0, ccc=-10093.0, bbb=1093.0, ddd=465.4234500000021}
20:43:17.399 [Test worker] TRACE org.xlbean.data.TableValueLoader - {aaa=95.0, ccc=-10094.0, bbb=1094.0, ddd=465.52345000000213}
20:43:17.401 [Test worker] TRACE org.xlbean.data.TableValueLoader - {aaa=96.0, ccc=-10095.0, bbb=1095.0, ddd=465.62345000000215}
20:43:17.405 [Test worker] TRACE org.xlbean.data.TableValueLoader - {aaa=97.0, ccc=-10096.0, bbb=1096.0, ddd=465.7234500000022}
20:43:17.406 [Test worker] TRACE org.xlbean.data.TableValueLoader - {aaa=98.0, ccc=-10097.0, bbb=1097.0, ddd=465.8234500000022}
20:43:17.408 [Test worker] TRACE org.xlbean.data.TableValueLoader - {aaa=99.0, ccc=-10098.0, bbb=1098.0, ddd=465.9234500000022}
20:43:17.409 [Test worker] TRACE org.xlbean.data.TableValueLoader - {aaa=100.0, ccc=-10099.0, bbb=1099.0, ddd=466.02345000000224}
20:43:17.410 [Test worker] TRACE org.xlbean.data.TableValueLoader - {aaa=101.0, ccc=-10100.0, bbb=1100.0, ddd=466.12345000000226}
20:43:17.412 [Test worker] TRACE org.xlbean.data.TableValueLoader - {aaa=102.0, ccc=-10101.0, bbb=1101.0, ddd=466.2234500000023}
20:43:17.413 [Test worker] TRACE org.xlbean.data.TableValueLoader - {aaa=103.0, ccc=-10102.0, bbb=1102.0, ddd=466.3234500000023}
20:43:17.414 [Test worker] TRACE org.xlbean.data.TableValueLoader - {aaa=104.0, ccc=-10103.0, bbb=1103.0, ddd=466.42345000000233}
20:43:17.426 [Test worker] TRACE org.xlbean.data.TableValueLoader - {aaa=105.0, ccc=-10104.0, bbb=1104.0, ddd=466.52345000000236}
20:43:17.428 [Test worker] TRACE org.xlbean.data.TableValueLoader - {aaa=106.0, ccc=-10105.0, bbb=1105.0, ddd=466.6234500000024}
20:43:17.432 [Test worker] TRACE org.xlbean.data.TableValueLoader - {aaa=107.0, ccc=-10106.0, bbb=1106.0, ddd=466.7234500000024}
20:43:17.502 [Test worker] TRACE org.xlbean.data.TableValueLoader - {aaa=108.0, ccc=-10107.0, bbb=1107.0, ddd=466.8234500000024}
20:43:17.508 [Test worker] TRACE org.xlbean.data.TableValueLoader - {aaa=109.0, ccc=-10108.0, bbb=1108.0, ddd=466.92345000000245}
20:43:17.515 [Test worker] TRACE org.xlbean.data.TableValueLoader - {aaa=110.0, ccc=-10109.0, bbb=1109.0, ddd=467.02345000000247}
20:43:17.517 [Test worker] TRACE org.xlbean.data.TableValueLoader - {aaa=111.0, ccc=-10110.0, bbb=1110.0, ddd=467.1234500000025}
20:43:17.520 [Test worker] TRACE org.xlbean.data.TableValueLoader - {aaa=112.0, ccc=-10111.0, bbb=1111.0, ddd=467.2234500000025}
20:43:17.525 [Test worker] TRACE org.xlbean.data.TableValueLoader - {aaa=113.0, ccc=-10112.0, bbb=1112.0, ddd=467.32345000000254}
20:43:17.527 [Test worker] TRACE org.xlbean.data.TableValueLoader - {aaa=114.0, ccc=-10113.0, bbb=1113.0, ddd=467.42345000000256}
20:43:17.530 [Test worker] TRACE org.xlbean.data.TableValueLoader - {aaa=115.0, ccc=-10114.0, bbb=1114.0, ddd=467.5234500000026}
20:43:17.532 [Test worker] TRACE org.xlbean.data.TableValueLoader - {aaa=116.0, ccc=-10115.0, bbb=1115.0, ddd=467.6234500000026}
20:43:17.535 [Test worker] TRACE org.xlbean.data.TableValueLoader - {aaa=117.0, ccc=-10116.0, bbb=1116.0, ddd=467.72345000000263}
20:43:17.545 [Test worker] TRACE org.xlbean.data.TableValueLoader - {aaa=118.0, ccc=-10117.0, bbb=1117.0, ddd=467.82345000000265}
20:43:17.573 [Test worker] TRACE org.xlbean.data.TableValueLoader - {aaa=119.0, ccc=-10118.0, bbb=1118.0, ddd=467.9234500000027}
20:43:17.576 [Test worker] TRACE org.xlbean.data.TableValueLoader - {aaa=120.0, ccc=-10119.0, bbb=1119.0, ddd=468.0234500000027}
20:43:17.577 [Test worker] TRACE org.xlbean.data.TableValueLoader - {aaa=121.0, ccc=-10120.0, bbb=1120.0, ddd=468.1234500000027}
20:43:17.587 [Test worker] TRACE org.xlbean.data.TableValueLoader - {aaa=122.0, ccc=-10121.0, bbb=1121.0, ddd=468.22345000000274}
20:43:17.589 [Test worker] TRACE org.xlbean.data.TableValueLoader - {aaa=123.0, ccc=-10122.0, bbb=1122.0, ddd=468.32345000000277}
20:43:17.594 [Test worker] TRACE org.xlbean.data.TableValueLoader - {aaa=124.0, ccc=-10123.0, bbb=1123.0, ddd=468.4234500000028}
20:43:17.596 [Test worker] TRACE org.xlbean.data.TableValueLoader - {aaa=125.0, ccc=-10124.0, bbb=1124.0, ddd=468.5234500000028}
20:43:17.598 [Test worker] TRACE org.xlbean.data.TableValueLoader - {aaa=126.0, ccc=-10125.0, bbb=1125.0, ddd=468.62345000000283}
20:43:17.599 [Test worker] TRACE org.xlbean.data.TableValueLoader - {aaa=127.0, ccc=-10126.0, bbb=1126.0, ddd=468.72345000000286}
20:43:17.607 [Test worker] TRACE org.xlbean.data.TableValueLoader - {aaa=128.0, ccc=-10127.0, bbb=1127.0, ddd=468.8234500000029}
20:43:17.609 [Test worker] TRACE org.xlbean.data.TableValueLoader - {aaa=129.0, ccc=-10128.0, bbb=1128.0, ddd=468.9234500000029}
20:43:17.611 [Test worker] TRACE org.xlbean.data.TableValueLoader - {aaa=130.0, ccc=-10129.0, bbb=1129.0, ddd=469.0234500000029}
20:43:17.613 [Test worker] TRACE org.xlbean.data.TableValueLoader - {aaa=131.0, ccc=-10130.0, bbb=1130.0, ddd=469.12345000000295}
20:43:17.622 [Test worker] TRACE org.xlbean.data.TableValueLoader - {aaa=132.0, ccc=-10131.0, bbb=1131.0, ddd=469.22345000000297}
20:43:17.623 [Test worker] TRACE org.xlbean.data.TableValueLoader - {aaa=133.0, ccc=-10132.0, bbb=1132.0, ddd=469.323450000003}
20:43:17.626 [Test worker] TRACE org.xlbean.data.TableValueLoader - {aaa=134.0, ccc=-10133.0, bbb=1133.0, ddd=469.423450000003}
20:43:17.629 [Test worker] TRACE org.xlbean.data.TableValueLoader - {aaa=135.0, ccc=-10134.0, bbb=1134.0, ddd=469.52345000000304}
20:43:17.631 [Test worker] TRACE org.xlbean.data.TableValueLoader - {aaa=136.0, ccc=-10135.0, bbb=1135.0, ddd=469.62345000000306}
20:43:17.635 [Test worker] TRACE org.xlbean.data.TableValueLoader - {aaa=137.0, ccc=-10136.0, bbb=1136.0, ddd=469.7234500000031}
20:43:17.637 [Test worker] TRACE org.xlbean.data.TableValueLoader - {aaa=138.0, ccc=-10137.0, bbb=1137.0, ddd=469.8234500000031}
20:43:17.639 [Test worker] TRACE org.xlbean.data.TableValueLoader - {aaa=139.0, ccc=-10138.0, bbb=1138.0, ddd=469.92345000000313}
20:43:17.640 [Test worker] TRACE org.xlbean.data.TableValueLoader - {aaa=140.0, ccc=-10139.0, bbb=1139.0, ddd=470.02345000000315}
20:43:17.642 [Test worker] TRACE org.xlbean.data.TableValueLoader - {aaa=141.0, ccc=-10140.0, bbb=1140.0, ddd=470.1234500000032}
20:43:17.647 [Test worker] TRACE org.xlbean.data.TableValueLoader - {aaa=142.0, ccc=-10141.0, bbb=1141.0, ddd=470.2234500000032}
20:43:17.648 [Test worker] TRACE org.xlbean.data.TableValueLoader - {aaa=143.0, ccc=-10142.0, bbb=1142.0, ddd=470.3234500000032}
20:43:17.651 [Test worker] TRACE org.xlbean.data.TableValueLoader - {aaa=144.0, ccc=-10143.0, bbb=1143.0, ddd=470.42345000000324}
20:43:17.652 [Test worker] TRACE org.xlbean.data.TableValueLoader - {aaa=145.0, ccc=-10144.0, bbb=1144.0, ddd=470.52345000000327}
20:43:17.653 [Test worker] TRACE org.xlbean.data.TableValueLoader - {aaa=146.0, ccc=-10145.0, bbb=1145.0, ddd=470.6234500000033}
20:43:17.656 [Test worker] TRACE org.xlbean.data.TableValueLoader - {aaa=147.0, ccc=-10146.0, bbb=1146.0, ddd=470.7234500000033}
20:43:17.657 [Test worker] TRACE org.xlbean.data.TableValueLoader - {aaa=148.0, ccc=-10147.0, bbb=1147.0, ddd=470.82345000000333}
20:43:17.659 [Test worker] TRACE org.xlbean.data.TableValueLoader - {aaa=149.0, ccc=-10148.0, bbb=1148.0, ddd=470.92345000000336}
20:43:17.661 [Test worker] TRACE org.xlbean.data.TableValueLoader - {aaa=150.0, ccc=-10149.0, bbb=1149.0, ddd=471.0234500000034}
20:43:17.662 [Test worker] TRACE org.xlbean.data.TableValueLoader - {aaa=151.0, ccc=-10150.0, bbb=1150.0, ddd=471.1234500000034}
20:43:17.669 [Test worker] TRACE org.xlbean.data.TableValueLoader - {aaa=152.0, ccc=-10151.0, bbb=1151.0, ddd=471.2234500000034}
20:43:17.673 [Test worker] TRACE org.xlbean.data.TableValueLoader - {aaa=153.0, ccc=-10152.0, bbb=1152.0, ddd=471.32345000000345}
20:43:17.676 [Test worker] TRACE org.xlbean.data.TableValueLoader - {aaa=154.0, ccc=-10153.0, bbb=1153.0, ddd=471.42345000000347}
20:43:17.677 [Test worker] TRACE org.xlbean.data.TableValueLoader - {aaa=155.0, ccc=-10154.0, bbb=1154.0, ddd=471.5234500000035}
20:43:17.679 [Test worker] TRACE org.xlbean.data.TableValueLoader - {aaa=156.0, ccc=-10155.0, bbb=1155.0, ddd=471.6234500000035}
20:43:17.683 [Test worker] TRACE org.xlbean.data.TableValueLoader - {aaa=157.0, ccc=-10156.0, bbb=1156.0, ddd=471.72345000000354}
20:43:17.685 [Test worker] TRACE org.xlbean.data.TableValueLoader - {aaa=158.0, ccc=-10157.0, bbb=1157.0, ddd=471.82345000000356}
20:43:17.687 [Test worker] TRACE org.xlbean.data.TableValueLoader - {aaa=159.0, ccc=-10158.0, bbb=1158.0, ddd=471.9234500000036}
20:43:17.688 [Test worker] TRACE org.xlbean.data.TableValueLoader - {aaa=160.0, ccc=-10159.0, bbb=1159.0, ddd=472.0234500000036}
20:43:17.690 [Test worker] TRACE org.xlbean.data.TableValueLoader - {aaa=161.0, ccc=-10160.0, bbb=1160.0, ddd=472.12345000000363}
20:43:17.692 [Test worker] TRACE org.xlbean.data.TableValueLoader - {aaa=162.0, ccc=-10161.0, bbb=1161.0, ddd=472.22345000000365}
20:43:17.694 [Test worker] TRACE org.xlbean.data.TableValueLoader - {aaa=163.0, ccc=-10162.0, bbb=1162.0, ddd=472.3234500000037}
20:43:17.695 [Test worker] TRACE org.xlbean.data.TableValueLoader - {aaa=164.0, ccc=-10163.0, bbb=1163.0, ddd=472.4234500000037}
20:43:17.696 [Test worker] TRACE org.xlbean.data.TableValueLoader - {aaa=165.0, ccc=-10164.0, bbb=1164.0, ddd=472.5234500000037}
20:43:17.698 [Test worker] TRACE org.xlbean.data.TableValueLoader - {aaa=166.0, ccc=-10165.0, bbb=1165.0, ddd=472.62345000000374}
20:43:17.703 [Test worker] TRACE org.xlbean.data.TableValueLoader - {aaa=167.0, ccc=-10166.0, bbb=1166.0, ddd=472.72345000000377}
20:43:17.705 [Test worker] TRACE org.xlbean.data.TableValueLoader - {aaa=168.0, ccc=-10167.0, bbb=1167.0, ddd=472.8234500000038}
20:43:17.706 [Test worker] TRACE org.xlbean.data.TableValueLoader - {aaa=169.0, ccc=-10168.0, bbb=1168.0, ddd=472.9234500000038}
20:43:17.708 [Test worker] TRACE org.xlbean.data.TableValueLoader - {aaa=170.0, ccc=-10169.0, bbb=1169.0, ddd=473.02345000000383}
20:43:17.710 [Test worker] TRACE org.xlbean.data.TableValueLoader - {aaa=171.0, ccc=-10170.0, bbb=1170.0, ddd=473.12345000000386}
20:43:17.715 [Test worker] TRACE org.xlbean.data.TableValueLoader - {aaa=172.0, ccc=-10171.0, bbb=1171.0, ddd=473.2234500000039}
20:43:17.716 [Test worker] TRACE org.xlbean.data.TableValueLoader - {aaa=173.0, ccc=-10172.0, bbb=1172.0, ddd=473.3234500000039}
20:43:17.718 [Test worker] TRACE org.xlbean.data.TableValueLoader - {aaa=174.0, ccc=-10173.0, bbb=1173.0, ddd=473.4234500000039}
20:43:17.723 [Test worker] TRACE org.xlbean.data.TableValueLoader - {aaa=175.0, ccc=-10174.0, bbb=1174.0, ddd=473.52345000000395}
20:43:17.725 [Test worker] TRACE org.xlbean.data.TableValueLoader - {aaa=176.0, ccc=-10175.0, bbb=1175.0, ddd=473.62345000000397}
20:43:17.727 [Test worker] TRACE org.xlbean.data.TableValueLoader - {aaa=177.0, ccc=-10176.0, bbb=1176.0, ddd=473.723450000004}
20:43:17.729 [Test worker] TRACE org.xlbean.data.TableValueLoader - {aaa=178.0, ccc=-10177.0, bbb=1177.0, ddd=473.823450000004}
20:43:17.732 [Test worker] TRACE org.xlbean.data.TableValueLoader - {aaa=179.0, ccc=-10178.0, bbb=1178.0, ddd=473.92345000000404}
20:43:17.734 [Test worker] TRACE org.xlbean.data.TableValueLoader - {aaa=180.0, ccc=-10179.0, bbb=1179.0, ddd=474.02345000000406}
20:43:17.736 [Test worker] TRACE org.xlbean.data.TableValueLoader - {aaa=181.0, ccc=-10180.0, bbb=1180.0, ddd=474.1234500000041}
20:43:17.737 [Test worker] TRACE org.xlbean.data.TableValueLoader - {aaa=182.0, ccc=-10181.0, bbb=1181.0, ddd=474.2234500000041}
20:43:17.738 [Test worker] TRACE org.xlbean.data.TableValueLoader - {aaa=183.0, ccc=-10182.0, bbb=1182.0, ddd=474.32345000000413}
20:43:17.743 [Test worker] TRACE org.xlbean.data.TableValueLoader - {aaa=184.0, ccc=-10183.0, bbb=1183.0, ddd=474.42345000000415}
20:43:17.746 [Test worker] TRACE org.xlbean.data.TableValueLoader - {aaa=185.0, ccc=-10184.0, bbb=1184.0, ddd=474.5234500000042}
20:43:17.747 [Test worker] TRACE org.xlbean.data.TableValueLoader - {aaa=186.0, ccc=-10185.0, bbb=1185.0, ddd=474.6234500000042}
20:43:17.749 [Test worker] TRACE org.xlbean.data.TableValueLoader - {aaa=187.0, ccc=-10186.0, bbb=1186.0, ddd=474.7234500000042}
20:43:17.751 [Test worker] TRACE org.xlbean.data.TableValueLoader - {aaa=188.0, ccc=-10187.0, bbb=1187.0, ddd=474.82345000000424}
20:43:17.753 [Test worker] TRACE org.xlbean.data.TableValueLoader - {aaa=189.0, ccc=-10188.0, bbb=1188.0, ddd=474.92345000000427}
20:43:17.754 [Test worker] TRACE org.xlbean.data.TableValueLoader - {aaa=190.0, ccc=-10189.0, bbb=1189.0, ddd=475.0234500000043}
20:43:17.755 [Test worker] TRACE org.xlbean.data.TableValueLoader - {aaa=191.0, ccc=-10190.0, bbb=1190.0, ddd=475.1234500000043}
20:43:17.756 [Test worker] TRACE org.xlbean.data.TableValueLoader - {aaa=192.0, ccc=-10191.0, bbb=1191.0, ddd=475.22345000000433}
20:43:17.757 [Test worker] TRACE org.xlbean.data.TableValueLoader - {aaa=193.0, ccc=-10192.0, bbb=1192.0, ddd=475.32345000000436}
20:43:17.759 [Test worker] TRACE org.xlbean.data.TableValueLoader - {aaa=194.0, ccc=-10193.0, bbb=1193.0, ddd=475.4234500000044}
20:43:17.761 [Test worker] TRACE org.xlbean.data.TableValueLoader - {aaa=195.0, ccc=-10194.0, bbb=1194.0, ddd=475.5234500000044}
20:43:17.762 [Test worker] TRACE org.xlbean.data.TableValueLoader - {aaa=196.0, ccc=-10195.0, bbb=1195.0, ddd=475.6234500000044}
20:43:17.764 [Test worker] TRACE org.xlbean.data.TableValueLoader - {aaa=197.0, ccc=-10196.0, bbb=1196.0, ddd=475.72345000000445}
20:43:17.765 [Test worker] TRACE org.xlbean.data.TableValueLoader - {aaa=198.0, ccc=-10197.0, bbb=1197.0, ddd=475.82345000000447}
20:43:17.766 [Test worker] TRACE org.xlbean.data.TableValueLoader - {aaa=199.0, ccc=-10198.0, bbb=1198.0, ddd=475.9234500000045}
20:43:17.769 [Test worker] TRACE org.xlbean.data.TableValueLoader - {aaa=200.0, ccc=-10199.0, bbb=1199.0, ddd=476.0234500000045}
20:43:17.773 [Test worker] TRACE org.xlbean.data.TableValueLoader - {aaa=201.0, ccc=-10200.0, bbb=1200.0, ddd=476.12345000000454}
20:43:17.776 [Test worker] TRACE org.xlbean.data.TableValueLoader - {aaa=202.0, ccc=-10201.0, bbb=1201.0, ddd=476.22345000000456}
20:43:17.779 [Test worker] TRACE org.xlbean.data.TableValueLoader - {aaa=203.0, ccc=-10202.0, bbb=1202.0, ddd=476.3234500000046}
20:43:17.781 [Test worker] TRACE org.xlbean.data.TableValueLoader - {aaa=204.0, ccc=-10203.0, bbb=1203.0, ddd=476.4234500000046}
20:43:17.784 [Test worker] TRACE org.xlbean.data.TableValueLoader - {aaa=205.0, ccc=-10204.0, bbb=1204.0, ddd=476.52345000000463}
20:43:17.785 [Test worker] TRACE org.xlbean.data.TableValueLoader - {aaa=206.0, ccc=-10205.0, bbb=1205.0, ddd=476.62345000000465}
20:43:17.786 [Test worker] TRACE org.xlbean.data.TableValueLoader - {aaa=207.0, ccc=-10206.0, bbb=1206.0, ddd=476.7234500000047}
20:43:17.787 [Test worker] TRACE org.xlbean.data.TableValueLoader - {aaa=208.0, ccc=-10207.0, bbb=1207.0, ddd=476.8234500000047}
20:43:17.788 [Test worker] TRACE org.xlbean.data.TableValueLoader - {aaa=209.0, ccc=-10208.0, bbb=1208.0, ddd=476.9234500000047}
20:43:17.790 [Test worker] TRACE org.xlbean.data.TableValueLoader - {aaa=210.0, ccc=-10209.0, bbb=1209.0, ddd=477.02345000000474}
20:43:17.791 [Test worker] TRACE org.xlbean.data.TableValueLoader - {aaa=211.0, ccc=-10210.0, bbb=1210.0, ddd=477.12345000000477}
20:43:17.793 [Test worker] TRACE org.xlbean.data.TableValueLoader - {aaa=212.0, ccc=-10211.0, bbb=1211.0, ddd=477.2234500000048}
20:43:17.794 [Test worker] TRACE org.xlbean.data.TableValueLoader - {aaa=213.0, ccc=-10212.0, bbb=1212.0, ddd=477.3234500000048}
20:43:17.795 [Test worker] TRACE org.xlbean.data.TableValueLoader - {aaa=214.0, ccc=-10213.0, bbb=1213.0, ddd=477.42345000000483}
20:43:17.796 [Test worker] TRACE org.xlbean.data.TableValueLoader - {aaa=215.0, ccc=-10214.0, bbb=1214.0, ddd=477.52345000000486}
20:43:17.797 [Test worker] TRACE org.xlbean.data.TableValueLoader - {aaa=216.0, ccc=-10215.0, bbb=1215.0, ddd=477.6234500000049}
20:43:17.797 [Test worker] TRACE org.xlbean.data.TableValueLoader - {aaa=217.0, ccc=-10216.0, bbb=1216.0, ddd=477.7234500000049}
20:43:17.798 [Test worker] TRACE org.xlbean.data.TableValueLoader - {aaa=218.0, ccc=-10217.0, bbb=1217.0, ddd=477.8234500000049}
20:43:17.799 [Test worker] TRACE org.xlbean.data.TableValueLoader - {aaa=219.0, ccc=-10218.0, bbb=1218.0, ddd=477.92345000000495}
20:43:17.800 [Test worker] TRACE org.xlbean.data.TableValueLoader - {aaa=220.0, ccc=-10219.0, bbb=1219.0, ddd=478.02345000000497}
20:43:17.801 [Test worker] TRACE org.xlbean.data.TableValueLoader - {aaa=221.0, ccc=-10220.0, bbb=1220.0, ddd=478.123450000005}
20:43:17.802 [Test worker] TRACE org.xlbean.data.TableValueLoader - {aaa=222.0, ccc=-10221.0, bbb=1221.0, ddd=478.223450000005}
20:43:17.803 [Test worker] TRACE org.xlbean.data.TableValueLoader - {aaa=223.0, ccc=-10222.0, bbb=1222.0, ddd=478.32345000000504}
20:43:17.804 [Test worker] TRACE org.xlbean.data.TableValueLoader - {aaa=224.0, ccc=-10223.0, bbb=1223.0, ddd=478.42345000000506}
20:43:17.805 [Test worker] TRACE org.xlbean.data.TableValueLoader - {aaa=225.0, ccc=-10224.0, bbb=1224.0, ddd=478.5234500000051}
20:43:17.806 [Test worker] TRACE org.xlbean.data.TableValueLoader - {aaa=226.0, ccc=-10225.0, bbb=1225.0, ddd=478.6234500000051}
20:43:17.807 [Test worker] TRACE org.xlbean.data.TableValueLoader - {aaa=227.0, ccc=-10226.0, bbb=1226.0, ddd=478.72345000000513}
20:43:17.808 [Test worker] TRACE org.xlbean.data.TableValueLoader - {aaa=228.0, ccc=-10227.0, bbb=1227.0, ddd=478.82345000000515}
20:43:17.809 [Test worker] TRACE org.xlbean.data.TableValueLoader - {aaa=229.0, ccc=-10228.0, bbb=1228.0, ddd=478.9234500000052}
20:43:17.811 [Test worker] TRACE org.xlbean.data.TableValueLoader - {aaa=230.0, ccc=-10229.0, bbb=1229.0, ddd=479.0234500000052}
20:43:17.812 [Test worker] TRACE org.xlbean.data.TableValueLoader - {aaa=231.0, ccc=-10230.0, bbb=1230.0, ddd=479.1234500000052}
20:43:17.813 [Test worker] TRACE org.xlbean.data.TableValueLoader - {aaa=232.0, ccc=-10231.0, bbb=1231.0, ddd=479.22345000000524}
20:43:17.815 [Test worker] TRACE org.xlbean.data.TableValueLoader - {aaa=233.0, ccc=-10232.0, bbb=1232.0, ddd=479.32345000000527}
20:43:17.816 [Test worker] TRACE org.xlbean.data.TableValueLoader - {aaa=234.0, ccc=-10233.0, bbb=1233.0, ddd=479.4234500000053}
20:43:17.818 [Test worker] TRACE org.xlbean.data.TableValueLoader - {aaa=235.0, ccc=-10234.0, bbb=1234.0, ddd=479.5234500000053}
20:43:17.819 [Test worker] TRACE org.xlbean.data.TableValueLoader - {aaa=236.0, ccc=-10235.0, bbb=1235.0, ddd=479.62345000000533}
20:43:17.820 [Test worker] TRACE org.xlbean.data.TableValueLoader - {aaa=237.0, ccc=-10236.0, bbb=1236.0, ddd=479.72345000000536}
20:43:17.821 [Test worker] TRACE org.xlbean.data.TableValueLoader - {aaa=238.0, ccc=-10237.0, bbb=1237.0, ddd=479.8234500000054}
20:43:17.822 [Test worker] TRACE org.xlbean.data.TableValueLoader - {aaa=239.0, ccc=-10238.0, bbb=1238.0, ddd=479.9234500000054}
20:43:17.823 [Test worker] TRACE org.xlbean.data.TableValueLoader - {aaa=240.0, ccc=-10239.0, bbb=1239.0, ddd=480.0234500000054}
20:43:17.824 [Test worker] TRACE org.xlbean.data.TableValueLoader - {aaa=241.0, ccc=-10240.0, bbb=1240.0, ddd=480.12345000000545}
20:43:17.824 [Test worker] TRACE org.xlbean.data.TableValueLoader - {aaa=242.0, ccc=-10241.0, bbb=1241.0, ddd=480.22345000000547}
20:43:17.825 [Test worker] TRACE org.xlbean.data.TableValueLoader - {aaa=243.0, ccc=-10242.0, bbb=1242.0, ddd=480.3234500000055}
20:43:17.826 [Test worker] TRACE org.xlbean.data.TableValueLoader - {aaa=244.0, ccc=-10243.0, bbb=1243.0, ddd=480.4234500000055}
20:43:17.827 [Test worker] TRACE org.xlbean.data.TableValueLoader - {aaa=245.0, ccc=-10244.0, bbb=1244.0, ddd=480.52345000000554}
20:43:17.828 [Test worker] TRACE org.xlbean.data.TableValueLoader - {aaa=246.0, ccc=-10245.0, bbb=1245.0, ddd=480.62345000000556}
20:43:17.828 [Test worker] TRACE org.xlbean.data.TableValueLoader - {aaa=247.0, ccc=-10246.0, bbb=1246.0, ddd=480.7234500000056}
20:43:17.829 [Test worker] TRACE org.xlbean.data.TableValueLoader - {aaa=248.0, ccc=-10247.0, bbb=1247.0, ddd=480.8234500000056}
20:43:17.830 [Test worker] TRACE org.xlbean.data.TableValueLoader - {aaa=249.0, ccc=-10248.0, bbb=1248.0, ddd=480.92345000000563}
20:43:17.831 [Test worker] TRACE org.xlbean.data.TableValueLoader - {aaa=250.0, ccc=-10249.0, bbb=1249.0, ddd=481.02345000000565}
20:43:17.832 [Test worker] TRACE org.xlbean.data.TableValueLoader - {aaa=251.0, ccc=-10250.0, bbb=1250.0, ddd=481.1234500000057}
20:43:17.833 [Test worker] TRACE org.xlbean.data.TableValueLoader - {aaa=252.0, ccc=-10251.0, bbb=1251.0, ddd=481.2234500000057}
20:43:17.835 [Test worker] TRACE org.xlbean.data.TableValueLoader - {aaa=253.0, ccc=-10252.0, bbb=1252.0, ddd=481.3234500000057}
20:43:17.837 [Test worker] TRACE org.xlbean.data.TableValueLoader - {aaa=254.0, ccc=-10253.0, bbb=1253.0, ddd=481.42345000000574}
20:43:17.840 [Test worker] TRACE org.xlbean.data.TableValueLoader - {aaa=255.0, ccc=-10254.0, bbb=1254.0, ddd=481.52345000000577}
20:43:17.844 [Test worker] TRACE org.xlbean.data.TableValueLoader - {aaa=256.0, ccc=-10255.0, bbb=1255.0, ddd=481.6234500000058}
20:43:17.847 [Test worker] TRACE org.xlbean.data.TableValueLoader - {aaa=257.0, ccc=-10256.0, bbb=1256.0, ddd=481.7234500000058}
20:43:17.851 [Test worker] TRACE org.xlbean.data.TableValueLoader - {aaa=258.0, ccc=-10257.0, bbb=1257.0, ddd=481.82345000000583}
20:43:17.854 [Test worker] TRACE org.xlbean.data.TableValueLoader - {aaa=259.0, ccc=-10258.0, bbb=1258.0, ddd=481.92345000000586}
20:43:17.858 [Test worker] TRACE org.xlbean.data.TableValueLoader - {aaa=260.0, ccc=-10259.0, bbb=1259.0, ddd=482.0234500000059}
20:43:17.861 [Test worker] TRACE org.xlbean.data.TableValueLoader - {aaa=261.0, ccc=-10260.0, bbb=1260.0, ddd=482.1234500000059}
20:43:17.864 [Test worker] TRACE org.xlbean.data.TableValueLoader - {aaa=262.0, ccc=-10261.0, bbb=1261.0, ddd=482.2234500000059}
20:43:17.866 [Test worker] TRACE org.xlbean.data.TableValueLoader - {aaa=263.0, ccc=-10262.0, bbb=1262.0, ddd=482.32345000000595}
20:43:17.869 [Test worker] TRACE org.xlbean.data.TableValueLoader - {aaa=264.0, ccc=-10263.0, bbb=1263.0, ddd=482.42345000000597}
20:43:17.872 [Test worker] TRACE org.xlbean.data.TableValueLoader - {aaa=265.0, ccc=-10264.0, bbb=1264.0, ddd=482.523450000006}
20:43:17.874 [Test worker] TRACE org.xlbean.data.TableValueLoader - {aaa=266.0, ccc=-10265.0, bbb=1265.0, ddd=482.623450000006}
20:43:17.877 [Test worker] TRACE org.xlbean.data.TableValueLoader - {aaa=267.0, ccc=-10266.0, bbb=1266.0, ddd=482.72345000000604}
20:43:17.882 [Test worker] TRACE org.xlbean.data.TableValueLoader - {aaa=268.0, ccc=-10267.0, bbb=1267.0, ddd=482.82345000000606}
20:43:17.886 [Test worker] TRACE org.xlbean.data.TableValueLoader - {aaa=269.0, ccc=-10268.0, bbb=1268.0, ddd=482.9234500000061}
20:43:17.890 [Test worker] TRACE org.xlbean.data.TableValueLoader - {aaa=270.0, ccc=-10269.0, bbb=1269.0, ddd=483.0234500000061}
20:43:17.894 [Test worker] TRACE org.xlbean.data.TableValueLoader - {aaa=271.0, ccc=-10270.0, bbb=1270.0, ddd=483.12345000000613}
20:43:17.898 [Test worker] TRACE org.xlbean.data.TableValueLoader - {aaa=272.0, ccc=-10271.0, bbb=1271.0, ddd=483.22345000000615}
20:43:17.901 [Test worker] TRACE org.xlbean.data.TableValueLoader - {aaa=273.0, ccc=-10272.0, bbb=1272.0, ddd=483.3234500000062}
20:43:17.904 [Test worker] TRACE org.xlbean.data.TableValueLoader - {aaa=274.0, ccc=-10273.0, bbb=1273.0, ddd=483.4234500000062}
20:43:17.907 [Test worker] TRACE org.xlbean.data.TableValueLoader - {aaa=275.0, ccc=-10274.0, bbb=1274.0, ddd=483.5234500000062}
20:43:17.911 [Test worker] TRACE org.xlbean.data.TableValueLoader - {aaa=276.0, ccc=-10275.0, bbb=1275.0, ddd=483.62345000000624}
20:43:17.914 [Test worker] TRACE org.xlbean.data.TableValueLoader - {aaa=277.0, ccc=-10276.0, bbb=1276.0, ddd=483.72345000000627}
20:43:17.919 [Test worker] TRACE org.xlbean.data.TableValueLoader - {aaa=278.0, ccc=-10277.0, bbb=1277.0, ddd=483.8234500000063}
20:43:17.923 [Test worker] TRACE org.xlbean.data.TableValueLoader - {aaa=279.0, ccc=-10278.0, bbb=1278.0, ddd=483.9234500000063}
20:43:17.926 [Test worker] TRACE org.xlbean.data.TableValueLoader - {aaa=280.0, ccc=-10279.0, bbb=1279.0, ddd=484.02345000000633}
20:43:17.929 [Test worker] TRACE org.xlbean.data.TableValueLoader - {aaa=281.0, ccc=-10280.0, bbb=1280.0, ddd=484.12345000000636}
20:43:17.932 [Test worker] TRACE org.xlbean.data.TableValueLoader - {aaa=282.0, ccc=-10281.0, bbb=1281.0, ddd=484.2234500000064}
20:43:17.937 [Test worker] TRACE org.xlbean.data.TableValueLoader - {aaa=283.0, ccc=-10282.0, bbb=1282.0, ddd=484.3234500000064}
20:43:17.941 [Test worker] TRACE org.xlbean.data.TableValueLoader - {aaa=284.0, ccc=-10283.0, bbb=1283.0, ddd=484.4234500000064}
20:43:17.946 [Test worker] TRACE org.xlbean.data.TableValueLoader - {aaa=285.0, ccc=-10284.0, bbb=1284.0, ddd=484.52345000000645}
20:43:17.949 [Test worker] TRACE org.xlbean.data.TableValueLoader - {aaa=286.0, ccc=-10285.0, bbb=1285.0, ddd=484.62345000000647}
20:43:17.953 [Test worker] TRACE org.xlbean.data.TableValueLoader - {aaa=287.0, ccc=-10286.0, bbb=1286.0, ddd=484.7234500000065}
20:43:17.956 [Test worker] TRACE org.xlbean.data.TableValueLoader - {aaa=288.0, ccc=-10287.0, bbb=1287.0, ddd=484.8234500000065}
20:43:17.960 [Test worker] TRACE org.xlbean.data.TableValueLoader - {aaa=289.0, ccc=-10288.0, bbb=1288.0, ddd=484.92345000000654}
20:43:17.964 [Test worker] TRACE org.xlbean.data.TableValueLoader - {aaa=290.0, ccc=-10289.0, bbb=1289.0, ddd=485.02345000000656}
20:43:17.967 [Test worker] TRACE org.xlbean.data.TableValueLoader - {aaa=291.0, ccc=-10290.0, bbb=1290.0, ddd=485.1234500000066}
20:43:17.972 [Test worker] TRACE org.xlbean.data.TableValueLoader - {aaa=292.0, ccc=-10291.0, bbb=1291.0, ddd=485.2234500000066}
20:43:17.976 [Test worker] TRACE org.xlbean.data.TableValueLoader - {aaa=293.0, ccc=-10292.0, bbb=1292.0, ddd=485.32345000000663}
20:43:17.981 [Test worker] TRACE org.xlbean.data.TableValueLoader - {aaa=294.0, ccc=-10293.0, bbb=1293.0, ddd=485.42345000000665}
20:43:17.986 [Test worker] TRACE org.xlbean.data.TableValueLoader - {aaa=295.0, ccc=-10294.0, bbb=1294.0, ddd=485.5234500000067}
20:43:17.991 [Test worker] TRACE org.xlbean.data.TableValueLoader - {aaa=296.0, ccc=-10295.0, bbb=1295.0, ddd=485.6234500000067}
20:43:17.997 [Test worker] TRACE org.xlbean.data.TableValueLoader - {aaa=297.0, ccc=-10296.0, bbb=1296.0, ddd=485.7234500000067}
20:43:18.000 [Test worker] TRACE org.xlbean.data.TableValueLoader - {aaa=298.0, ccc=-10297.0, bbb=1297.0, ddd=485.82345000000674}
20:43:18.004 [Test worker] TRACE org.xlbean.data.TableValueLoader - {aaa=299.0, ccc=-10298.0, bbb=1298.0, ddd=485.92345000000677}
20:43:18.009 [Test worker] TRACE org.xlbean.data.TableValueLoader - {aaa=300.0, ccc=-10299.0, bbb=1299.0, ddd=486.0234500000068}
20:43:18.019 [Test worker] TRACE org.xlbean.data.TableValueLoader - {aaa=301.0, ccc=-10300.0, bbb=1300.0, ddd=486.1234500000068}
20:43:18.023 [Test worker] TRACE org.xlbean.data.TableValueLoader - {aaa=302.0, ccc=-10301.0, bbb=1301.0, ddd=486.22345000000684}
20:43:18.026 [Test worker] TRACE org.xlbean.data.TableValueLoader - {aaa=303.0, ccc=-10302.0, bbb=1302.0, ddd=486.32345000000686}
20:43:18.031 [Test worker] TRACE org.xlbean.data.TableValueLoader - {aaa=304.0, ccc=-10303.0, bbb=1303.0, ddd=486.4234500000069}
20:43:18.037 [Test worker] TRACE org.xlbean.data.TableValueLoader - {aaa=305.0, ccc=-10304.0, bbb=1304.0, ddd=486.5234500000069}
20:43:18.041 [Test worker] TRACE org.xlbean.data.TableValueLoader - {aaa=306.0, ccc=-10305.0, bbb=1305.0, ddd=486.6234500000069}
20:43:18.048 [Test worker] TRACE org.xlbean.data.TableValueLoader - {aaa=307.0, ccc=-10306.0, bbb=1306.0, ddd=486.72345000000695}
20:43:18.052 [Test worker] TRACE org.xlbean.data.TableValueLoader - {aaa=308.0, ccc=-10307.0, bbb=1307.0, ddd=486.82345000000697}
20:43:18.055 [Test worker] TRACE org.xlbean.data.TableValueLoader - {aaa=309.0, ccc=-10308.0, bbb=1308.0, ddd=486.923450000007}
20:43:18.059 [Test worker] TRACE org.xlbean.data.TableValueLoader - {aaa=310.0, ccc=-10309.0, bbb=1309.0, ddd=487.023450000007}
20:43:18.063 [Test worker] TRACE org.xlbean.data.TableValueLoader - {aaa=311.0, ccc=-10310.0, bbb=1310.0, ddd=487.12345000000704}
20:43:18.067 [Test worker] TRACE org.xlbean.data.TableValueLoader - {aaa=312.0, ccc=-10311.0, bbb=1311.0, ddd=487.22345000000706}
20:43:18.073 [Test worker] TRACE org.xlbean.data.TableValueLoader - {aaa=313.0, ccc=-10312.0, bbb=1312.0, ddd=487.3234500000071}
20:43:18.080 [Test worker] TRACE org.xlbean.data.TableValueLoader - {aaa=314.0, ccc=-10313.0, bbb=1313.0, ddd=487.4234500000071}
20:43:18.087 [Test worker] TRACE org.xlbean.data.TableValueLoader - {aaa=315.0, ccc=-10314.0, bbb=1314.0, ddd=487.52345000000713}
20:43:18.091 [Test worker] TRACE org.xlbean.data.TableValueLoader - {aaa=316.0, ccc=-10315.0, bbb=1315.0, ddd=487.62345000000715}
20:43:18.107 [Test worker] TRACE org.xlbean.data.TableValueLoader - {aaa=317.0, ccc=-10316.0, bbb=1316.0, ddd=487.7234500000072}
20:43:18.110 [Test worker] TRACE org.xlbean.data.TableValueLoader - {aaa=318.0, ccc=-10317.0, bbb=1317.0, ddd=487.8234500000072}
20:43:18.114 [Test worker] TRACE org.xlbean.data.TableValueLoader - {aaa=319.0, ccc=-10318.0, bbb=1318.0, ddd=487.9234500000072}
20:43:18.120 [Test worker] TRACE org.xlbean.data.TableValueLoader - {aaa=320.0, ccc=-10319.0, bbb=1319.0, ddd=488.02345000000724}
20:43:18.123 [Test worker] TRACE org.xlbean.data.TableValueLoader - {aaa=321.0, ccc=-10320.0, bbb=1320.0, ddd=488.12345000000727}
20:43:18.126 [Test worker] TRACE org.xlbean.data.TableValueLoader - {aaa=322.0, ccc=-10321.0, bbb=1321.0, ddd=488.2234500000073}
20:43:18.129 [Test worker] TRACE org.xlbean.data.TableValueLoader - {aaa=323.0, ccc=-10322.0, bbb=1322.0, ddd=488.3234500000073}
20:43:18.132 [Test worker] TRACE org.xlbean.data.TableValueLoader - {aaa=324.0, ccc=-10323.0, bbb=1323.0, ddd=488.42345000000734}
20:43:18.135 [Test worker] TRACE org.xlbean.data.TableValueLoader - {aaa=325.0, ccc=-10324.0, bbb=1324.0, ddd=488.52345000000736}
20:43:18.138 [Test worker] TRACE org.xlbean.data.TableValueLoader - {aaa=326.0, ccc=-10325.0, bbb=1325.0, ddd=488.6234500000074}
20:43:18.142 [Test worker] TRACE org.xlbean.data.TableValueLoader - {aaa=327.0, ccc=-10326.0, bbb=1326.0, ddd=488.7234500000074}
20:43:18.145 [Test worker] TRACE org.xlbean.data.TableValueLoader - {aaa=328.0, ccc=-10327.0, bbb=1327.0, ddd=488.8234500000074}
20:43:18.148 [Test worker] TRACE org.xlbean.data.TableValueLoader - {aaa=329.0, ccc=-10328.0, bbb=1328.0, ddd=488.92345000000745}
20:43:18.150 [Test worker] TRACE org.xlbean.data.TableValueLoader - {aaa=330.0, ccc=-10329.0, bbb=1329.0, ddd=489.0234500000075}
20:43:18.155 [Test worker] TRACE org.xlbean.data.TableValueLoader - {aaa=331.0, ccc=-10330.0, bbb=1330.0, ddd=489.1234500000075}
20:43:18.158 [Test worker] TRACE org.xlbean.data.TableValueLoader - {aaa=332.0, ccc=-10331.0, bbb=1331.0, ddd=489.2234500000075}
20:43:18.161 [Test worker] TRACE org.xlbean.data.TableValueLoader - {aaa=333.0, ccc=-10332.0, bbb=1332.0, ddd=489.32345000000754}
20:43:18.164 [Test worker] TRACE org.xlbean.data.TableValueLoader - {aaa=334.0, ccc=-10333.0, bbb=1333.0, ddd=489.42345000000756}
20:43:18.167 [Test worker] TRACE org.xlbean.data.TableValueLoader - {aaa=335.0, ccc=-10334.0, bbb=1334.0, ddd=489.5234500000076}
20:43:18.172 [Test worker] TRACE org.xlbean.data.TableValueLoader - {aaa=336.0, ccc=-10335.0, bbb=1335.0, ddd=489.6234500000076}
20:43:18.176 [Test worker] TRACE org.xlbean.data.TableValueLoader - {aaa=337.0, ccc=-10336.0, bbb=1336.0, ddd=489.72345000000763}
20:43:18.179 [Test worker] TRACE org.xlbean.data.TableValueLoader - {aaa=338.0, ccc=-10337.0, bbb=1337.0, ddd=489.82345000000765}
20:43:18.182 [Test worker] TRACE org.xlbean.data.TableValueLoader - {aaa=339.0, ccc=-10338.0, bbb=1338.0, ddd=489.9234500000077}
20:43:18.184 [Test worker] TRACE org.xlbean.data.TableValueLoader - {aaa=340.0, ccc=-10339.0, bbb=1339.0, ddd=490.0234500000077}
20:43:18.188 [Test worker] TRACE org.xlbean.data.TableValueLoader - {aaa=341.0, ccc=-10340.0, bbb=1340.0, ddd=490.1234500000077}
20:43:18.191 [Test worker] TRACE org.xlbean.data.TableValueLoader - {aaa=342.0, ccc=-10341.0, bbb=1341.0, ddd=490.22345000000774}
20:43:18.196 [Test worker] TRACE org.xlbean.data.TableValueLoader - {aaa=343.0, ccc=-10342.0, bbb=1342.0, ddd=490.32345000000777}
20:43:18.199 [Test worker] TRACE org.xlbean.data.TableValueLoader - {aaa=344.0, ccc=-10343.0, bbb=1343.0, ddd=490.4234500000078}
20:43:18.203 [Test worker] TRACE org.xlbean.data.TableValueLoader - {aaa=345.0, ccc=-10344.0, bbb=1344.0, ddd=490.5234500000078}
20:43:18.206 [Test worker] TRACE org.xlbean.data.TableValueLoader - {aaa=346.0, ccc=-10345.0, bbb=1345.0, ddd=490.62345000000784}
20:43:18.209 [Test worker] TRACE org.xlbean.data.TableValueLoader - {aaa=347.0, ccc=-10346.0, bbb=1346.0, ddd=490.72345000000786}
20:43:18.211 [Test worker] TRACE org.xlbean.data.TableValueLoader - {aaa=348.0, ccc=-10347.0, bbb=1347.0, ddd=490.8234500000079}
20:43:18.214 [Test worker] TRACE org.xlbean.data.TableValueLoader - {aaa=349.0, ccc=-10348.0, bbb=1348.0, ddd=490.9234500000079}
20:43:18.216 [Test worker] TRACE org.xlbean.data.TableValueLoader - {aaa=350.0, ccc=-10349.0, bbb=1349.0, ddd=491.0234500000079}
20:43:18.220 [Test worker] TRACE org.xlbean.data.TableValueLoader - {aaa=351.0, ccc=-10350.0, bbb=1350.0, ddd=491.12345000000795}
20:43:18.224 [Test worker] TRACE org.xlbean.data.TableValueLoader - {aaa=352.0, ccc=-10351.0, bbb=1351.0, ddd=491.223450000008}
20:43:18.227 [Test worker] TRACE org.xlbean.data.TableValueLoader - {aaa=353.0, ccc=-10352.0, bbb=1352.0, ddd=491.323450000008}
20:43:18.232 [Test worker] TRACE org.xlbean.data.TableValueLoader - {aaa=354.0, ccc=-10353.0, bbb=1353.0, ddd=491.423450000008}
20:43:18.236 [Test worker] TRACE org.xlbean.data.TableValueLoader - {aaa=355.0, ccc=-10354.0, bbb=1354.0, ddd=491.52345000000804}
20:43:18.238 [Test worker] TRACE org.xlbean.data.TableValueLoader - {aaa=356.0, ccc=-10355.0, bbb=1355.0, ddd=491.62345000000806}
20:43:18.242 [Test worker] TRACE org.xlbean.data.TableValueLoader - {aaa=357.0, ccc=-10356.0, bbb=1356.0, ddd=491.7234500000081}
20:43:18.244 [Test worker] TRACE org.xlbean.data.TableValueLoader - {aaa=358.0, ccc=-10357.0, bbb=1357.0, ddd=491.8234500000081}
20:43:18.247 [Test worker] TRACE org.xlbean.data.TableValueLoader - {aaa=359.0, ccc=-10358.0, bbb=1358.0, ddd=491.92345000000813}
20:43:18.255 [Test worker] TRACE org.xlbean.data.TableValueLoader - {aaa=360.0, ccc=-10359.0, bbb=1359.0, ddd=492.02345000000815}
20:43:18.258 [Test worker] TRACE org.xlbean.data.TableValueLoader - {aaa=361.0, ccc=-10360.0, bbb=1360.0, ddd=492.1234500000082}
20:43:18.262 [Test worker] TRACE org.xlbean.data.TableValueLoader - {aaa=362.0, ccc=-10361.0, bbb=1361.0, ddd=492.2234500000082}
20:43:18.266 [Test worker] TRACE org.xlbean.data.TableValueLoader - {aaa=363.0, ccc=-10362.0, bbb=1362.0, ddd=492.3234500000082}
20:43:18.271 [Test worker] TRACE org.xlbean.data.TableValueLoader - {aaa=364.0, ccc=-10363.0, bbb=1363.0, ddd=492.42345000000824}
20:43:18.274 [Test worker] TRACE org.xlbean.data.TableValueLoader - {aaa=365.0, ccc=-10364.0, bbb=1364.0, ddd=492.52345000000827}
20:43:18.278 [Test worker] TRACE org.xlbean.data.TableValueLoader - {aaa=366.0, ccc=-10365.0, bbb=1365.0, ddd=492.6234500000083}
20:43:18.282 [Test worker] TRACE org.xlbean.data.TableValueLoader - {aaa=367.0, ccc=-10366.0, bbb=1366.0, ddd=492.7234500000083}
20:43:18.287 [Test worker] TRACE org.xlbean.data.TableValueLoader - {aaa=368.0, ccc=-10367.0, bbb=1367.0, ddd=492.82345000000834}
20:43:18.291 [Test worker] TRACE org.xlbean.data.TableValueLoader - {aaa=369.0, ccc=-10368.0, bbb=1368.0, ddd=492.92345000000836}
20:43:18.294 [Test worker] TRACE org.xlbean.data.TableValueLoader - {aaa=370.0, ccc=-10369.0, bbb=1369.0, ddd=493.0234500000084}
20:43:18.298 [Test worker] TRACE org.xlbean.data.TableValueLoader - {aaa=371.0, ccc=-10370.0, bbb=1370.0, ddd=493.1234500000084}
20:43:18.301 [Test worker] TRACE org.xlbean.data.TableValueLoader - {aaa=372.0, ccc=-10371.0, bbb=1371.0, ddd=493.2234500000084}
20:43:18.305 [Test worker] TRACE org.xlbean.data.TableValueLoader - {aaa=373.0, ccc=-10372.0, bbb=1372.0, ddd=493.32345000000845}
20:43:18.308 [Test worker] TRACE org.xlbean.data.TableValueLoader - {aaa=374.0, ccc=-10373.0, bbb=1373.0, ddd=493.4234500000085}
20:43:18.312 [Test worker] TRACE org.xlbean.data.TableValueLoader - {aaa=375.0, ccc=-10374.0, bbb=1374.0, ddd=493.5234500000085}
20:43:18.315 [Test worker] TRACE org.xlbean.data.TableValueLoader - {aaa=376.0, ccc=-10375.0, bbb=1375.0, ddd=493.6234500000085}
20:43:18.319 [Test worker] TRACE org.xlbean.data.TableValueLoader - {aaa=377.0, ccc=-10376.0, bbb=1376.0, ddd=493.72345000000854}
20:43:18.322 [Test worker] TRACE org.xlbean.data.TableValueLoader - {aaa=378.0, ccc=-10377.0, bbb=1377.0, ddd=493.82345000000856}
20:43:18.326 [Test worker] TRACE org.xlbean.data.TableValueLoader - {aaa=379.0, ccc=-10378.0, bbb=1378.0, ddd=493.9234500000086}
20:43:18.328 [Test worker] TRACE org.xlbean.data.TableValueLoader - {aaa=380.0, ccc=-10379.0, bbb=1379.0, ddd=494.0234500000086}
20:43:18.331 [Test worker] TRACE org.xlbean.data.TableValueLoader - {aaa=381.0, ccc=-10380.0, bbb=1380.0, ddd=494.12345000000863}
20:43:18.334 [Test worker] TRACE org.xlbean.data.TableValueLoader - {aaa=382.0, ccc=-10381.0, bbb=1381.0, ddd=494.22345000000865}
20:43:18.338 [Test worker] TRACE org.xlbean.data.TableValueLoader - {aaa=383.0, ccc=-10382.0, bbb=1382.0, ddd=494.3234500000087}
20:43:18.343 [Test worker] TRACE org.xlbean.data.TableValueLoader - {aaa=384.0, ccc=-10383.0, bbb=1383.0, ddd=494.4234500000087}
20:43:18.347 [Test worker] TRACE org.xlbean.data.TableValueLoader - {aaa=385.0, ccc=-10384.0, bbb=1384.0, ddd=494.5234500000087}
20:43:18.360 [Test worker] TRACE org.xlbean.data.TableValueLoader - {aaa=386.0, ccc=-10385.0, bbb=1385.0, ddd=494.62345000000875}
20:43:18.364 [Test worker] TRACE org.xlbean.data.TableValueLoader - {aaa=387.0, ccc=-10386.0, bbb=1386.0, ddd=494.72345000000877}
20:43:18.373 [Test worker] TRACE org.xlbean.data.TableValueLoader - {aaa=388.0, ccc=-10387.0, bbb=1387.0, ddd=494.8234500000088}
20:43:18.375 [Test worker] TRACE org.xlbean.data.TableValueLoader - {aaa=389.0, ccc=-10388.0, bbb=1388.0, ddd=494.9234500000088}
20:43:18.379 [Test worker] TRACE org.xlbean.data.TableValueLoader - {aaa=390.0, ccc=-10389.0, bbb=1389.0, ddd=495.02345000000884}
20:43:18.382 [Test worker] TRACE org.xlbean.data.TableValueLoader - {aaa=391.0, ccc=-10390.0, bbb=1390.0, ddd=495.12345000000886}
20:43:18.390 [Test worker] TRACE org.xlbean.data.TableValueLoader - {aaa=392.0, ccc=-10391.0, bbb=1391.0, ddd=495.2234500000089}
20:43:18.396 [Test worker] TRACE org.xlbean.data.TableValueLoader - {aaa=393.0, ccc=-10392.0, bbb=1392.0, ddd=495.3234500000089}
20:43:18.399 [Test worker] TRACE org.xlbean.data.TableValueLoader - {aaa=394.0, ccc=-10393.0, bbb=1393.0, ddd=495.4234500000089}
20:43:18.403 [Test worker] TRACE org.xlbean.data.TableValueLoader - {aaa=395.0, ccc=-10394.0, bbb=1394.0, ddd=495.52345000000895}
20:43:18.406 [Test worker] TRACE org.xlbean.data.TableValueLoader - {aaa=396.0, ccc=-10395.0, bbb=1395.0, ddd=495.623450000009}
20:43:18.410 [Test worker] TRACE org.xlbean.data.TableValueLoader - {aaa=397.0, ccc=-10396.0, bbb=1396.0, ddd=495.723450000009}
20:43:18.413 [Test worker] TRACE org.xlbean.data.TableValueLoader - {aaa=398.0, ccc=-10397.0, bbb=1397.0, ddd=495.823450000009}
20:43:18.418 [Test worker] TRACE org.xlbean.data.TableValueLoader - {aaa=399.0, ccc=-10398.0, bbb=1398.0, ddd=495.92345000000904}
20:43:18.421 [Test worker] TRACE org.xlbean.data.TableValueLoader - {aaa=400.0, ccc=-10399.0, bbb=1399.0, ddd=496.02345000000906}
20:43:18.423 [Test worker] TRACE org.xlbean.data.TableValueLoader - {aaa=401.0, ccc=-10400.0, bbb=1400.0, ddd=496.1234500000091}
20:43:18.426 [Test worker] TRACE org.xlbean.data.TableValueLoader - {aaa=402.0, ccc=-10401.0, bbb=1401.0, ddd=496.2234500000091}
20:43:18.429 [Test worker] TRACE org.xlbean.data.TableValueLoader - {aaa=403.0, ccc=-10402.0, bbb=1402.0, ddd=496.32345000000913}
20:43:18.432 [Test worker] TRACE org.xlbean.data.TableValueLoader - {aaa=404.0, ccc=-10403.0, bbb=1403.0, ddd=496.42345000000915}
20:43:18.434 [Test worker] TRACE org.xlbean.data.TableValueLoader - {aaa=405.0, ccc=-10404.0, bbb=1404.0, ddd=496.5234500000092}
20:43:18.438 [Test worker] TRACE org.xlbean.data.TableValueLoader - {aaa=406.0, ccc=-10405.0, bbb=1405.0, ddd=496.6234500000092}
20:43:18.441 [Test worker] TRACE org.xlbean.data.TableValueLoader - {aaa=407.0, ccc=-10406.0, bbb=1406.0, ddd=496.7234500000092}
20:43:18.444 [Test worker] TRACE org.xlbean.data.TableValueLoader - {aaa=408.0, ccc=-10407.0, bbb=1407.0, ddd=496.82345000000925}
20:43:18.448 [Test worker] TRACE org.xlbean.data.TableValueLoader - {aaa=409.0, ccc=-10408.0, bbb=1408.0, ddd=496.92345000000927}
20:43:18.451 [Test worker] TRACE org.xlbean.data.TableValueLoader - {aaa=410.0, ccc=-10409.0, bbb=1409.0, ddd=497.0234500000093}
20:43:18.454 [Test worker] TRACE org.xlbean.data.TableValueLoader - {aaa=411.0, ccc=-10410.0, bbb=1410.0, ddd=497.1234500000093}
20:43:18.457 [Test worker] TRACE org.xlbean.data.TableValueLoader - {aaa=412.0, ccc=-10411.0, bbb=1411.0, ddd=497.22345000000934}
20:43:18.459 [Test worker] TRACE org.xlbean.data.TableValueLoader - {aaa=413.0, ccc=-10412.0, bbb=1412.0, ddd=497.32345000000936}
20:43:18.462 [Test worker] TRACE org.xlbean.data.TableValueLoader - {aaa=414.0, ccc=-10413.0, bbb=1413.0, ddd=497.4234500000094}
20:43:18.465 [Test worker] TRACE org.xlbean.data.TableValueLoader - {aaa=415.0, ccc=-10414.0, bbb=1414.0, ddd=497.5234500000094}
20:43:18.467 [Test worker] TRACE org.xlbean.data.TableValueLoader - {aaa=416.0, ccc=-10415.0, bbb=1415.0, ddd=497.6234500000094}
20:43:18.470 [Test worker] TRACE org.xlbean.data.TableValueLoader - {aaa=417.0, ccc=-10416.0, bbb=1416.0, ddd=497.72345000000945}
20:43:18.472 [Test worker] TRACE org.xlbean.data.TableValueLoader - {aaa=418.0, ccc=-10417.0, bbb=1417.0, ddd=497.8234500000095}
20:43:18.477 [Test worker] TRACE org.xlbean.data.TableValueLoader - {aaa=419.0, ccc=-10418.0, bbb=1418.0, ddd=497.9234500000095}
20:43:18.480 [Test worker] TRACE org.xlbean.data.TableValueLoader - {aaa=420.0, ccc=-10419.0, bbb=1419.0, ddd=498.0234500000095}
20:43:18.484 [Test worker] TRACE org.xlbean.data.TableValueLoader - {aaa=421.0, ccc=-10420.0, bbb=1420.0, ddd=498.12345000000954}
20:43:18.489 [Test worker] TRACE org.xlbean.data.TableValueLoader - {aaa=422.0, ccc=-10421.0, bbb=1421.0, ddd=498.22345000000956}
20:43:18.492 [Test worker] TRACE org.xlbean.data.TableValueLoader - {aaa=423.0, ccc=-10422.0, bbb=1422.0, ddd=498.3234500000096}
20:43:18.495 [Test worker] TRACE org.xlbean.data.TableValueLoader - {aaa=424.0, ccc=-10423.0, bbb=1423.0, ddd=498.4234500000096}
20:43:18.498 [Test worker] TRACE org.xlbean.data.TableValueLoader - {aaa=425.0, ccc=-10424.0, bbb=1424.0, ddd=498.52345000000963}
20:43:18.500 [Test worker] TRACE org.xlbean.data.TableValueLoader - {aaa=426.0, ccc=-10425.0, bbb=1425.0, ddd=498.62345000000965}
20:43:18.503 [Test worker] TRACE org.xlbean.data.TableValueLoader - {aaa=427.0, ccc=-10426.0, bbb=1426.0, ddd=498.7234500000097}
20:43:18.507 [Test worker] TRACE org.xlbean.data.TableValueLoader - {aaa=428.0, ccc=-10427.0, bbb=1427.0, ddd=498.8234500000097}
20:43:18.510 [Test worker] TRACE org.xlbean.data.TableValueLoader - {aaa=429.0, ccc=-10428.0, bbb=1428.0, ddd=498.9234500000097}
20:43:18.513 [Test worker] TRACE org.xlbean.data.TableValueLoader - {aaa=430.0, ccc=-10429.0, bbb=1429.0, ddd=499.02345000000975}
20:43:18.516 [Test worker] TRACE org.xlbean.data.TableValueLoader - {aaa=431.0, ccc=-10430.0, bbb=1430.0, ddd=499.12345000000977}
20:43:18.520 [Test worker] TRACE org.xlbean.data.TableValueLoader - {aaa=432.0, ccc=-10431.0, bbb=1431.0, ddd=499.2234500000098}
20:43:18.523 [Test worker] TRACE org.xlbean.data.TableValueLoader - {aaa=433.0, ccc=-10432.0, bbb=1432.0, ddd=499.3234500000098}
20:43:18.526 [Test worker] TRACE org.xlbean.data.TableValueLoader - {aaa=434.0, ccc=-10433.0, bbb=1433.0, ddd=499.42345000000984}
20:43:18.529 [Test worker] TRACE org.xlbean.data.TableValueLoader - {aaa=435.0, ccc=-10434.0, bbb=1434.0, ddd=499.52345000000986}
20:43:18.532 [Test worker] TRACE org.xlbean.data.TableValueLoader - {aaa=436.0, ccc=-10435.0, bbb=1435.0, ddd=499.6234500000099}
20:43:18.535 [Test worker] TRACE org.xlbean.data.TableValueLoader - {aaa=437.0, ccc=-10436.0, bbb=1436.0, ddd=499.7234500000099}
20:43:18.539 [Test worker] TRACE org.xlbean.data.TableValueLoader - {aaa=438.0, ccc=-10437.0, bbb=1437.0, ddd=499.8234500000099}
20:43:18.543 [Test worker] TRACE org.xlbean.data.TableValueLoader - {aaa=439.0, ccc=-10438.0, bbb=1438.0, ddd=499.92345000000995}
20:43:18.546 [Test worker] TRACE org.xlbean.data.TableValueLoader - {aaa=440.0, ccc=-10439.0, bbb=1439.0, ddd=500.02345000001}
20:43:18.549 [Test worker] TRACE org.xlbean.data.TableValueLoader - {aaa=441.0, ccc=-10440.0, bbb=1440.0, ddd=500.12345000001}
20:43:18.553 [Test worker] TRACE org.xlbean.data.TableValueLoader - {aaa=442.0, ccc=-10441.0, bbb=1441.0, ddd=500.22345000001}
20:43:18.556 [Test worker] TRACE org.xlbean.data.TableValueLoader - {aaa=443.0, ccc=-10442.0, bbb=1442.0, ddd=500.32345000001004}
20:43:18.561 [Test worker] TRACE org.xlbean.data.TableValueLoader - {aaa=444.0, ccc=-10443.0, bbb=1443.0, ddd=500.42345000001006}
20:43:18.564 [Test worker] TRACE org.xlbean.data.TableValueLoader - {aaa=445.0, ccc=-10444.0, bbb=1444.0, ddd=500.5234500000101}
20:43:18.567 [Test worker] TRACE org.xlbean.data.TableValueLoader - {aaa=446.0, ccc=-10445.0, bbb=1445.0, ddd=500.6234500000101}
20:43:18.573 [Test worker] TRACE org.xlbean.data.TableValueLoader - {aaa=447.0, ccc=-10446.0, bbb=1446.0, ddd=500.72345000001013}
20:43:18.593 [Test worker] TRACE org.xlbean.data.TableValueLoader - {aaa=448.0, ccc=-10447.0, bbb=1447.0, ddd=500.82345000001015}
20:43:18.597 [Test worker] TRACE org.xlbean.data.TableValueLoader - {aaa=449.0, ccc=-10448.0, bbb=1448.0, ddd=500.9234500000102}
20:43:18.602 [Test worker] TRACE org.xlbean.data.TableValueLoader - {aaa=450.0, ccc=-10449.0, bbb=1449.0, ddd=501.0234500000102}
20:43:18.605 [Test worker] TRACE org.xlbean.data.TableValueLoader - {aaa=451.0, ccc=-10450.0, bbb=1450.0, ddd=501.1234500000102}
20:43:18.610 [Test worker] TRACE org.xlbean.data.TableValueLoader - {aaa=452.0, ccc=-10451.0, bbb=1451.0, ddd=501.22345000001025}
20:43:18.613 [Test worker] TRACE org.xlbean.data.TableValueLoader - {aaa=453.0, ccc=-10452.0, bbb=1452.0, ddd=501.32345000001027}
20:43:18.616 [Test worker] TRACE org.xlbean.data.TableValueLoader - {aaa=454.0, ccc=-10453.0, bbb=1453.0, ddd=501.4234500000103}
20:43:18.622 [Test worker] TRACE org.xlbean.data.TableValueLoader - {aaa=455.0, ccc=-10454.0, bbb=1454.0, ddd=501.5234500000103}
20:43:18.626 [Test worker] TRACE org.xlbean.data.TableValueLoader - {aaa=456.0, ccc=-10455.0, bbb=1455.0, ddd=501.62345000001034}
20:43:18.631 [Test worker] TRACE org.xlbean.data.TableValueLoader - {aaa=457.0, ccc=-10456.0, bbb=1456.0, ddd=501.72345000001036}
20:43:18.636 [Test worker] TRACE org.xlbean.data.TableValueLoader - {aaa=458.0, ccc=-10457.0, bbb=1457.0, ddd=501.8234500000104}
20:43:18.642 [Test worker] TRACE org.xlbean.data.TableValueLoader - {aaa=459.0, ccc=-10458.0, bbb=1458.0, ddd=501.9234500000104}
20:43:18.647 [Test worker] TRACE org.xlbean.data.TableValueLoader - {aaa=460.0, ccc=-10459.0, bbb=1459.0, ddd=502.0234500000104}
20:43:18.651 [Test worker] TRACE org.xlbean.data.TableValueLoader - {aaa=461.0, ccc=-10460.0, bbb=1460.0, ddd=502.12345000001045}
20:43:18.655 [Test worker] TRACE org.xlbean.data.TableValueLoader - {aaa=462.0, ccc=-10461.0, bbb=1461.0, ddd=502.2234500000105}
20:43:18.659 [Test worker] TRACE org.xlbean.data.TableValueLoader - {aaa=463.0, ccc=-10462.0, bbb=1462.0, ddd=502.3234500000105}
20:43:18.661 [Test worker] TRACE org.xlbean.data.TableValueLoader - {aaa=464.0, ccc=-10463.0, bbb=1463.0, ddd=502.4234500000105}
20:43:18.666 [Test worker] TRACE org.xlbean.data.TableValueLoader - {aaa=465.0, ccc=-10464.0, bbb=1464.0, ddd=502.52345000001054}
20:43:18.671 [Test worker] TRACE org.xlbean.data.TableValueLoader - {aaa=466.0, ccc=-10465.0, bbb=1465.0, ddd=502.62345000001056}
20:43:18.673 [Test worker] TRACE org.xlbean.data.TableValueLoader - {aaa=467.0, ccc=-10466.0, bbb=1466.0, ddd=502.7234500000106}
20:43:18.676 [Test worker] TRACE org.xlbean.data.TableValueLoader - {aaa=468.0, ccc=-10467.0, bbb=1467.0, ddd=502.8234500000106}
20:43:18.679 [Test worker] TRACE org.xlbean.data.TableValueLoader - {aaa=469.0, ccc=-10468.0, bbb=1468.0, ddd=502.92345000001063}
20:43:18.681 [Test worker] TRACE org.xlbean.data.TableValueLoader - {aaa=470.0, ccc=-10469.0, bbb=1469.0, ddd=503.02345000001066}
20:43:18.684 [Test worker] TRACE org.xlbean.data.TableValueLoader - {aaa=471.0, ccc=-10470.0, bbb=1470.0, ddd=503.1234500000107}
20:43:18.691 [Test worker] TRACE org.xlbean.data.TableValueLoader - {aaa=472.0, ccc=-10471.0, bbb=1471.0, ddd=503.2234500000107}
20:43:18.694 [Test worker] TRACE org.xlbean.data.TableValueLoader - {aaa=473.0, ccc=-10472.0, bbb=1472.0, ddd=503.3234500000107}
20:43:18.699 [Test worker] TRACE org.xlbean.data.TableValueLoader - {aaa=474.0, ccc=-10473.0, bbb=1473.0, ddd=503.42345000001075}
20:43:18.707 [Test worker] TRACE org.xlbean.data.TableValueLoader - {aaa=475.0, ccc=-10474.0, bbb=1474.0, ddd=503.52345000001077}
20:43:18.710 [Test worker] TRACE org.xlbean.data.TableValueLoader - {aaa=476.0, ccc=-10475.0, bbb=1475.0, ddd=503.6234500000108}
20:43:18.715 [Test worker] TRACE org.xlbean.data.TableValueLoader - {aaa=477.0, ccc=-10476.0, bbb=1476.0, ddd=503.7234500000108}
20:43:18.721 [Test worker] TRACE org.xlbean.data.TableValueLoader - {aaa=478.0, ccc=-10477.0, bbb=1477.0, ddd=503.82345000001084}
20:43:18.726 [Test worker] TRACE org.xlbean.data.TableValueLoader - {aaa=479.0, ccc=-10478.0, bbb=1478.0, ddd=503.92345000001086}
20:43:18.728 [Test worker] TRACE org.xlbean.data.TableValueLoader - {aaa=480.0, ccc=-10479.0, bbb=1479.0, ddd=504.0234500000109}
20:43:18.732 [Test worker] TRACE org.xlbean.data.TableValueLoader - {aaa=481.0, ccc=-10480.0, bbb=1480.0, ddd=504.1234500000109}
20:43:18.735 [Test worker] TRACE org.xlbean.data.TableValueLoader - {aaa=482.0, ccc=-10481.0, bbb=1481.0, ddd=504.2234500000109}
20:43:18.738 [Test worker] TRACE org.xlbean.data.TableValueLoader - {aaa=483.0, ccc=-10482.0, bbb=1482.0, ddd=504.32345000001095}
20:43:18.741 [Test worker] TRACE org.xlbean.data.TableValueLoader - {aaa=484.0, ccc=-10483.0, bbb=1483.0, ddd=504.423450000011}
20:43:18.744 [Test worker] TRACE org.xlbean.data.TableValueLoader - {aaa=485.0, ccc=-10484.0, bbb=1484.0, ddd=504.523450000011}
20:43:18.747 [Test worker] TRACE org.xlbean.data.TableValueLoader - {aaa=486.0, ccc=-10485.0, bbb=1485.0, ddd=504.623450000011}
20:43:18.753 [Test worker] TRACE org.xlbean.data.TableValueLoader - {aaa=487.0, ccc=-10486.0, bbb=1486.0, ddd=504.72345000001104}
20:43:18.756 [Test worker] TRACE org.xlbean.data.TableValueLoader - {aaa=488.0, ccc=-10487.0, bbb=1487.0, ddd=504.82345000001106}
20:43:18.759 [Test worker] TRACE org.xlbean.data.TableValueLoader - {aaa=489.0, ccc=-10488.0, bbb=1488.0, ddd=504.9234500000111}
20:43:18.762 [Test worker] TRACE org.xlbean.data.TableValueLoader - {aaa=490.0, ccc=-10489.0, bbb=1489.0, ddd=505.0234500000111}
20:43:18.766 [Test worker] TRACE org.xlbean.data.TableValueLoader - {aaa=491.0, ccc=-10490.0, bbb=1490.0, ddd=505.12345000001113}
20:43:18.770 [Test worker] TRACE org.xlbean.data.TableValueLoader - {aaa=492.0, ccc=-10491.0, bbb=1491.0, ddd=505.22345000001116}
20:43:18.776 [Test worker] TRACE org.xlbean.data.TableValueLoader - {aaa=493.0, ccc=-10492.0, bbb=1492.0, ddd=505.3234500000112}
20:43:18.782 [Test worker] TRACE org.xlbean.data.TableValueLoader - {aaa=494.0, ccc=-10493.0, bbb=1493.0, ddd=505.4234500000112}
20:43:18.786 [Test worker] TRACE org.xlbean.data.TableValueLoader - {aaa=495.0, ccc=-10494.0, bbb=1494.0, ddd=505.5234500000112}
20:43:18.789 [Test worker] TRACE org.xlbean.data.TableValueLoader - {aaa=496.0, ccc=-10495.0, bbb=1495.0, ddd=505.62345000001125}
20:43:18.796 [Test worker] TRACE org.xlbean.data.TableValueLoader - {aaa=497.0, ccc=-10496.0, bbb=1496.0, ddd=505.72345000001127}
20:43:18.799 [Test worker] TRACE org.xlbean.data.TableValueLoader - {aaa=498.0, ccc=-10497.0, bbb=1497.0, ddd=505.8234500000113}
20:43:18.805 [Test worker] TRACE org.xlbean.data.TableValueLoader - {aaa=499.0, ccc=-10498.0, bbb=1498.0, ddd=505.9234500000113}
20:43:18.807 [Test worker] TRACE org.xlbean.data.TableValueLoader - {aaa=500.0, ccc=-10499.0, bbb=1499.0, ddd=506.02345000001134}
20:43:18.811 [Test worker] TRACE org.xlbean.data.TableValueLoader - {aaa=501.0, ccc=-10500.0, bbb=1500.0, ddd=506.12345000001136}
20:43:18.814 [Test worker] TRACE org.xlbean.data.TableValueLoader - {aaa=502.0, ccc=-10501.0, bbb=1501.0, ddd=506.2234500000114}
20:43:18.818 [Test worker] TRACE org.xlbean.data.TableValueLoader - {aaa=503.0, ccc=-10502.0, bbb=1502.0, ddd=506.3234500000114}
20:43:18.823 [Test worker] TRACE org.xlbean.data.TableValueLoader - {aaa=504.0, ccc=-10503.0, bbb=1503.0, ddd=506.4234500000114}
20:43:18.826 [Test worker] TRACE org.xlbean.data.TableValueLoader - {aaa=505.0, ccc=-10504.0, bbb=1504.0, ddd=506.52345000001145}
20:43:18.832 [Test worker] TRACE org.xlbean.data.TableValueLoader - {aaa=506.0, ccc=-10505.0, bbb=1505.0, ddd=506.6234500000115}
20:43:18.835 [Test worker] TRACE org.xlbean.data.TableValueLoader - {aaa=507.0, ccc=-10506.0, bbb=1506.0, ddd=506.7234500000115}
20:43:18.839 [Test worker] TRACE org.xlbean.data.TableValueLoader - {aaa=508.0, ccc=-10507.0, bbb=1507.0, ddd=506.8234500000115}
20:43:18.842 [Test worker] TRACE org.xlbean.data.TableValueLoader - {aaa=509.0, ccc=-10508.0, bbb=1508.0, ddd=506.92345000001154}
20:43:18.845 [Test worker] TRACE org.xlbean.data.TableValueLoader - {aaa=510.0, ccc=-10509.0, bbb=1509.0, ddd=507.02345000001156}
20:43:18.848 [Test worker] TRACE org.xlbean.data.TableValueLoader - {aaa=511.0, ccc=-10510.0, bbb=1510.0, ddd=507.1234500000116}
20:43:18.853 [Test worker] TRACE org.xlbean.data.TableValueLoader - {aaa=512.0, ccc=-10511.0, bbb=1511.0, ddd=507.2234500000116}
20:43:18.856 [Test worker] TRACE org.xlbean.data.TableValueLoader - {aaa=513.0, ccc=-10512.0, bbb=1512.0, ddd=507.32345000001163}
20:43:18.861 [Test worker] TRACE org.xlbean.data.TableValueLoader - {aaa=514.0, ccc=-10513.0, bbb=1513.0, ddd=507.42345000001166}
20:43:18.864 [Test worker] TRACE org.xlbean.data.TableValueLoader - {aaa=515.0, ccc=-10514.0, bbb=1514.0, ddd=507.5234500000117}
20:43:18.866 [Test worker] TRACE org.xlbean.data.TableValueLoader - {aaa=516.0, ccc=-10515.0, bbb=1515.0, ddd=507.6234500000117}
20:43:18.871 [Test worker] TRACE org.xlbean.data.TableValueLoader - {aaa=517.0, ccc=-10516.0, bbb=1516.0, ddd=507.7234500000117}
20:43:18.874 [Test worker] TRACE org.xlbean.data.TableValueLoader - {aaa=518.0, ccc=-10517.0, bbb=1517.0, ddd=507.82345000001175}
20:43:18.878 [Test worker] TRACE org.xlbean.data.TableValueLoader - {aaa=519.0, ccc=-10518.0, bbb=1518.0, ddd=507.92345000001177}
20:43:18.884 [Test worker] TRACE org.xlbean.data.TableValueLoader - {aaa=520.0, ccc=-10519.0, bbb=1519.0, ddd=508.0234500000118}
20:43:18.888 [Test worker] TRACE org.xlbean.data.TableValueLoader - {aaa=521.0, ccc=-10520.0, bbb=1520.0, ddd=508.1234500000118}
20:43:18.891 [Test worker] TRACE org.xlbean.data.TableValueLoader - {aaa=522.0, ccc=-10521.0, bbb=1521.0, ddd=508.22345000001184}
20:43:18.894 [Test worker] TRACE org.xlbean.data.TableValueLoader - {aaa=523.0, ccc=-10522.0, bbb=1522.0, ddd=508.32345000001186}
20:43:18.898 [Test worker] TRACE org.xlbean.data.TableValueLoader - {aaa=524.0, ccc=-10523.0, bbb=1523.0, ddd=508.4234500000119}
20:43:18.902 [Test worker] TRACE org.xlbean.data.TableValueLoader - {aaa=525.0, ccc=-10524.0, bbb=1524.0, ddd=508.5234500000119}
20:43:18.904 [Test worker] TRACE org.xlbean.data.TableValueLoader - {aaa=526.0, ccc=-10525.0, bbb=1525.0, ddd=508.6234500000119}
20:43:18.909 [Test worker] TRACE org.xlbean.data.TableValueLoader - {aaa=527.0, ccc=-10526.0, bbb=1526.0, ddd=508.72345000001195}
20:43:18.912 [Test worker] TRACE org.xlbean.data.TableValueLoader - {aaa=528.0, ccc=-10527.0, bbb=1527.0, ddd=508.823450000012}
20:43:18.915 [Test worker] TRACE org.xlbean.data.TableValueLoader - {aaa=529.0, ccc=-10528.0, bbb=1528.0, ddd=508.923450000012}
[...]
0, bbb=3340.0, ddd=690.1234500000531}, {aaa=2342.0, ccc=-12341.0, bbb=3341.0, ddd=690.2234500000532}, {aaa=2343.0, ccc=-12342.0, bbb=3342.0, ddd=690.3234500000532}, {aaa=2344.0, ccc=-12343.0, bbb=3343.0, ddd=690.4234500000532}, {aaa=2345.0, ccc=-12344.0, bbb=3344.0, ddd=690.5234500000532}, {aaa=2346.0, ccc=-12345.0, bbb=3345.0, ddd=690.6234500000533}, {aaa=2347.0, ccc=-12346.0, bbb=3346.0, ddd=690.7234500000533}, {aaa=2348.0, ccc=-12347.0, bbb=3347.0, ddd=690.8234500000533}, {aaa=2349.0, ccc=-12348.0, bbb=3348.0, ddd=690.9234500000533}, {aaa=2350.0, ccc=-12349.0, bbb=3349.0, ddd=691.0234500000533}, {aaa=2351.0, ccc=-12350.0, bbb=3350.0, ddd=691.1234500000534}, {aaa=2352.0, ccc=-12351.0, bbb=3351.0, ddd=691.2234500000534}, {aaa=2353.0, ccc=-12352.0, bbb=3352.0, ddd=691.3234500000534}, {aaa=2354.0, ccc=-12353.0, bbb=3353.0, ddd=691.4234500000534}, {aaa=2355.0, ccc=-12354.0, bbb=3354.0, ddd=691.5234500000535}, {aaa=2356.0, ccc=-12355.0, bbb=3355.0, ddd=691.6234500000535}, {aaa=2357.0, ccc=-12356.0, bbb=3356.0, ddd=691.7234500000535}, {aaa=2358.0, ccc=-12357.0, bbb=3357.0, ddd=691.8234500000535}, {aaa=2359.0, ccc=-12358.0, bbb=3358.0, ddd=691.9234500000535}, {aaa=2360.0, ccc=-12359.0, bbb=3359.0, ddd=692.0234500000536}, {aaa=2361.0, ccc=-12360.0, bbb=3360.0, ddd=692.1234500000536}, {aaa=2362.0, ccc=-12361.0, bbb=3361.0, ddd=692.2234500000536}, {aaa=2363.0, ccc=-12362.0, bbb=3362.0, ddd=692.3234500000536}, {aaa=2364.0, ccc=-12363.0, bbb=3363.0, ddd=692.4234500000537}, {aaa=2365.0, ccc=-12364.0, bbb=3364.0, ddd=692.5234500000537}, {aaa=2366.0, ccc=-12365.0, bbb=3365.0, ddd=692.6234500000537}, {aaa=2367.0, ccc=-12366.0, bbb=3366.0, ddd=692.7234500000537}, {aaa=2368.0, ccc=-12367.0, bbb=3367.0, ddd=692.8234500000538}, {aaa=2369.0, ccc=-12368.0, bbb=3368.0, ddd=692.9234500000538}, {aaa=2370.0, ccc=-12369.0, bbb=3369.0, ddd=693.0234500000538}, {aaa=2371.0, ccc=-12370.0, bbb=3370.0, ddd=693.1234500000538}, {aaa=2372.0, ccc=-12371.0, bbb=3371.0, ddd=693.2234500000538}, {aaa=2373.0, ccc=-12372.0, bbb=3372.0, ddd=693.3234500000539}, {aaa=2374.0, ccc=-12373.0, bbb=3373.0, ddd=693.4234500000539}, {aaa=2375.0, ccc=-12374.0, bbb=3374.0, ddd=693.5234500000539}, {aaa=2376.0, ccc=-12375.0, bbb=3375.0, ddd=693.6234500000539}, {aaa=2377.0, ccc=-12376.0, bbb=3376.0, ddd=693.723450000054}, {aaa=2378.0, ccc=-12377.0, bbb=3377.0, ddd=693.823450000054}, {aaa=2379.0, ccc=-12378.0, bbb=3378.0, ddd=693.923450000054}, {aaa=2380.0, ccc=-12379.0, bbb=3379.0, ddd=694.023450000054}, {aaa=2381.0, ccc=-12380.0, bbb=3380.0, ddd=694.123450000054}, {aaa=2382.0, ccc=-12381.0, bbb=3381.0, ddd=694.2234500000541}, {aaa=2383.0, ccc=-12382.0, bbb=3382.0, ddd=694.3234500000541}, {aaa=2384.0, ccc=-12383.0, bbb=3383.0, ddd=694.4234500000541}, {aaa=2385.0, ccc=-12384.0, bbb=3384.0, ddd=694.5234500000541}, {aaa=2386.0, ccc=-12385.0, bbb=3385.0, ddd=694.6234500000542}, {aaa=2387.0, ccc=-12386.0, bbb=3386.0, ddd=694.7234500000542}, {aaa=2388.0, ccc=-12387.0, bbb=3387.0, ddd=694.8234500000542}, {aaa=2389.0, ccc=-12388.0, bbb=3388.0, ddd=694.9234500000542}, {aaa=2390.0, ccc=-12389.0, bbb=3389.0, ddd=695.0234500000543}, {aaa=2391.0, ccc=-12390.0, bbb=3390.0, ddd=695.1234500000543}, {aaa=2392.0, ccc=-12391.0, bbb=3391.0, ddd=695.2234500000543}, {aaa=2393.0, ccc=-12392.0, bbb=3392.0, ddd=695.3234500000543}, {aaa=2394.0, ccc=-12393.0, bbb=3393.0, ddd=695.4234500000543}, {aaa=2395.0, ccc=-12394.0, bbb=3394.0, ddd=695.5234500000544}, {aaa=2396.0, ccc=-12395.0, bbb=3395.0, ddd=695.6234500000544}, {aaa=2397.0, ccc=-12396.0, bbb=3396.0, ddd=695.7234500000544}, {aaa=2398.0, ccc=-12397.0, bbb=3397.0, ddd=695.8234500000544}, {aaa=2399.0, ccc=-12398.0, bbb=3398.0, ddd=695.9234500000545}, {aaa=2400.0, ccc=-12399.0, bbb=3399.0, ddd=696.0234500000545}, {aaa=2401.0, ccc=-12400.0, bbb=3400.0, ddd=696.1234500000545}, {aaa=2402.0, ccc=-12401.0, bbb=3401.0, ddd=696.2234500000545}, {aaa=2403.0, ccc=-12402.0, bbb=3402.0, ddd=696.3234500000545}, {aaa=2404.0, ccc=-12403.0, bbb=3403.0, ddd=696.4234500000546}, {aaa=2405.0, ccc=-12404.0, bbb=3404.0, ddd=696.5234500000546}, {aaa=2406.0, ccc=-12405.0, bbb=3405.0, ddd=696.6234500000546}, {aaa=2407.0, ccc=-12406.0, bbb=3406.0, ddd=696.7234500000546}, {aaa=2408.0, ccc=-12407.0, bbb=3407.0, ddd=696.8234500000547}, {aaa=2409.0, ccc=-12408.0, bbb=3408.0, ddd=696.9234500000547}, {aaa=2410.0, ccc=-12409.0, bbb=3409.0, ddd=697.0234500000547}, {aaa=2411.0, ccc=-12410.0, bbb=3410.0, ddd=697.1234500000547}, {aaa=2412.0, ccc=-12411.0, bbb=3411.0, ddd=697.2234500000548}, {aaa=2413.0, ccc=-12412.0, bbb=3412.0, ddd=697.3234500000548}, {aaa=2414.0, ccc=-12413.0, bbb=3413.0, ddd=697.4234500000548}, {aaa=2415.0, ccc=-12414.0, bbb=3414.0, ddd=697.5234500000548}, {aaa=2416.0, ccc=-12415.0, bbb=3415.0, ddd=697.6234500000548}, {aaa=2417.0, ccc=-12416.0, bbb=3416.0, ddd=697.7234500000549}, {aaa=2418.0, ccc=-12417.0, bbb=3417.0, ddd=697.8234500000549}, {aaa=2419.0, ccc=-12418.0, bbb=3418.0, ddd=697.9234500000549}, {aaa=2420.0, ccc=-12419.0, bbb=3419.0, ddd=698.0234500000549}, {aaa=2421.0, ccc=-12420.0, bbb=3420.0, ddd=698.123450000055}, {aaa=2422.0, ccc=-12421.0, bbb=3421.0, ddd=698.223450000055}, {aaa=2423.0, ccc=-12422.0, bbb=3422.0, ddd=698.323450000055}, {aaa=2424.0, ccc=-12423.0, bbb=3423.0, ddd=698.423450000055}, {aaa=2425.0, ccc=-12424.0, bbb=3424.0, ddd=698.523450000055}, {aaa=2426.0, ccc=-12425.0, bbb=3425.0, ddd=698.6234500000551}, {aaa=2427.0, ccc=-12426.0, bbb=3426.0, ddd=698.7234500000551}, {aaa=2428.0, ccc=-12427.0, bbb=3427.0, ddd=698.8234500000551}, {aaa=2429.0, ccc=-12428.0, bbb=3428.0, ddd=698.9234500000551}, {aaa=2430.0, ccc=-12429.0, bbb=3429.0, ddd=699.0234500000552}, {aaa=2431.0, ccc=-12430.0, bbb=3430.0, ddd=699.1234500000552}, {aaa=2432.0, ccc=-12431.0, bbb=3431.0, ddd=699.2234500000552}, {aaa=2433.0, ccc=-12432.0, bbb=3432.0, ddd=699.3234500000552}, {aaa=2434.0, ccc=-12433.0, bbb=3433.0, ddd=699.4234500000553}, {aaa=2435.0, ccc=-12434.0, bbb=3434.0, ddd=699.5234500000553}, {aaa=2436.0, ccc=-12435.0, bbb=3435.0, ddd=699.6234500000553}, {aaa=2437.0, ccc=-12436.0, bbb=3436.0, ddd=699.7234500000553}, {aaa=2438.0, ccc=-12437.0, bbb=3437.0, ddd=699.8234500000553}, {aaa=2439.0, ccc=-12438.0, bbb=3438.0, ddd=699.9234500000554}, {aaa=2440.0, ccc=-12439.0, bbb=3439.0, ddd=700.0234500000554}, {aaa=2441.0, ccc=-12440.0, bbb=3440.0, ddd=700.1234500000554}, {aaa=2442.0, ccc=-12441.0, bbb=3441.0, ddd=700.2234500000554}, {aaa=2443.0, ccc=-12442.0, bbb=3442.0, ddd=700.3234500000555}, {aaa=2444.0, ccc=-12443.0, bbb=3443.0, ddd=700.4234500000555}, {aaa=2445.0, ccc=-12444.0, bbb=3444.0, ddd=700.5234500000555}, {aaa=2446.0, ccc=-12445.0, bbb=3445.0, ddd=700.6234500000555}, {aaa=2447.0, ccc=-12446.0, bbb=3446.0, ddd=700.7234500000555}, {aaa=2448.0, ccc=-12447.0, bbb=3447.0, ddd=700.8234500000556}, {aaa=2449.0, ccc=-12448.0, bbb=3448.0, ddd=700.9234500000556}, {aaa=2450.0, ccc=-12449.0, bbb=3449.0, ddd=701.0234500000556}, {aaa=2451.0, ccc=-12450.0, bbb=3450.0, ddd=701.1234500000556}, {aaa=2452.0, ccc=-12451.0, bbb=3451.0, ddd=701.2234500000557}, {aaa=2453.0, ccc=-12452.0, bbb=3452.0, ddd=701.3234500000557}, {aaa=2454.0, ccc=-12453.0, bbb=3453.0, ddd=701.4234500000557}, {aaa=2455.0, ccc=-12454.0, bbb=3454.0, ddd=701.5234500000557}, {aaa=2456.0, ccc=-12455.0, bbb=3455.0, ddd=701.6234500000558}, {aaa=2457.0, ccc=-12456.0, bbb=3456.0, ddd=701.7234500000558}, {aaa=2458.0, ccc=-12457.0, bbb=3457.0, ddd=701.8234500000558}, {aaa=2459.0, ccc=-12458.0, bbb=3458.0, ddd=701.9234500000558}, {aaa=2460.0, ccc=-12459.0, bbb=3459.0, ddd=702.0234500000558}, {aaa=2461.0, ccc=-12460.0, bbb=3460.0, ddd=702.1234500000559}, {aaa=2462.0, ccc=-12461.0, bbb=3461.0, ddd=702.2234500000559}, {aaa=2463.0, ccc=-12462.0, bbb=3462.0, ddd=702.3234500000559}, {aaa=2464.0, ccc=-12463.0, bbb=3463.0, ddd=702.4234500000559}, {aaa=2465.0, ccc=-12464.0, bbb=3464.0, ddd=702.523450000056}, {aaa=2466.0, ccc=-12465.0, bbb=3465.0, ddd=702.623450000056}, {aaa=2467.0, ccc=-12466.0, bbb=3466.0, ddd=702.723450000056}, {aaa=2468.0, ccc=-12467.0, bbb=3467.0, ddd=702.823450000056}, {aaa=2469.0, ccc=-12468.0, bbb=3468.0, ddd=702.923450000056}, {aaa=2470.0, ccc=-12469.0, bbb=3469.0, ddd=703.0234500000561}, {aaa=2471.0, ccc=-12470.0, bbb=3470.0, ddd=703.1234500000561}, {aaa=2472.0, ccc=-12471.0, bbb=3471.0, ddd=703.2234500000561}, {aaa=2473.0, ccc=-12472.0, bbb=3472.0, ddd=703.3234500000561}, {aaa=2474.0, ccc=-12473.0, bbb=3473.0, ddd=703.4234500000562}, {aaa=2475.0, ccc=-12474.0, bbb=3474.0, ddd=703.5234500000562}, {aaa=2476.0, ccc=-12475.0, bbb=3475.0, ddd=703.6234500000562}, {aaa=2477.0, ccc=-12476.0, bbb=3476.0, ddd=703.7234500000562}, {aaa=2478.0, ccc=-12477.0, bbb=3477.0, ddd=703.8234500000563}, {aaa=2479.0, ccc=-12478.0, bbb=3478.0, ddd=703.9234500000563}, {aaa=2480.0, ccc=-12479.0, bbb=3479.0, ddd=704.0234500000563}, {aaa=2481.0, ccc=-12480.0, bbb=3480.0, ddd=704.1234500000563}, {aaa=2482.0, ccc=-12481.0, bbb=3481.0, ddd=704.2234500000563}, {aaa=2483.0, ccc=-12482.0, bbb=3482.0, ddd=704.3234500000564}, {aaa=2484.0, ccc=-12483.0, bbb=3483.0, ddd=704.4234500000564}, {aaa=2485.0, ccc=-12484.0, bbb=3484.0, ddd=704.5234500000564}, {aaa=2486.0, ccc=-12485.0, bbb=3485.0, ddd=704.6234500000564}, {aaa=2487.0, ccc=-12486.0, bbb=3486.0, ddd=704.7234500000565}, {aaa=2488.0, ccc=-12487.0, bbb=3487.0, ddd=704.8234500000565}, {aaa=2489.0, ccc=-12488.0, bbb=3488.0, ddd=704.9234500000565}, {aaa=2490.0, ccc=-12489.0, bbb=3489.0, ddd=705.0234500000565}, {aaa=2491.0, ccc=-12490.0, bbb=3490.0, ddd=705.1234500000566}, {aaa=2492.0, ccc=-12491.0, bbb=3491.0, ddd=705.2234500000566}, {aaa=2493.0, ccc=-12492.0, bbb=3492.0, ddd=705.3234500000566}, {aaa=2494.0, ccc=-12493.0, bbb=3493.0, ddd=705.4234500000566}, {aaa=2495.0, ccc=-12494.0, bbb=3494.0, ddd=705.5234500000566}, {aaa=2496.0, ccc=-12495.0, bbb=3495.0, ddd=705.6234500000567}, {aaa=2497.0, ccc=-12496.0, bbb=3496.0, ddd=705.7234500000567}, {aaa=2498.0, ccc=-12497.0, bbb=3497.0, ddd=705.8234500000567}, {aaa=2499.0, ccc=-12498.0, bbb=3498.0, ddd=705.9234500000567}, {aaa=2500.0, ccc=-12499.0, bbb=3499.0, ddd=706.0234500000568}]}
20:43:24.149 [Test worker] DEBUG o.x.d.ExcelR1C1DefinitionLoader - Start loading table definition from sheet formatForceString
20:43:24.153 [Test worker] INFO  o.x.d.ExcelR1C1DefinitionLoader - Loaded table definition from sheet formatForceString [4 msec]
20:43:24.153 [Test worker] DEBUG org.xlbean.data.ExcelDataLoader - Start loading data: tests
20:43:24.154 [Test worker] TRACE org.xlbean.data.TableValueLoader - {aaaa=1.0, bbbb=[{value=1.0, key=key1}, {value=2.0, key=key2}, {value=3.0, key=key3}, {value=4.0, key=key4}, {value=5.0, key=key5}, {value=6.0, key=key6}]}
20:43:24.154 [Test worker] TRACE org.xlbean.data.TableValueLoader - {aaaa=2.0, bbbb=[{value=1.0, key=key1}, {value=2.0, key=key2}, {value=3.0, key=key3}, {value=4.0, key=key4}, {value=5.0, key=key5}]}
20:43:24.155 [Test worker] TRACE org.xlbean.data.TableValueLoader - {aaaa=3.0, bbbb=[{value=1.0, key=key1}, null, {value=3.0, key=key3}, {value=4.0, key=key4}, {value=5.0, key=key5}]}
20:43:24.155 [Test worker] TRACE org.xlbean.data.TableValueLoader - {aaaa=4.0, bbbb=[{value=1.0, key=key1}, {value=2.0, key=key2}]}
20:43:24.155 [Test worker] TRACE org.xlbean.data.TableValueLoader - {aaaa=5.0, bbbb=[{value=1.0}]}
20:43:24.155 [Test worker] TRACE org.xlbean.data.TableValueLoader - {aaaa=6.0, bbbb=[null, null, null, null, null, {value=6.0, key=key6}]}
20:43:24.155 [Test worker] TRACE org.xlbean.data.TableValueLoader - {aaaa=7.0, bbbb=[{key=key1}]}
20:43:24.155 [Test worker] TRACE org.xlbean.data.TableValueLoader - {}
20:43:24.155 [Test worker] INFO  org.xlbean.data.ExcelDataLoader - Loaded data: tests [2 msec]
20:43:24.273 [Test worker] DEBUG o.x.d.ExcelR1C1DefinitionLoader - Start loading table definition from sheet format
20:43:24.275 [Test worker] INFO  o.x.d.ExcelR1C1DefinitionLoader - Loaded table definition from sheet format [2 msec]
20:43:24.275 [Test worker] DEBUG o.x.d.ExcelR1C1DefinitionLoader - Start loading table definition from sheet formatForceString
20:43:24.277 [Test worker] INFO  o.x.d.ExcelR1C1DefinitionLoader - Loaded table definition from sheet formatForceString [2 msec]
20:43:24.277 [Test worker] DEBUG org.xlbean.data.ExcelDataLoader - Start loading data: format
20:43:24.279 [Test worker] TRACE org.xlbean.data.TableValueLoader - {date=2017/03/18 00:00:00.000, number=12345.6789, string=abcde, percentage=0.1, currency=100.12, id=1.0, accounting=100.12, time=06:55:00.000, user=2017/03/18 00:00:00.000}
20:43:24.280 [Test worker] TRACE org.xlbean.data.TableValueLoader - {date=2017/03/18 00:00:00.000, number=12345.6789, string=12345, percentage=1.1, currency=100.12, id=2.0, accounting=100.12, time=06:55:00.000, user=2017/03/18 00:00:00.000}
20:43:24.281 [Test worker] TRACE org.xlbean.data.TableValueLoader - {date=2017/03/18 00:00:00.000, number=12345.6789, currency=100.12, id=3.0, accounting=100.12, time=06:55:00.000, user=06:59:00.000}
20:43:24.281 [Test worker] TRACE org.xlbean.data.TableValueLoader - {date=2017/03/18 00:00:00.000, number=12345.6789, currency=100.12, id=4.0, time=06:55:00.000, user=06:59:00.000}
20:43:24.282 [Test worker] TRACE org.xlbean.data.TableValueLoader - {date=2017/03/18 00:00:00.000, number=12345.6789, currency=100.12, id=5.0, time=06:55:00.000, user=1234.0}
20:43:24.283 [Test worker] TRACE org.xlbean.data.TableValueLoader - {date=2017/03/18 00:00:00.000, number=12345.6789, currency=100.12, id=6.0, time=06:55:00.000}
20:43:24.284 [Test worker] TRACE org.xlbean.data.TableValueLoader - {date=2017/03/18 00:00:00.000, number=12345.6789, currency=100.12, id=7.0, time=06:55:00.000}
20:43:24.285 [Test worker] TRACE org.xlbean.data.TableValueLoader - {date=2017/03/18 00:00:00.000, number=12345.6789, currency=100.12, id=8.0, time=06:55:00.000}
20:43:24.286 [Test worker] TRACE org.xlbean.data.TableValueLoader - {date=2017/03/18 00:00:00.000, number=12345.6789, currency=100.12, id=9.0, time=06:55:00.000}
20:43:24.286 [Test worker] TRACE org.xlbean.data.TableValueLoader - {date=2017/03/18 00:00:00.000, number=12345.6789, id=10.0, time=06:55:00.000}
20:43:24.286 [Test worker] TRACE org.xlbean.data.TableValueLoader - {date=2017/03/18 00:00:00.000, number=12345.6789, id=11.0}
20:43:24.286 [Test worker] TRACE org.xlbean.data.TableValueLoader - {date=2017/03/18 00:00:00.000, number=1.0, id=12.0}
20:43:24.286 [Test worker] TRACE org.xlbean.data.TableValueLoader - {date=2017/03/18 00:00:00.000, id=13.0}
20:43:24.286 [Test worker] TRACE org.xlbean.data.TableValueLoader - {date=2017/03/18 00:00:00.000, id=14.0}
20:43:24.287 [Test worker] TRACE org.xlbean.data.TableValueLoader - {date=2017/03/18 00:00:00.000, id=15.0}
20:43:24.287 [Test worker] TRACE org.xlbean.data.TableValueLoader - {}
20:43:24.287 [Test worker] INFO  org.xlbean.data.ExcelDataLoader - Loaded data: format [10 msec]
20:43:24.287 [Test worker] DEBUG org.xlbean.data.ExcelDataLoader - Start loading data: formatStr
20:43:24.405 [Test worker] TRACE org.xlbean.data.TableValueLoader - {date=3/18/17, number=12345.6789, string=abcde, percentage=10%, currency=¥100, id=1.0, accounting=¥   100, time=6:55:00 午前, user=2017}
20:43:24.409 [Test worker] TRACE org.xlbean.data.TableValueLoader - {date=土曜日, 3月 18, 2017, number=12346, string=12345, percentage=110.0%, currency=¥100, id=2.0, accounting=¥   100.120, time=6:55, user=3}
20:43:24.412 [Test worker] TRACE org.xlbean.data.TableValueLoader - {date=2017"年"3"月"18"日", number=12346, currency=¥100, id=3.0, accounting=100, time=6:55 午前, user=6}
20:43:24.414 [Test worker] TRACE org.xlbean.data.TableValueLoader - {date=2017"年"3"月", number=12346, currency=¥100, id=4.0, time=6:55:00, user=659}
20:43:24.417 [Test worker] TRACE org.xlbean.data.TableValueLoader - {date=3"月"18"日", number=12346, currency=¥100, id=5.0, time=6:55:00 午前, user=1234.000}
20:43:24.419 [Test worker] TRACE org.xlbean.data.TableValueLoader - {date=2017/3/18, number=12346, currency=¥100, id=6.0, time=1899/12/31 6:55 午前}
20:43:24.421 [Test worker] TRACE org.xlbean.data.TableValueLoader - {date=2017/3/18 12:00 午前, number=12346, currency=¥100.12, id=7.0, time=1899/12/31 6:55}
20:43:24.423 [Test worker] TRACE org.xlbean.data.TableValueLoader - {date=2017/3/18 0:00, number=12346, currency=$100.12, id=8.0, time=0.2881944444444445}
20:43:24.425 [Test worker] TRACE org.xlbean.data.TableValueLoader - {date=3/18, number=12346, currency=100.12, id=9.0, time=0.2881944444444445}
20:43:24.426 [Test worker] TRACE org.xlbean.data.TableValueLoader - {date=03/18/17, number=12345.68, id=10.0, time=6:55}
20:43:24.428 [Test worker] TRACE org.xlbean.data.TableValueLoader - {date=18-3, number=12,346, id=11.0, time=}
20:43:24.429 [Test worker] TRACE org.xlbean.data.TableValueLoader - {date=3-17, number=1, id=12.0, time=}
20:43:24.431 [Test worker] TRACE org.xlbean.data.TableValueLoader - {date=3月-17, id=13.0, time=}
20:43:24.435 [Test worker] TRACE org.xlbean.data.TableValueLoader - {date=3, id=14.0, time=}
20:43:24.436 [Test worker] TRACE org.xlbean.data.TableValueLoader - {date=3-17, id=15.0, time=}
20:43:24.437 [Test worker] TRACE org.xlbean.data.TableValueLoader - {date=}
20:43:24.437 [Test worker] INFO  org.xlbean.data.ExcelDataLoader - Loaded data: formatStr [150 msec]
{formatStr=[{date=3/18/17, number=12345.6789, string=abcde, percentage=10%, currency=¥100, id=1.0, accounting=¥   100, time=6:55:00 午前, user=2017}, {date=土曜日, 3月 18, 2017, number=12346, string=12345, percentage=110.0%, currency=¥100, id=2.0, accounting=¥   100.120, time=6:55, user=3}, {date=2017"年"3"月"18"日", number=12346, currency=¥100, id=3.0, accounting=100, time=6:55 午前, user=6}, {date=2017"年"3"月", number=12346, currency=¥100, id=4.0, time=6:55:00, user=659}, {date=3"月"18"日", number=12346, currency=¥100, id=5.0, time=6:55:00 午前, user=1234.000}, {date=2017/3/18, number=12346, currency=¥100, id=6.0, time=1899/12/31 6:55 午前}, {date=2017/3/18 12:00 午前, number=12346, currency=¥100.12, id=7.0, time=1899/12/31 6:55}, {date=2017/3/18 0:00, number=12346, currency=$100.12, id=8.0, time=0.2881944444444445}, {date=3/18, number=12346, currency=100.12, id=9.0, time=0.2881944444444445}, {date=03/18/17, number=12345.68, id=10.0, time=6:55}, {date=18-3, number=12,346, id=11.0, time=}, {date=3-17, number=1, id=12.0, time=}, {date=3月-17, id=13.0, time=}, {date=3, id=14.0, time=}, {date=3-17, id=15.0, time=}], format=[{date=2017/03/18 00:00:00.000, number=12345.6789, string=abcde, percentage=0.1, currency=100.12, id=1.0, accounting=100.12, time=06:55:00.000, user=2017/03/18 00:00:00.000}, {date=2017/03/18 00:00:00.000, number=12345.6789, string=12345, percentage=1.1, currency=100.12, id=2.0, accounting=100.12, time=06:55:00.000, user=2017/03/18 00:00:00.000}, {date=2017/03/18 00:00:00.000, number=12345.6789, currency=100.12, id=3.0, accounting=100.12, time=06:55:00.000, user=06:59:00.000}, {date=2017/03/18 00:00:00.000, number=12345.6789, currency=100.12, id=4.0, time=06:55:00.000, user=06:59:00.000}, {date=2017/03/18 00:00:00.000, number=12345.6789, currency=100.12, id=5.0, time=06:55:00.000, user=1234.0}, {date=2017/03/18 00:00:00.000, number=12345.6789, currency=100.12, id=6.0, time=06:55:00.000}, {date=2017/03/18 00:00:00.000, number=12345.6789, currency=100.12, id=7.0, time=06:55:00.000}, {date=2017/03/18 00:00:00.000, number=12345.6789, currency=100.12, id=8.0, time=06:55:00.000}, {date=2017/03/18 00:00:00.000, number=12345.6789, currency=100.12, id=9.0, time=06:55:00.000}, {date=2017/03/18 00:00:00.000, number=12345.6789, id=10.0, time=06:55:00.000}, {date=2017/03/18 00:00:00.000, number=12345.6789, id=11.0}, {date=2017/03/18 00:00:00.000, number=1.0, id=12.0}, {date=2017/03/18 00:00:00.000, id=13.0}, {date=2017/03/18 00:00:00.000, id=14.0}, {date=2017/03/18 00:00:00.000, id=15.0}]}
20:43:24.655 [Test worker] DEBUG o.x.d.ExcelR1C1DefinitionLoader - Start loading table definition from sheet bigtable
20:43:24.658 [Test worker] INFO  o.x.d.ExcelR1C1DefinitionLoader - Loaded table definition from sheet bigtable [3 msec]
]]></system-out>
  <system-err><![CDATA[]]></system-err>
</testsuite>
