<?xml version="1.0" encoding="UTF-8" standalone="yes"?><!DOCTYPE report PUBLIC "-//JACOCO//DTD Report 1.0//EN" "report.dtd"><report name="xlbean"><sessioninfo id="DESKTOP-F58CKQI-db3ff8d0" start="1500896267056" dump="1500896268813"/><sessioninfo id="DESKTOP-F58CKQI-20f9c583" start="1500896347071" dump="1500896348540"/><sessioninfo id="DESKTOP-F58CKQI-8996546b" start="1500896389070" dump="1500896392382"/><sessioninfo id="DESKTOP-F58CKQI-adefae4f" start="1500896438884" dump="1500896489354"/><sessioninfo id="DESKTOP-F58CKQI-2232b371" start="1500896592393" dump="1500896605543"/><sessioninfo id="DESKTOP-F58CKQI-a5ad9c57" start="1500896682478" dump="1500896694614"/><package name="org/xlbean/definition"><class name="org/xlbean/definition/BeanDefinitionLoader$BeanDefinitionLoaderContext"><method name="&lt;init&gt;" desc="(Lorg/xlbean/definition/BeanDefinitionLoader;)V" line="128"><counter type="INSTRUCTION" missed="0" covered="11"/><counter type="LINE" missed="0" covered="2"/><counter type="COMPLEXITY" missed="0" covered="1"/><counter type="METHOD" missed="0" covered="1"/></method><method name="getDepth" desc="()I" line="131"><counter type="INSTRUCTION" missed="0" covered="4"/><counter type="LINE" missed="0" covered="1"/><counter type="COMPLEXITY" missed="0" covered="1"/><counter type="METHOD" missed="0" covered="1"/></method><method name="push" desc="(Ljava/lang/String;)V" line="134"><counter type="INSTRUCTION" missed="0" covered="6"/><counter type="LINE" missed="0" covered="2"/><counter type="COMPLEXITY" missed="0" covered="1"/><counter type="METHOD" missed="0" covered="1"/></method><method name="pop" desc="()Ljava/lang/String;" line="137"><counter type="INSTRUCTION" missed="0" covered="16"/><counter type="BRANCH" missed="0" covered="2"/><counter type="LINE" missed="0" covered="3"/><counter type="COMPLEXITY" missed="0" covered="2"/><counter type="METHOD" missed="0" covered="1"/></method><method name="getCurrentName" desc="()Ljava/lang/String;" line="143"><counter type="INSTRUCTION" missed="0" covered="12"/><counter type="LINE" missed="0" covered="3"/><counter type="COMPLEXITY" missed="0" covered="1"/><counter type="METHOD" missed="0" covered="1"/></method><method name="lambda$getCurrentName$0" desc="(Ljava/lang/StringBuilder;Ljava/lang/String;)V" line="145"><counter type="INSTRUCTION" missed="0" covered="12"/><counter type="BRANCH" missed="0" covered="2"/><counter type="LINE" missed="0" covered="4"/><counter type="COMPLEXITY" missed="0" covered="2"/><counter type="METHOD" missed="0" covered="1"/></method><counter type="INSTRUCTION" missed="0" covered="61"/><counter type="BRANCH" missed="0" covered="4"/><counter type="LINE" missed="0" covered="15"/><counter type="COMPLEXITY" missed="0" covered="8"/><counter type="METHOD" missed="0" covered="6"/><counter type="CLASS" missed="0" covered="1"/></class><class name="org/xlbean/definition/DefinitionRepository"><method name="&lt;init&gt;" desc="()V" line="21"><counter type="INSTRUCTION" missed="0" covered="8"/><counter type="LINE" missed="0" covered="2"/><counter type="COMPLEXITY" missed="0" covered="1"/><counter type="METHOD" missed="0" covered="1"/></method><method name="addDefinition" desc="(Lorg/xlbean/definition/Definition;)V" line="40"><counter type="INSTRUCTION" missed="0" covered="35"/><counter type="BRANCH" missed="0" covered="6"/><counter type="LINE" missed="0" covered="11"/><counter type="COMPLEXITY" missed="0" covered="4"/><counter type="METHOD" missed="0" covered="1"/></method><method name="validate" desc="(Lorg/xlbean/excel/XlWorkbook;)V" line="64"><counter type="INSTRUCTION" missed="31" covered="26"/><counter type="BRANCH" missed="2" covered="4"/><counter type="LINE" missed="7" covered="7"/><counter type="COMPLEXITY" missed="2" covered="2"/><counter type="METHOD" missed="0" covered="1"/></method><method name="toMap" desc="()Ljava/util/Map;" line="85"><counter type="INSTRUCTION" missed="0" covered="11"/><counter type="LINE" missed="0" covered="3"/><counter type="COMPLEXITY" missed="0" covered="1"/><counter type="METHOD" missed="0" covered="1"/></method><method name="merge" desc="(Lorg/xlbean/definition/DefinitionRepository;)V" line="102"><counter type="INSTRUCTION" missed="0" covered="5"/><counter type="LINE" missed="0" covered="2"/><counter type="COMPLEXITY" missed="0" covered="1"/><counter type="METHOD" missed="0" covered="1"/></method><method name="getDefinitions" desc="()Ljava/util/List;" line="106"><counter type="INSTRUCTION" missed="0" covered="3"/><counter type="LINE" missed="0" covered="1"/><counter type="COMPLEXITY" missed="0" covered="1"/><counter type="METHOD" missed="0" covered="1"/></method><method name="sort" desc="(Ljava/util/Comparator;)V" line="110"><counter type="INSTRUCTION" missed="0" covered="5"/><counter type="LINE" missed="0" covered="2"/><counter type="COMPLEXITY" missed="0" covered="1"/><counter type="METHOD" missed="0" covered="1"/></method><method name="forEach" desc="(Ljava/util/function/Consumer;)V" line="114"><counter type="INSTRUCTION" missed="0" covered="5"/><counter type="LINE" missed="0" covered="2"/><counter type="COMPLEXITY" missed="0" covered="1"/><counter type="METHOD" missed="0" covered="1"/></method><method name="toString" desc="()Ljava/lang/String;" line="119"><counter type="INSTRUCTION" missed="12" covered="0"/><counter type="LINE" missed="1" covered="0"/><counter type="COMPLEXITY" missed="1" covered="0"/><counter type="METHOD" missed="1" covered="0"/></method><method name="lambda$toMap$0" desc="(Ljava/util/Map;Lorg/xlbean/definition/Definition;)V" line="87"><counter type="INSTRUCTION" missed="0" covered="15"/><counter type="BRANCH" missed="1" covered="1"/><counter type="LINE" missed="0" covered="4"/><counter type="COMPLEXITY" missed="1" covered="1"/><counter type="METHOD" missed="0" covered="1"/></method><method name="&lt;clinit&gt;" desc="()V" line="23"><counter type="INSTRUCTION" missed="0" covered="4"/><counter type="LINE" missed="0" covered="1"/><counter type="COMPLEXITY" missed="0" covered="1"/><counter type="METHOD" missed="0" covered="1"/></method><counter type="INSTRUCTION" missed="43" covered="117"/><counter type="BRANCH" missed="3" covered="11"/><counter type="LINE" missed="8" covered="35"/><counter type="COMPLEXITY" missed="4" covered="14"/><counter type="METHOD" missed="1" covered="10"/><counter type="CLASS" missed="0" covered="1"/></class><class name="org/xlbean/definition/BeanDefinitionLoader"><method name="&lt;init&gt;" desc="()V" line="15"><counter type="INSTRUCTION" missed="0" covered="8"/><counter type="LINE" missed="0" covered="2"/><counter type="COMPLEXITY" missed="0" covered="1"/><counter type="METHOD" missed="0" covered="1"/></method><method name="initialize" desc="(Ljava/lang/Object;)V" line="21"><counter type="INSTRUCTION" missed="0" covered="4"/><counter type="LINE" missed="0" covered="2"/><counter type="COMPLEXITY" missed="0" covered="1"/><counter type="METHOD" missed="0" covered="1"/></method><method name="load" desc="()Lorg/xlbean/definition/DefinitionRepository;" line="26"><counter type="INSTRUCTION" missed="8" covered="29"/><counter type="BRANCH" missed="3" covered="1"/><counter type="LINE" missed="1" covered="8"/><counter type="COMPLEXITY" missed="2" covered="1"/><counter type="METHOD" missed="0" covered="1"/></method><method name="setCellInfo" desc="(Lorg/xlbean/definition/DefinitionRepository;)V" line="42"><counter type="INSTRUCTION" missed="0" covered="11"/><counter type="LINE" missed="0" covered="3"/><counter type="COMPLEXITY" missed="0" covered="1"/><counter type="METHOD" missed="0" covered="1"/></method><method name="loadInternal" desc="(Ljava/lang/Object;Lorg/xlbean/definition/BeanDefinitionLoader$BeanDefinitionLoaderContext;)Lorg/xlbean/definition/DefinitionRepository;" line="76"><counter type="INSTRUCTION" missed="0" covered="33"/><counter type="BRANCH" missed="0" covered="4"/><counter type="LINE" missed="0" covered="8"/><counter type="COMPLEXITY" missed="0" covered="3"/><counter type="METHOD" missed="0" covered="1"/></method><method name="loadSingleDefinition" desc="(Lorg/xlbean/definition/BeanDefinitionLoader$BeanDefinitionLoaderContext;Lorg/xlbean/definition/DefinitionRepository;)V" line="97"><counter type="INSTRUCTION" missed="3" covered="19"/><counter type="BRANCH" missed="1" covered="1"/><counter type="LINE" missed="1" covered="6"/><counter type="COMPLEXITY" missed="1" covered="1"/><counter type="METHOD" missed="0" covered="1"/></method><method name="loadTableDefinition" desc="(Ljava/lang/Object;Lorg/xlbean/definition/BeanDefinitionLoader$BeanDefinitionLoaderContext;Lorg/xlbean/definition/DefinitionRepository;)V" line="107"><counter type="INSTRUCTION" missed="3" covered="53"/><counter type="BRANCH" missed="1" covered="3"/><counter type="LINE" missed="1" covered="12"/><counter type="COMPLEXITY" missed="1" covered="2"/><counter type="METHOD" missed="0" covered="1"/></method><method name="lambda$loadTableDefinition$2" desc="(Lorg/xlbean/definition/TableDefinition;Lorg/xlbean/definition/Definition;)V" line="119"><counter type="INSTRUCTION" missed="0" covered="5"/><counter type="LINE" missed="0" covered="1"/><counter type="COMPLEXITY" missed="0" covered="1"/><counter type="METHOD" missed="0" covered="1"/></method><method name="lambda$loadInternal$1" desc="(Lorg/xlbean/definition/BeanDefinitionLoader$BeanDefinitionLoaderContext;Lorg/xlbean/definition/DefinitionRepository;Ljava/lang/Object;Ljava/lang/Object;)V" line="79"><counter type="INSTRUCTION" missed="1" covered="13"/><counter type="BRANCH" missed="1" covered="1"/><counter type="LINE" missed="1" covered="4"/><counter type="COMPLEXITY" missed="1" covered="1"/><counter type="METHOD" missed="0" covered="1"/></method><method name="lambda$setCellInfo$0" desc="(Lorg/xlbean/definition/BeanDefinitionLoader$CellInfoGenerator;Lorg/xlbean/definition/Definition;)V" line="44"><counter type="INSTRUCTION" missed="0" covered="64"/><counter type="BRANCH" missed="0" covered="4"/><counter type="LINE" missed="0" covered="15"/><counter type="COMPLEXITY" missed="0" covered="3"/><counter type="METHOD" missed="0" covered="1"/></method><counter type="INSTRUCTION" missed="15" covered="239"/><counter type="BRANCH" missed="6" covered="14"/><counter type="LINE" missed="4" covered="60"/><counter type="COMPLEXITY" missed="5" covered="15"/><counter type="METHOD" missed="0" covered="10"/><counter type="CLASS" missed="0" covered="1"/></class><class name="org/xlbean/definition/ExcelCommentDefinitionLoader"><method name="&lt;init&gt;" desc="()V" line="14"><counter type="INSTRUCTION" missed="0" covered="3"/><counter type="LINE" missed="0" covered="1"/><counter type="COMPLEXITY" missed="0" covered="1"/><counter type="METHOD" missed="0" covered="1"/></method><method name="initialize" desc="(Ljava/lang/Object;)V" line="20"><counter type="INSTRUCTION" missed="13" covered="11"/><counter type="BRANCH" missed="2" covered="2"/><counter type="LINE" missed="1" covered="3"/><counter type="COMPLEXITY" missed="2" covered="1"/><counter type="METHOD" missed="0" covered="1"/></method><method name="getDefinitionResolvers" desc="()Ljava/util/List;" line="44"><counter type="INSTRUCTION" missed="0" covered="2"/><counter type="LINE" missed="0" covered="1"/><counter type="COMPLEXITY" missed="0" covered="1"/><counter type="METHOD" missed="0" covered="1"/></method><method name="isProcessingTargetSheet" desc="(Lorg/xlbean/excel/XlSheet;)Z" line="48"><counter type="INSTRUCTION" missed="0" covered="7"/><counter type="LINE" missed="0" covered="1"/><counter type="COMPLEXITY" missed="0" covered="1"/><counter type="METHOD" missed="0" covered="1"/></method><method name="readDefinition" desc="(Lorg/xlbean/excel/XlSheet;)Lorg/xlbean/definition/DefinitionRepository;" line="53"><counter type="INSTRUCTION" missed="2" covered="38"/><counter type="BRANCH" missed="1" covered="5"/><counter type="LINE" missed="1" covered="8"/><counter type="COMPLEXITY" missed="1" covered="3"/><counter type="METHOD" missed="0" covered="1"/></method><method name="resolveDefinition" desc="(Lorg/xlbean/definition/DefinitionRepository;Lorg/xlbean/excel/XlSheet;II)V" line="71"><counter type="INSTRUCTION" missed="5" covered="57"/><counter type="BRANCH" missed="1" covered="5"/><counter type="LINE" missed="1" covered="13"/><counter type="COMPLEXITY" missed="1" covered="3"/><counter type="METHOD" missed="0" covered="1"/></method><method name="lambda$resolveDefinition$0" desc="(Ljava/lang/String;)Ljava/lang/String;" line="75"><counter type="INSTRUCTION" missed="0" covered="3"/><counter type="LINE" missed="0" covered="1"/><counter type="COMPLEXITY" missed="0" covered="1"/><counter type="METHOD" missed="0" covered="1"/></method><method name="&lt;clinit&gt;" desc="()V" line="16"><counter type="INSTRUCTION" missed="0" covered="20"/><counter type="LINE" missed="0" covered="3"/><counter type="COMPLEXITY" missed="0" covered="1"/><counter type="METHOD" missed="0" covered="1"/></method><counter type="INSTRUCTION" missed="20" covered="141"/><counter type="BRANCH" missed="4" covered="12"/><counter type="LINE" missed="3" covered="30"/><counter type="COMPLEXITY" missed="4" covered="12"/><counter type="METHOD" missed="0" covered="8"/><counter type="CLASS" missed="0" covered="1"/></class><class name="org/xlbean/definition/TableDefinitionResolver"><method name="&lt;init&gt;" desc="()V" line="9"><counter type="INSTRUCTION" missed="0" covered="3"/><counter type="LINE" missed="0" covered="1"/><counter type="COMPLEXITY" missed="0" covered="1"/><counter type="METHOD" missed="0" covered="1"/></method><method name="isResolvable" desc="(Ljava/lang/String;)Z" line="21"><counter type="INSTRUCTION" missed="2" covered="7"/><counter type="BRANCH" missed="1" covered="1"/><counter type="LINE" missed="1" covered="2"/><counter type="COMPLEXITY" missed="1" covered="1"/><counter type="METHOD" missed="0" covered="1"/></method><method name="resolve" desc="(Ljava/lang/String;Lorg/xlbean/excel/XlCellAddress;)Lorg/xlbean/definition/Definition;" line="29"><counter type="INSTRUCTION" missed="0" covered="72"/><counter type="LINE" missed="0" covered="16"/><counter type="COMPLEXITY" missed="0" covered="1"/><counter type="METHOD" missed="0" covered="1"/></method><method name="lambda$resolve$1" desc="(I)[Ljava/lang/String;" line="29"><counter type="INSTRUCTION" missed="0" covered="3"/><counter type="LINE" missed="0" covered="1"/><counter type="COMPLEXITY" missed="0" covered="1"/><counter type="METHOD" missed="0" covered="1"/></method><method name="lambda$resolve$0" desc="(Ljava/lang/String;)Ljava/lang/String;" line="29"><counter type="INSTRUCTION" missed="0" covered="3"/><counter type="LINE" missed="0" covered="1"/><counter type="COMPLEXITY" missed="0" covered="1"/><counter type="METHOD" missed="0" covered="1"/></method><method name="&lt;clinit&gt;" desc="()V" line="13"><counter type="INSTRUCTION" missed="0" covered="64"/><counter type="LINE" missed="0" covered="3"/><counter type="COMPLEXITY" missed="0" covered="1"/><counter type="METHOD" missed="0" covered="1"/></method><counter type="INSTRUCTION" missed="2" covered="152"/><counter type="BRANCH" missed="1" covered="1"/><counter type="LINE" missed="1" covered="22"/><counter type="COMPLEXITY" missed="1" covered="6"/><counter type="METHOD" missed="0" covered="6"/><counter type="CLASS" missed="0" covered="1"/></class><class name="org/xlbean/definition/BeanDefinitionLoader$CellInfoGenerator"><method name="&lt;init&gt;" desc="(Lorg/xlbean/definition/BeanDefinitionLoader;)V" line="64"><counter type="INSTRUCTION" missed="0" covered="12"/><counter type="LINE" missed="0" covered="3"/><counter type="COMPLEXITY" missed="0" covered="1"/><counter type="METHOD" missed="0" covered="1"/></method><method name="generateCellForTableColumn" desc="()Lorg/xlbean/excel/XlCellAddress;" line="68"><counter type="INSTRUCTION" missed="0" covered="17"/><counter type="LINE" missed="0" covered="1"/><counter type="COMPLEXITY" missed="0" covered="1"/><counter type="METHOD" missed="0" covered="1"/></method><method name="generateCellForSingle" desc="()Lorg/xlbean/excel/XlCellAddress;" line="71"><counter type="INSTRUCTION" missed="0" covered="17"/><counter type="LINE" missed="0" covered="1"/><counter type="COMPLEXITY" missed="0" covered="1"/><counter type="METHOD" missed="0" covered="1"/></method><counter type="INSTRUCTION" missed="0" covered="46"/><counter type="LINE" missed="0" covered="5"/><counter type="COMPLEXITY" missed="0" covered="3"/><counter type="METHOD" missed="0" covered="3"/><counter type="CLASS" missed="0" covered="1"/></class><class name="org/xlbean/definition/SingleDefinition"><method name="&lt;init&gt;" desc="()V" line="17"><counter type="INSTRUCTION" missed="0" covered="3"/><counter type="LINE" missed="0" covered="1"/><counter type="COMPLEXITY" missed="0" covered="1"/><counter type="METHOD" missed="0" covered="1"/></method><method name="getCell" desc="()Lorg/xlbean/excel/XlCellAddress;" line="24"><counter type="INSTRUCTION" missed="0" covered="3"/><counter type="LINE" missed="0" covered="1"/><counter type="COMPLEXITY" missed="0" covered="1"/><counter type="METHOD" missed="0" covered="1"/></method><method name="setCell" desc="(Lorg/xlbean/excel/XlCellAddress;)V" line="27"><counter type="INSTRUCTION" missed="0" covered="4"/><counter type="LINE" missed="0" covered="2"/><counter type="COMPLEXITY" missed="0" covered="1"/><counter type="METHOD" missed="0" covered="1"/></method><method name="merge" desc="(Lorg/xlbean/definition/Definition;)V" line="31"><counter type="INSTRUCTION" missed="8" covered="26"/><counter type="BRANCH" missed="5" covered="5"/><counter type="LINE" missed="2" covered="6"/><counter type="COMPLEXITY" missed="5" covered="1"/><counter type="METHOD" missed="0" covered="1"/></method><method name="validate" desc="()Z" line="45"><counter type="INSTRUCTION" missed="1" covered="14"/><counter type="BRANCH" missed="3" covered="3"/><counter type="LINE" missed="0" covered="1"/><counter type="COMPLEXITY" missed="3" covered="1"/><counter type="METHOD" missed="0" covered="1"/></method><method name="toString" desc="()Ljava/lang/String;" line="49"><counter type="INSTRUCTION" missed="12" covered="0"/><counter type="LINE" missed="1" covered="0"/><counter type="COMPLEXITY" missed="1" covered="0"/><counter type="METHOD" missed="1" covered="0"/></method><method name="&lt;clinit&gt;" desc="()V" line="19"><counter type="INSTRUCTION" missed="0" covered="4"/><counter type="LINE" missed="0" covered="1"/><counter type="COMPLEXITY" missed="0" covered="1"/><counter type="METHOD" missed="0" covered="1"/></method><counter type="INSTRUCTION" missed="21" covered="54"/><counter type="BRANCH" missed="8" covered="8"/><counter type="LINE" missed="3" covered="12"/><counter type="COMPLEXITY" missed="9" covered="6"/><counter type="METHOD" missed="1" covered="6"/><counter type="CLASS" missed="0" covered="1"/></class><class name="org/xlbean/definition/Definition"><method name="&lt;init&gt;" desc="()V" line="14"><counter type="INSTRUCTION" missed="0" covered="8"/><counter type="LINE" missed="0" covered="2"/><counter type="COMPLEXITY" missed="0" covered="1"/><counter type="METHOD" missed="0" covered="1"/></method><method name="getName" desc="()Ljava/lang/String;" line="35"><counter type="INSTRUCTION" missed="0" covered="3"/><counter type="LINE" missed="0" covered="1"/><counter type="COMPLEXITY" missed="0" covered="1"/><counter type="METHOD" missed="0" covered="1"/></method><method name="setName" desc="(Ljava/lang/String;)V" line="39"><counter type="INSTRUCTION" missed="0" covered="4"/><counter type="LINE" missed="0" covered="2"/><counter type="COMPLEXITY" missed="0" covered="1"/><counter type="METHOD" missed="0" covered="1"/></method><method name="getDefinitionId" desc="()Ljava/lang/String;" line="43"><counter type="INSTRUCTION" missed="0" covered="13"/><counter type="LINE" missed="0" covered="1"/><counter type="COMPLEXITY" missed="0" covered="1"/><counter type="METHOD" missed="0" covered="1"/></method><method name="getOriginalKeyString" desc="()Ljava/lang/String;" line="47"><counter type="INSTRUCTION" missed="0" covered="3"/><counter type="LINE" missed="0" covered="1"/><counter type="COMPLEXITY" missed="0" covered="1"/><counter type="METHOD" missed="0" covered="1"/></method><method name="setOriginalKeyString" desc="(Ljava/lang/String;)V" line="51"><counter type="INSTRUCTION" missed="0" covered="4"/><counter type="LINE" missed="0" covered="2"/><counter type="COMPLEXITY" missed="0" covered="1"/><counter type="METHOD" missed="0" covered="1"/></method><method name="getOptions" desc="()Ljava/util/Map;" line="55"><counter type="INSTRUCTION" missed="0" covered="3"/><counter type="LINE" missed="0" covered="1"/><counter type="COMPLEXITY" missed="0" covered="1"/><counter type="METHOD" missed="0" covered="1"/></method><method name="setOptions" desc="(Ljava/util/Map;)V" line="59"><counter type="INSTRUCTION" missed="4" covered="0"/><counter type="LINE" missed="2" covered="0"/><counter type="COMPLEXITY" missed="1" covered="0"/><counter type="METHOD" missed="1" covered="0"/></method><method name="getSheetName" desc="()Ljava/lang/String;" line="63"><counter type="INSTRUCTION" missed="0" covered="3"/><counter type="LINE" missed="0" covered="1"/><counter type="COMPLEXITY" missed="0" covered="1"/><counter type="METHOD" missed="0" covered="1"/></method><method name="setSheetName" desc="(Ljava/lang/String;)V" line="67"><counter type="INSTRUCTION" missed="0" covered="4"/><counter type="LINE" missed="0" covered="2"/><counter type="COMPLEXITY" missed="0" covered="1"/><counter type="METHOD" missed="0" covered="1"/></method><method name="getSheet" desc="()Lorg/xlbean/excel/XlSheet;" line="71"><counter type="INSTRUCTION" missed="0" covered="3"/><counter type="LINE" missed="0" covered="1"/><counter type="COMPLEXITY" missed="0" covered="1"/><counter type="METHOD" missed="0" covered="1"/></method><method name="setSheet" desc="(Lorg/xlbean/excel/XlSheet;)V" line="75"><counter type="INSTRUCTION" missed="0" covered="4"/><counter type="LINE" missed="0" covered="2"/><counter type="COMPLEXITY" missed="0" covered="1"/><counter type="METHOD" missed="0" covered="1"/></method><method name="addOptions" desc="(Ljava/util/Map;)V" line="78"><counter type="INSTRUCTION" missed="0" covered="5"/><counter type="LINE" missed="0" covered="2"/><counter type="COMPLEXITY" missed="0" covered="1"/><counter type="METHOD" missed="0" covered="1"/></method><counter type="INSTRUCTION" missed="4" covered="57"/><counter type="LINE" missed="2" covered="18"/><counter type="COMPLEXITY" missed="1" covered="12"/><counter type="METHOD" missed="1" covered="12"/><counter type="CLASS" missed="0" covered="1"/></class><class name="org/xlbean/definition/DefinitionResolver"><method name="&lt;init&gt;" desc="()V" line="9"><counter type="INSTRUCTION" missed="0" covered="3"/><counter type="LINE" missed="0" covered="1"/><counter type="COMPLEXITY" missed="0" covered="1"/><counter type="METHOD" missed="0" covered="1"/></method><method name="parseName" desc="(Ljava/lang/String;)Ljava/lang/String;" line="25"><counter type="INSTRUCTION" missed="0" covered="13"/><counter type="BRANCH" missed="0" covered="2"/><counter type="LINE" missed="0" covered="3"/><counter type="COMPLEXITY" missed="0" covered="2"/><counter type="METHOD" missed="0" covered="1"/></method><method name="parseOptions" desc="(Ljava/lang/String;)Ljava/util/Map;" line="33"><counter type="INSTRUCTION" missed="0" covered="29"/><counter type="BRANCH" missed="0" covered="2"/><counter type="LINE" missed="0" covered="7"/><counter type="COMPLEXITY" missed="0" covered="2"/><counter type="METHOD" missed="0" covered="1"/></method><method name="lambda$parseOptions$1" desc="(Ljava/util/Map;[Ljava/lang/String;)V" line="39"><counter type="INSTRUCTION" missed="0" covered="11"/><counter type="LINE" missed="0" covered="1"/><counter type="COMPLEXITY" missed="0" covered="1"/><counter type="METHOD" missed="0" covered="1"/></method><method name="lambda$parseOptions$0" desc="(Ljava/lang/String;)[Ljava/lang/String;" line="38"><counter type="INSTRUCTION" missed="0" covered="5"/><counter type="LINE" missed="0" covered="1"/><counter type="COMPLEXITY" missed="0" covered="1"/><counter type="METHOD" missed="0" covered="1"/></method><counter type="INSTRUCTION" missed="0" covered="61"/><counter type="BRANCH" missed="0" covered="4"/><counter type="LINE" missed="0" covered="11"/><counter type="COMPLEXITY" missed="0" covered="7"/><counter type="METHOD" missed="0" covered="5"/><counter type="CLASS" missed="0" covered="1"/></class><class name="org/xlbean/definition/DefinitionLoader"><method name="&lt;init&gt;" desc="()V" line="3"><counter type="INSTRUCTION" missed="0" covered="3"/><counter type="LINE" missed="0" covered="1"/><counter type="COMPLEXITY" missed="0" covered="1"/><counter type="METHOD" missed="0" covered="1"/></method><method name="getDefinitionSource" desc="()Ljava/lang/Object;" line="12"><counter type="INSTRUCTION" missed="0" covered="3"/><counter type="LINE" missed="0" covered="1"/><counter type="COMPLEXITY" missed="0" covered="1"/><counter type="METHOD" missed="0" covered="1"/></method><method name="setDefinitionSource" desc="(Ljava/lang/Object;)V" line="16"><counter type="INSTRUCTION" missed="0" covered="4"/><counter type="LINE" missed="0" covered="2"/><counter type="COMPLEXITY" missed="0" covered="1"/><counter type="METHOD" missed="0" covered="1"/></method><counter type="INSTRUCTION" missed="0" covered="10"/><counter type="LINE" missed="0" covered="4"/><counter type="COMPLEXITY" missed="0" covered="3"/><counter type="METHOD" missed="0" covered="3"/><counter type="CLASS" missed="0" covered="1"/></class><class name="org/xlbean/definition/ExcelCommentDefinitionLoader$1"><method name="&lt;init&gt;" desc="()V" line="28"><counter type="INSTRUCTION" missed="0" covered="3"/><counter type="LINE" missed="0" covered="1"/><counter type="COMPLEXITY" missed="0" covered="1"/><counter type="METHOD" missed="0" covered="1"/></method><method name="resolve" desc="(Ljava/lang/String;Lorg/xlbean/excel/XlCellAddress;)Lorg/xlbean/definition/Definition;" line="31"><counter type="INSTRUCTION" missed="0" covered="25"/><counter type="LINE" missed="0" covered="7"/><counter type="COMPLEXITY" missed="0" covered="1"/><counter type="METHOD" missed="0" covered="1"/></method><counter type="INSTRUCTION" missed="0" covered="28"/><counter type="LINE" missed="0" covered="8"/><counter type="COMPLEXITY" missed="0" covered="2"/><counter type="METHOD" missed="0" covered="2"/><counter type="CLASS" missed="0" covered="1"/></class><class name="org/xlbean/definition/ExcelR1C1DefinitionLoader"><method name="&lt;init&gt;" desc="()V" line="24"><counter type="INSTRUCTION" missed="0" covered="3"/><counter type="LINE" missed="0" covered="1"/><counter type="COMPLEXITY" missed="0" covered="1"/><counter type="METHOD" missed="0" covered="1"/></method><method name="initialize" desc="(Ljava/lang/Object;)V" line="33"><counter type="INSTRUCTION" missed="13" covered="11"/><counter type="BRANCH" missed="2" covered="2"/><counter type="LINE" missed="1" covered="3"/><counter type="COMPLEXITY" missed="2" covered="1"/><counter type="METHOD" missed="0" covered="1"/></method><method name="load" desc="()Lorg/xlbean/definition/DefinitionRepository;" line="46"><counter type="INSTRUCTION" missed="0" covered="48"/><counter type="BRANCH" missed="0" covered="4"/><counter type="LINE" missed="0" covered="11"/><counter type="COMPLEXITY" missed="0" covered="3"/><counter type="METHOD" missed="0" covered="1"/></method><method name="isProcessingTargetSheet" desc="(Lorg/xlbean/excel/XlSheet;)Z" line="68"><counter type="INSTRUCTION" missed="0" covered="7"/><counter type="LINE" missed="0" covered="1"/><counter type="COMPLEXITY" missed="0" covered="1"/><counter type="METHOD" missed="0" covered="1"/></method><method name="getDefinitionResolver" desc="(Ljava/lang/String;)Lorg/xlbean/definition/DefinitionResolver;" line="72"><counter type="INSTRUCTION" missed="2" covered="18"/><counter type="BRANCH" missed="1" covered="3"/><counter type="LINE" missed="1" covered="4"/><counter type="COMPLEXITY" missed="1" covered="2"/><counter type="METHOD" missed="0" covered="1"/></method><method name="getDefinitionResolvers" desc="()Ljava/util/List;" line="81"><counter type="INSTRUCTION" missed="0" covered="2"/><counter type="LINE" missed="0" covered="1"/><counter type="COMPLEXITY" missed="0" covered="1"/><counter type="METHOD" missed="0" covered="1"/></method><method name="readDefinition" desc="(Lorg/xlbean/excel/XlSheet;)Lorg/xlbean/definition/DefinitionRepository;" line="85"><counter type="INSTRUCTION" missed="2" covered="42"/><counter type="BRANCH" missed="1" covered="5"/><counter type="LINE" missed="1" covered="9"/><counter type="COMPLEXITY" missed="1" covered="3"/><counter type="METHOD" missed="0" covered="1"/></method><method name="resolveDefinition" desc="(Lorg/xlbean/definition/DefinitionRepository;Lorg/xlbean/excel/XlSheet;IZ)V" line="105"><counter type="INSTRUCTION" missed="5" covered="80"/><counter type="BRANCH" missed="1" covered="9"/><counter type="LINE" missed="1" covered="19"/><counter type="COMPLEXITY" missed="1" covered="5"/><counter type="METHOD" missed="0" covered="1"/></method><method name="lambda$resolveDefinition$0" desc="(Ljava/lang/String;)Ljava/lang/String;" line="114"><counter type="INSTRUCTION" missed="0" covered="3"/><counter type="LINE" missed="0" covered="1"/><counter type="COMPLEXITY" missed="0" covered="1"/><counter type="METHOD" missed="0" covered="1"/></method><method name="&lt;clinit&gt;" desc="()V" line="26"><counter type="INSTRUCTION" missed="0" covered="20"/><counter type="LINE" missed="0" covered="3"/><counter type="COMPLEXITY" missed="0" covered="1"/><counter type="METHOD" missed="0" covered="1"/></method><counter type="INSTRUCTION" missed="22" covered="234"/><counter type="BRANCH" missed="5" covered="23"/><counter type="LINE" missed="4" covered="52"/><counter type="COMPLEXITY" missed="5" covered="19"/><counter type="METHOD" missed="0" covered="10"/><counter type="CLASS" missed="0" covered="1"/></class><class name="org/xlbean/definition/TableDefinition"><method name="&lt;init&gt;" desc="()V" line="26"><counter type="INSTRUCTION" missed="0" covered="8"/><counter type="LINE" missed="0" covered="2"/><counter type="COMPLEXITY" missed="0" covered="1"/><counter type="METHOD" missed="0" covered="1"/></method><method name="isDirectionDown" desc="()Z" line="49"><counter type="INSTRUCTION" missed="9" covered="15"/><counter type="BRANCH" missed="4" covered="2"/><counter type="LINE" missed="1" covered="3"/><counter type="COMPLEXITY" missed="3" covered="1"/><counter type="METHOD" missed="0" covered="1"/></method><method name="getAttributes" desc="()Ljava/util/Map;" line="64"><counter type="INSTRUCTION" missed="0" covered="3"/><counter type="LINE" missed="0" covered="1"/><counter type="COMPLEXITY" missed="0" covered="1"/><counter type="METHOD" missed="0" covered="1"/></method><method name="addAttribute" desc="(Lorg/xlbean/definition/SingleDefinition;)V" line="73"><counter type="INSTRUCTION" missed="0" covered="8"/><counter type="LINE" missed="0" covered="2"/><counter type="COMPLEXITY" missed="0" covered="1"/><counter type="METHOD" missed="0" covered="1"/></method><method name="getStartCell" desc="()Lorg/xlbean/excel/XlCellAddress;" line="82"><counter type="INSTRUCTION" missed="2" covered="12"/><counter type="BRANCH" missed="1" covered="1"/><counter type="LINE" missed="1" covered="3"/><counter type="COMPLEXITY" missed="1" covered="1"/><counter type="METHOD" missed="0" covered="1"/></method><method name="merge" desc="(Lorg/xlbean/definition/Definition;)V" line="102"><counter type="INSTRUCTION" missed="7" covered="25"/><counter type="BRANCH" missed="3" covered="3"/><counter type="LINE" missed="1" covered="7"/><counter type="COMPLEXITY" missed="3" covered="1"/><counter type="METHOD" missed="0" covered="1"/></method><method name="validate" desc="()Z" line="121"><counter type="INSTRUCTION" missed="1" covered="10"/><counter type="BRANCH" missed="2" covered="2"/><counter type="LINE" missed="0" covered="1"/><counter type="COMPLEXITY" missed="2" covered="1"/><counter type="METHOD" missed="0" covered="1"/></method><method name="setSheet" desc="(Lorg/xlbean/excel/XlSheet;)V" line="126"><counter type="INSTRUCTION" missed="0" covered="20"/><counter type="BRANCH" missed="0" covered="2"/><counter type="LINE" missed="0" covered="5"/><counter type="COMPLEXITY" missed="0" covered="2"/><counter type="METHOD" missed="0" covered="1"/></method><method name="setSheetName" desc="(Ljava/lang/String;)V" line="134"><counter type="INSTRUCTION" missed="0" covered="20"/><counter type="BRANCH" missed="0" covered="2"/><counter type="LINE" missed="0" covered="5"/><counter type="COMPLEXITY" missed="0" covered="2"/><counter type="METHOD" missed="0" covered="1"/></method><method name="toString" desc="()Ljava/lang/String;" line="142"><counter type="INSTRUCTION" missed="12" covered="0"/><counter type="LINE" missed="1" covered="0"/><counter type="COMPLEXITY" missed="1" covered="0"/><counter type="METHOD" missed="1" covered="0"/></method><method name="lambda$merge$0" desc="(Ljava/lang/String;Lorg/xlbean/definition/SingleDefinition;)V" line="109"><counter type="INSTRUCTION" missed="0" covered="19"/><counter type="BRANCH" missed="0" covered="2"/><counter type="LINE" missed="0" covered="5"/><counter type="COMPLEXITY" missed="0" covered="2"/><counter type="METHOD" missed="0" covered="1"/></method><method name="&lt;clinit&gt;" desc="()V" line="30"><counter type="INSTRUCTION" missed="0" covered="4"/><counter type="LINE" missed="0" covered="1"/><counter type="COMPLEXITY" missed="0" covered="1"/><counter type="METHOD" missed="0" covered="1"/></method><counter type="INSTRUCTION" missed="31" covered="144"/><counter type="BRANCH" missed="10" covered="14"/><counter type="LINE" missed="4" covered="35"/><counter type="COMPLEXITY" missed="10" covered="14"/><counter type="METHOD" missed="1" covered="11"/><counter type="CLASS" missed="0" covered="1"/></class><class name="org/xlbean/definition/SingleDefinitionResolver"><method name="&lt;init&gt;" desc="()V" line="7"><counter type="INSTRUCTION" missed="0" covered="3"/><counter type="LINE" missed="0" covered="1"/><counter type="COMPLEXITY" missed="0" covered="1"/><counter type="METHOD" missed="0" covered="1"/></method><method name="isResolvable" desc="(Ljava/lang/String;)Z" line="11"><counter type="INSTRUCTION" missed="2" covered="6"/><counter type="BRANCH" missed="1" covered="1"/><counter type="LINE" missed="1" covered="2"/><counter type="COMPLEXITY" missed="1" covered="1"/><counter type="METHOD" missed="0" covered="1"/></method><method name="resolve" desc="(Ljava/lang/String;Lorg/xlbean/excel/XlCellAddress;)Lorg/xlbean/definition/Definition;" line="19"><counter type="INSTRUCTION" missed="0" covered="20"/><counter type="LINE" missed="0" covered="6"/><counter type="COMPLEXITY" missed="0" covered="1"/><counter type="METHOD" missed="0" covered="1"/></method><counter type="INSTRUCTION" missed="2" covered="29"/><counter type="BRANCH" missed="1" covered="1"/><counter type="LINE" missed="1" covered="9"/><counter type="COMPLEXITY" missed="1" covered="3"/><counter type="METHOD" missed="0" covered="3"/><counter type="CLASS" missed="0" covered="1"/></class><sourcefile name="BeanDefinitionLoader.java"><line nr="15" mi="0" ci="2" mb="0" cb="0"/><line nr="17" mi="0" ci="6" mb="0" cb="0"/><line nr="21" mi="0" ci="3" mb="0" cb="0"/><line nr="22" mi="0" ci="1" mb="0" cb="0"/><line nr="26" mi="0" ci="3" mb="0" cb="0"/><line nr="27" mi="0" ci="2" mb="0" cb="0"/><line nr="28" mi="3" ci="3" mb="3" cb="1"/><line nr="29" mi="0" ci="3" mb="0" cb="0"/><line nr="31" mi="5" ci="0" mb="0" cb="0"/><line nr="33" mi="0" ci="9" mb="0" cb="0"/><line nr="34" mi="0" ci="4" mb="0" cb="0"/><line nr="36" mi="0" ci="3" mb="0" cb="0"/><line nr="38" mi="0" ci="2" mb="0" cb="0"/><line nr="42" mi="0" ci="6" mb="0" cb="0"/><line nr="43" mi="0" ci="4" mb="0" cb="0"/><line nr="44" mi="0" ci="3" mb="0" cb="2"/><line nr="45" mi="0" ci="3" mb="0" cb="0"/><line nr="47" mi="0" ci="19" mb="0" cb="2"/><line nr="48" mi="0" ci="4" mb="0" cb="0"/><line nr="49" mi="0" ci="1" mb="0" cb="0"/><line nr="50" mi="0" ci="4" mb="0" cb="0"/><line nr="51" mi="0" ci="3" mb="0" cb="0"/><line nr="52" mi="0" ci="3" mb="0" cb="0"/><line nr="53" mi="0" ci="9" mb="0" cb="0"/><line nr="54" mi="0" ci="3" mb="0" cb="0"/><line nr="55" mi="0" ci="1" mb="0" cb="0"/><line nr="57" mi="0" ci="3" mb="0" cb="0"/><line nr="58" mi="0" ci="4" mb="0" cb="0"/><line nr="60" mi="0" ci="3" mb="0" cb="0"/><line nr="61" mi="0" ci="1" mb="0" cb="0"/><line nr="62" mi="0" ci="1" mb="0" cb="0"/><line nr="64" mi="0" ci="5" mb="0" cb="0"/><line nr="65" mi="0" ci="3" mb="0" cb="0"/><line nr="66" mi="0" ci="4" mb="0" cb="0"/><line nr="68" mi="0" ci="17" mb="0" cb="0"/><line nr="71" mi="0" ci="17" mb="0" cb="0"/><line nr="76" mi="0" ci="4" mb="0" cb="0"/><line nr="77" mi="0" ci="3" mb="0" cb="2"/><line nr="78" mi="0" ci="8" mb="0" cb="0"/><line nr="79" mi="0" ci="2" mb="1" cb="1"/><line nr="80" mi="1" ci="0" mb="0" cb="0"/><line nr="82" mi="0" ci="4" mb="0" cb="0"/><line nr="83" mi="0" ci="6" mb="0" cb="0"/><line nr="84" mi="0" ci="1" mb="0" cb="0"/><line nr="85" mi="0" ci="3" mb="0" cb="2"/><line nr="86" mi="0" ci="6" mb="0" cb="0"/><line nr="90" mi="0" ci="4" mb="0" cb="0"/><line nr="92" mi="0" ci="3" mb="0" cb="0"/><line nr="93" mi="0" ci="2" mb="0" cb="0"/><line nr="97" mi="0" ci="3" mb="1" cb="1"/><line nr="98" mi="3" ci="0" mb="0" cb="0"/><line nr="100" mi="0" ci="4" mb="0" cb="0"/><line nr="101" mi="0" ci="4" mb="0" cb="0"/><line nr="102" mi="0" ci="4" mb="0" cb="0"/><line nr="103" mi="0" ci="3" mb="0" cb="0"/><line nr="104" mi="0" ci="1" mb="0" cb="0"/><line nr="107" mi="0" ci="3" mb="1" cb="1"/><line nr="108" mi="3" ci="0" mb="0" cb="0"/><line nr="110" mi="0" ci="4" mb="0" cb="0"/><line nr="111" mi="0" ci="4" mb="0" cb="0"/><line nr="112" mi="0" ci="4" mb="0" cb="0"/><line nr="113" mi="0" ci="3" mb="0" cb="0"/><line nr="114" mi="0" ci="4" mb="0" cb="0"/><line nr="115" mi="0" ci="11" mb="0" cb="2"/><line nr="116" mi="0" ci="9" mb="0" cb="0"/><line nr="117" mi="0" ci="4" mb="0" cb="0"/><line nr="118" mi="0" ci="1" mb="0" cb="0"/><line nr="119" mi="0" ci="10" mb="0" cb="0"/><line nr="120" mi="0" ci="1" mb="0" cb="0"/><line nr="128" mi="0" ci="5" mb="0" cb="0"/><line nr="129" mi="0" ci="6" mb="0" cb="0"/><line nr="131" mi="0" ci="4" mb="0" cb="0"/><line nr="134" mi="0" ci="5" mb="0" cb="0"/><line nr="135" mi="0" ci="1" mb="0" cb="0"/><line nr="137" mi="0" ci="4" mb="0" cb="2"/><line nr="138" mi="0" ci="2" mb="0" cb="0"/><line nr="140" mi="0" ci="10" mb="0" cb="0"/><line nr="143" mi="0" ci="4" mb="0" cb="0"/><line nr="144" mi="0" ci="5" mb="0" cb="0"/><line nr="145" mi="0" ci="3" mb="0" cb="2"/><line nr="146" mi="0" ci="4" mb="0" cb="0"/><line nr="148" mi="0" ci="4" mb="0" cb="0"/><line nr="149" mi="0" ci="1" mb="0" cb="0"/><line nr="150" mi="0" ci="3" mb="0" cb="0"/><counter type="INSTRUCTION" missed="15" covered="346"/><counter type="BRANCH" missed="6" covered="18"/><counter type="LINE" missed="4" covered="80"/><counter type="COMPLEXITY" missed="5" covered="26"/><counter type="METHOD" missed="0" covered="19"/><counter type="CLASS" missed="0" covered="3"/></sourcefile><sourcefile name="SingleDefinitionResolver.java"><line nr="7" mi="0" ci="3" mb="0" cb="0"/><line nr="11" mi="0" ci="2" mb="1" cb="1"/><line nr="12" mi="2" ci="0" mb="0" cb="0"/><line nr="14" mi="0" ci="4" mb="0" cb="0"/><line nr="19" mi="0" ci="4" mb="0" cb="0"/><line nr="20" mi="0" ci="3" mb="0" cb="0"/><line nr="21" mi="0" ci="3" mb="0" cb="0"/><line nr="22" mi="0" ci="3" mb="0" cb="0"/><line nr="23" mi="0" ci="5" mb="0" cb="0"/><line nr="24" mi="0" ci="2" mb="0" cb="0"/><counter type="INSTRUCTION" missed="2" covered="29"/><counter type="BRANCH" missed="1" covered="1"/><counter type="LINE" missed="1" covered="9"/><counter type="COMPLEXITY" missed="1" covered="3"/><counter type="METHOD" missed="0" covered="3"/><counter type="CLASS" missed="0" covered="1"/></sourcefile><sourcefile name="DefinitionResolver.java"><line nr="9" mi="0" ci="3" mb="0" cb="0"/><line nr="25" mi="0" ci="4" mb="0" cb="2"/><line nr="26" mi="0" ci="7" mb="0" cb="0"/><line nr="28" mi="0" ci="2" mb="0" cb="0"/><line nr="33" mi="0" ci="4" mb="0" cb="0"/><line nr="35" mi="0" ci="4" mb="0" cb="2"/><line nr="36" mi="0" ci="9" mb="0" cb="0"/><line nr="37" mi="0" ci="1" mb="0" cb="0"/><line nr="38" mi="0" ci="13" mb="0" cb="0"/><line nr="39" mi="0" ci="12" mb="0" cb="0"/><line nr="41" mi="0" ci="2" mb="0" cb="0"/><counter type="INSTRUCTION" missed="0" covered="61"/><counter type="BRANCH" missed="0" covered="4"/><counter type="LINE" missed="0" covered="11"/><counter type="COMPLEXITY" missed="0" covered="7"/><counter type="METHOD" missed="0" covered="5"/><counter type="CLASS" missed="0" covered="1"/></sourcefile><sourcefile name="TableDefinitionResolver.java"><line nr="9" mi="0" ci="3" mb="0" cb="0"/><line nr="13" mi="0" ci="29" mb="0" cb="0"/><line nr="14" mi="0" ci="17" mb="0" cb="0"/><line nr="15" mi="0" ci="18" mb="0" cb="0"/><line nr="21" mi="0" ci="2" mb="1" cb="1"/><line nr="22" mi="2" ci="0" mb="0" cb="0"/><line nr="24" mi="0" ci="5" mb="0" cb="0"/><line nr="29" mi="0" ci="16" mb="0" cb="0"/><line nr="32" mi="0" ci="6" mb="0" cb="0"/><line nr="33" mi="0" ci="6" mb="0" cb="0"/><line nr="34" mi="0" ci="4" mb="0" cb="0"/><line nr="35" mi="0" ci="5" mb="0" cb="0"/><line nr="36" mi="0" ci="3" mb="0" cb="0"/><line nr="37" mi="0" ci="3" mb="0" cb="0"/><line nr="40" mi="0" ci="6" mb="0" cb="0"/><line nr="41" mi="0" ci="6" mb="0" cb="0"/><line nr="42" mi="0" ci="4" mb="0" cb="0"/><line nr="43" mi="0" ci="5" mb="0" cb="0"/><line nr="44" mi="0" ci="3" mb="0" cb="0"/><line nr="45" mi="0" ci="3" mb="0" cb="0"/><line nr="46" mi="0" ci="3" mb="0" cb="0"/><line nr="47" mi="0" ci="3" mb="0" cb="0"/><line nr="49" mi="0" ci="2" mb="0" cb="0"/><counter type="INSTRUCTION" missed="2" covered="152"/><counter type="BRANCH" missed="1" covered="1"/><counter type="LINE" missed="1" covered="22"/><counter type="COMPLEXITY" missed="1" covered="6"/><counter type="METHOD" missed="0" covered="6"/><counter type="CLASS" missed="0" covered="1"/></sourcefile><sourcefile name="DefinitionLoader.java"><line nr="3" mi="0" ci="3" mb="0" cb="0"/><line nr="12" mi="0" ci="3" mb="0" cb="0"/><line nr="16" mi="0" ci="3" mb="0" cb="0"/><line nr="17" mi="0" ci="1" mb="0" cb="0"/><counter type="INSTRUCTION" missed="0" covered="10"/><counter type="LINE" missed="0" covered="4"/><counter type="COMPLEXITY" missed="0" covered="3"/><counter type="METHOD" missed="0" covered="3"/><counter type="CLASS" missed="0" covered="1"/></sourcefile><sourcefile name="SingleDefinition.java"><line nr="17" mi="0" ci="3" mb="0" cb="0"/><line nr="19" mi="0" ci="4" mb="0" cb="0"/><line nr="24" mi="0" ci="3" mb="0" cb="0"/><line nr="27" mi="0" ci="3" mb="0" cb="0"/><line nr="28" mi="0" ci="1" mb="0" cb="0"/><line nr="31" mi="0" ci="2" mb="1" cb="1"/><line nr="32" mi="1" ci="0" mb="0" cb="0"/><line nr="34" mi="0" ci="12" mb="3" cb="3"/><line nr="35" mi="7" ci="0" mb="0" cb="0"/><line nr="37" mi="0" ci="3" mb="0" cb="0"/><line nr="38" mi="0" ci="3" mb="1" cb="1"/><line nr="39" mi="0" ci="5" mb="0" cb="0"/><line nr="41" mi="0" ci="1" mb="0" cb="0"/><line nr="45" mi="1" ci="14" mb="3" cb="3"/><line nr="49" mi="12" ci="0" mb="0" cb="0"/><counter type="INSTRUCTION" missed="21" covered="54"/><counter type="BRANCH" missed="8" covered="8"/><counter type="LINE" missed="3" covered="12"/><counter type="COMPLEXITY" missed="9" covered="6"/><counter type="METHOD" missed="1" covered="6"/><counter type="CLASS" missed="0" covered="1"/></sourcefile><sourcefile name="ExcelR1C1DefinitionLoader.java"><line nr="24" mi="0" ci="3" mb="0" cb="0"/><line nr="26" mi="0" ci="3" mb="0" cb="0"/><line nr="28" mi="0" ci="15" mb="0" cb="0"/><line nr="29" mi="0" ci="2" mb="0" cb="0"/><line nr="33" mi="0" ci="5" mb="2" cb="2"/><line nr="34" mi="13" ci="0" mb="0" cb="0"/><line nr="36" mi="0" ci="5" mb="0" cb="0"/><line nr="37" mi="0" ci="1" mb="0" cb="0"/><line nr="46" mi="0" ci="4" mb="0" cb="0"/><line nr="47" mi="0" ci="4" mb="0" cb="0"/><line nr="48" mi="0" ci="8" mb="0" cb="2"/><line nr="49" mi="0" ci="4" mb="0" cb="0"/><line nr="50" mi="0" ci="4" mb="0" cb="2"/><line nr="51" mi="0" ci="1" mb="0" cb="0"/><line nr="53" mi="0" ci="2" mb="0" cb="0"/><line nr="54" mi="0" ci="5" mb="0" cb="0"/><line nr="55" mi="0" ci="5" mb="0" cb="0"/><line nr="56" mi="0" ci="9" mb="0" cb="0"/><line nr="58" mi="0" ci="2" mb="0" cb="0"/><line nr="68" mi="0" ci="7" mb="0" cb="0"/><line nr="72" mi="0" ci="11" mb="1" cb="1"/><line nr="73" mi="0" ci="4" mb="0" cb="2"/><line nr="74" mi="0" ci="2" mb="0" cb="0"/><line nr="76" mi="0" ci="1" mb="0" cb="0"/><line nr="77" mi="2" ci="0" mb="0" cb="0"/><line nr="81" mi="0" ci="2" mb="0" cb="0"/><line nr="85" mi="0" ci="4" mb="0" cb="0"/><line nr="86" mi="0" ci="3" mb="0" cb="0"/><line nr="87" mi="0" ci="3" mb="0" cb="0"/><line nr="88" mi="0" ci="4" mb="1" cb="1"/><line nr="89" mi="2" ci="0" mb="0" cb="0"/><line nr="93" mi="0" ci="7" mb="0" cb="2"/><line nr="94" mi="0" ci="6" mb="0" cb="0"/><line nr="98" mi="0" ci="7" mb="0" cb="2"/><line nr="99" mi="0" ci="6" mb="0" cb="0"/><line nr="101" mi="0" ci="2" mb="0" cb="0"/><line nr="105" mi="0" ci="2" mb="0" cb="0"/><line nr="106" mi="0" ci="2" mb="0" cb="2"/><line nr="107" mi="0" ci="6" mb="0" cb="0"/><line nr="109" mi="0" ci="5" mb="0" cb="0"/><line nr="111" mi="0" ci="2" mb="0" cb="2"/><line nr="112" mi="0" ci="1" mb="0" cb="0"/><line nr="114" mi="0" ci="9" mb="0" cb="0"/><line nr="115" mi="0" ci="4" mb="0" cb="0"/><line nr="116" mi="0" ci="10" mb="0" cb="2"/><line nr="117" mi="0" ci="4" mb="0" cb="0"/><line nr="118" mi="0" ci="2" mb="1" cb="1"/><line nr="119" mi="5" ci="0" mb="0" cb="0"/><line nr="121" mi="0" ci="2" mb="0" cb="0"/><line nr="122" mi="0" ci="2" mb="0" cb="2"/><line nr="123" mi="0" ci="12" mb="0" cb="0"/><line nr="125" mi="0" ci="11" mb="0" cb="0"/><line nr="127" mi="0" ci="4" mb="0" cb="0"/><line nr="129" mi="0" ci="3" mb="0" cb="0"/><line nr="131" mi="0" ci="1" mb="0" cb="0"/><line nr="132" mi="0" ci="1" mb="0" cb="0"/><counter type="INSTRUCTION" missed="22" covered="234"/><counter type="BRANCH" missed="5" covered="23"/><counter type="LINE" missed="4" covered="52"/><counter type="COMPLEXITY" missed="5" covered="19"/><counter type="METHOD" missed="0" covered="10"/><counter type="CLASS" missed="0" covered="1"/></sourcefile><sourcefile name="TableDefinition.java"><line nr="26" mi="0" ci="2" mb="0" cb="0"/><line nr="30" mi="0" ci="4" mb="0" cb="0"/><line nr="32" mi="0" ci="6" mb="0" cb="0"/><line nr="49" mi="0" ci="6" mb="0" cb="0"/><line nr="50" mi="0" ci="2" mb="1" cb="1"/><line nr="51" mi="1" ci="7" mb="1" cb="1"/><line nr="53" mi="8" ci="0" mb="2" cb="0"/><line nr="64" mi="0" ci="3" mb="0" cb="0"/><line nr="73" mi="0" ci="7" mb="0" cb="0"/><line nr="74" mi="0" ci="1" mb="0" cb="0"/><line nr="82" mi="0" ci="5" mb="1" cb="1"/><line nr="83" mi="2" ci="0" mb="0" cb="0"/><line nr="85" mi="0" ci="5" mb="0" cb="0"/><line nr="86" mi="0" ci="2" mb="0" cb="0"/><line nr="102" mi="0" ci="6" mb="1" cb="1"/><line nr="103" mi="0" ci="6" mb="2" cb="2"/><line nr="104" mi="7" ci="0" mb="0" cb="0"/><line nr="106" mi="0" ci="3" mb="0" cb="0"/><line nr="107" mi="0" ci="4" mb="0" cb="0"/><line nr="108" mi="0" ci="1" mb="0" cb="0"/><line nr="109" mi="0" ci="6" mb="0" cb="0"/><line nr="110" mi="0" ci="2" mb="0" cb="2"/><line nr="111" mi="0" ci="7" mb="0" cb="0"/><line nr="113" mi="0" ci="3" mb="0" cb="0"/><line nr="115" mi="0" ci="1" mb="0" cb="0"/><line nr="116" mi="0" ci="4" mb="0" cb="0"/><line nr="117" mi="0" ci="1" mb="0" cb="0"/><line nr="121" mi="1" ci="10" mb="2" cb="2"/><line nr="126" mi="0" ci="3" mb="0" cb="0"/><line nr="127" mi="0" ci="12" mb="0" cb="2"/><line nr="128" mi="0" ci="3" mb="0" cb="0"/><line nr="129" mi="0" ci="1" mb="0" cb="0"/><line nr="130" mi="0" ci="1" mb="0" cb="0"/><line nr="134" mi="0" ci="3" mb="0" cb="0"/><line nr="135" mi="0" ci="12" mb="0" cb="2"/><line nr="136" mi="0" ci="3" mb="0" cb="0"/><line nr="137" mi="0" ci="1" mb="0" cb="0"/><line nr="138" mi="0" ci="1" mb="0" cb="0"/><line nr="142" mi="12" ci="0" mb="0" cb="0"/><counter type="INSTRUCTION" missed="31" covered="144"/><counter type="BRANCH" missed="10" covered="14"/><counter type="LINE" missed="4" covered="35"/><counter type="COMPLEXITY" missed="10" covered="14"/><counter type="METHOD" missed="1" covered="11"/><counter type="CLASS" missed="0" covered="1"/></sourcefile><sourcefile name="ExcelCommentDefinitionLoader.java"><line nr="14" mi="0" ci="3" mb="0" cb="0"/><line nr="16" mi="0" ci="3" mb="0" cb="0"/><line nr="20" mi="0" ci="5" mb="2" cb="2"/><line nr="21" mi="13" ci="0" mb="0" cb="0"/><line nr="23" mi="0" ci="5" mb="0" cb="0"/><line nr="24" mi="0" ci="1" mb="0" cb="0"/><line nr="26" mi="0" ci="15" mb="0" cb="0"/><line nr="27" mi="0" ci="2" mb="0" cb="0"/><line nr="28" mi="0" ci="3" mb="0" cb="0"/><line nr="31" mi="0" ci="7" mb="0" cb="0"/><line nr="32" mi="0" ci="4" mb="0" cb="0"/><line nr="33" mi="0" ci="3" mb="0" cb="0"/><line nr="34" mi="0" ci="3" mb="0" cb="0"/><line nr="35" mi="0" ci="3" mb="0" cb="0"/><line nr="36" mi="0" ci="3" mb="0" cb="0"/><line nr="37" mi="0" ci="2" mb="0" cb="0"/><line nr="44" mi="0" ci="2" mb="0" cb="0"/><line nr="48" mi="0" ci="7" mb="0" cb="0"/><line nr="53" mi="0" ci="4" mb="0" cb="0"/><line nr="54" mi="0" ci="3" mb="0" cb="0"/><line nr="55" mi="0" ci="3" mb="0" cb="0"/><line nr="56" mi="0" ci="4" mb="1" cb="1"/><line nr="57" mi="2" ci="0" mb="0" cb="0"/><line nr="61" mi="0" ci="7" mb="0" cb="2"/><line nr="62" mi="0" ci="9" mb="0" cb="2"/><line nr="63" mi="0" ci="6" mb="0" cb="0"/><line nr="67" mi="0" ci="2" mb="0" cb="0"/><line nr="71" mi="0" ci="5" mb="0" cb="0"/><line nr="72" mi="0" ci="2" mb="0" cb="2"/><line nr="73" mi="0" ci="1" mb="0" cb="0"/><line nr="75" mi="0" ci="9" mb="0" cb="0"/><line nr="76" mi="0" ci="4" mb="0" cb="0"/><line nr="77" mi="0" ci="10" mb="0" cb="2"/><line nr="78" mi="0" ci="4" mb="0" cb="0"/><line nr="79" mi="0" ci="2" mb="1" cb="1"/><line nr="80" mi="5" ci="0" mb="0" cb="0"/><line nr="82" mi="0" ci="14" mb="0" cb="0"/><line nr="83" mi="0" ci="4" mb="0" cb="0"/><line nr="85" mi="0" ci="3" mb="0" cb="0"/><line nr="87" mi="0" ci="1" mb="0" cb="0"/><line nr="88" mi="0" ci="1" mb="0" cb="0"/><counter type="INSTRUCTION" missed="20" covered="169"/><counter type="BRANCH" missed="4" covered="12"/><counter type="LINE" missed="3" covered="38"/><counter type="COMPLEXITY" missed="4" covered="14"/><counter type="METHOD" missed="0" covered="10"/><counter type="CLASS" missed="0" covered="2"/></sourcefile><sourcefile name="DefinitionRepository.java"><line nr="21" mi="0" ci="2" mb="0" cb="0"/><line nr="23" mi="0" ci="4" mb="0" cb="0"/><line nr="25" mi="0" ci="6" mb="0" cb="0"/><line nr="40" mi="0" ci="2" mb="0" cb="0"/><line nr="41" mi="0" ci="11" mb="0" cb="2"/><line nr="42" mi="0" ci="3" mb="0" cb="0"/><line nr="43" mi="0" ci="3" mb="0" cb="2"/><line nr="44" mi="0" ci="2" mb="0" cb="0"/><line nr="45" mi="0" ci="1" mb="0" cb="0"/><line nr="47" mi="0" ci="1" mb="0" cb="0"/><line nr="48" mi="0" ci="2" mb="0" cb="2"/><line nr="49" mi="0" ci="6" mb="0" cb="0"/><line nr="51" mi="0" ci="3" mb="0" cb="0"/><line nr="53" mi="0" ci="1" mb="0" cb="0"/><line nr="64" mi="0" ci="11" mb="0" cb="2"/><line nr="66" mi="0" ci="3" mb="1" cb="1"/><line nr="67" mi="7" ci="0" mb="0" cb="0"/><line nr="68" mi="1" ci="0" mb="0" cb="0"/><line nr="69" mi="1" ci="0" mb="0" cb="0"/><line nr="73" mi="0" ci="5" mb="0" cb="0"/><line nr="74" mi="0" ci="2" mb="1" cb="1"/><line nr="75" mi="13" ci="0" mb="0" cb="0"/><line nr="76" mi="6" ci="0" mb="0" cb="0"/><line nr="77" mi="2" ci="0" mb="0" cb="0"/><line nr="78" mi="1" ci="0" mb="0" cb="0"/><line nr="80" mi="0" ci="3" mb="0" cb="0"/><line nr="81" mi="0" ci="1" mb="0" cb="0"/><line nr="82" mi="0" ci="1" mb="0" cb="0"/><line nr="85" mi="0" ci="4" mb="0" cb="0"/><line nr="86" mi="0" ci="5" mb="0" cb="0"/><line nr="87" mi="0" ci="6" mb="0" cb="0"/><line nr="88" mi="0" ci="2" mb="1" cb="1"/><line nr="89" mi="0" ci="6" mb="0" cb="0"/><line nr="91" mi="0" ci="1" mb="0" cb="0"/><line nr="92" mi="0" ci="2" mb="0" cb="0"/><line nr="102" mi="0" ci="4" mb="0" cb="0"/><line nr="103" mi="0" ci="1" mb="0" cb="0"/><line nr="106" mi="0" ci="3" mb="0" cb="0"/><line nr="110" mi="0" ci="4" mb="0" cb="0"/><line nr="111" mi="0" ci="1" mb="0" cb="0"/><line nr="114" mi="0" ci="4" mb="0" cb="0"/><line nr="115" mi="0" ci="1" mb="0" cb="0"/><line nr="119" mi="12" ci="0" mb="0" cb="0"/><counter type="INSTRUCTION" missed="43" covered="117"/><counter type="BRANCH" missed="3" covered="11"/><counter type="LINE" missed="8" covered="35"/><counter type="COMPLEXITY" missed="4" covered="14"/><counter type="METHOD" missed="1" covered="10"/><counter type="CLASS" missed="0" covered="1"/></sourcefile><sourcefile name="Definition.java"><line nr="14" mi="0" ci="2" mb="0" cb="0"/><line nr="17" mi="0" ci="6" mb="0" cb="0"/><line nr="35" mi="0" ci="3" mb="0" cb="0"/><line nr="39" mi="0" ci="3" mb="0" cb="0"/><line nr="40" mi="0" ci="1" mb="0" cb="0"/><line nr="43" mi="0" ci="13" mb="0" cb="0"/><line nr="47" mi="0" ci="3" mb="0" cb="0"/><line nr="51" mi="0" ci="3" mb="0" cb="0"/><line nr="52" mi="0" ci="1" mb="0" cb="0"/><line nr="55" mi="0" ci="3" mb="0" cb="0"/><line nr="59" mi="3" ci="0" mb="0" cb="0"/><line nr="60" mi="1" ci="0" mb="0" cb="0"/><line nr="63" mi="0" ci="3" mb="0" cb="0"/><line nr="67" mi="0" ci="3" mb="0" cb="0"/><line nr="68" mi="0" ci="1" mb="0" cb="0"/><line nr="71" mi="0" ci="3" mb="0" cb="0"/><line nr="75" mi="0" ci="3" mb="0" cb="0"/><line nr="76" mi="0" ci="1" mb="0" cb="0"/><line nr="78" mi="0" ci="4" mb="0" cb="0"/><line nr="79" mi="0" ci="1" mb="0" cb="0"/><counter type="INSTRUCTION" missed="4" covered="57"/><counter type="LINE" missed="2" covered="18"/><counter type="COMPLEXITY" missed="1" covered="12"/><counter type="METHOD" missed="1" covered="12"/><counter type="CLASS" missed="0" covered="1"/></sourcefile><counter type="INSTRUCTION" missed="160" covered="1373"/><counter type="BRANCH" missed="38" covered="92"/><counter type="LINE" missed="30" covered="316"/><counter type="COMPLEXITY" missed="40" covered="124"/><counter type="METHOD" missed="4" covered="95"/><counter type="CLASS" missed="0" covered="14"/></package><package name="org/xlbean/excel"><class name="org/xlbean/excel/XlSheet$ValueType"><method name="values" desc="()[Lorg/xlbean/excel/XlSheet$ValueType;" line="28"><counter type="INSTRUCTION" missed="0" covered="4"/><counter type="LINE" missed="0" covered="1"/><counter type="COMPLEXITY" missed="0" covered="1"/><counter type="METHOD" missed="0" covered="1"/></method><method name="valueOf" desc="(Ljava/lang/String;)Lorg/xlbean/excel/XlSheet$ValueType;" line="28"><counter type="INSTRUCTION" missed="0" covered="5"/><counter type="LINE" missed="0" covered="1"/><counter type="COMPLEXITY" missed="0" covered="1"/><counter type="METHOD" missed="0" covered="1"/></method><method name="&lt;init&gt;" desc="(Ljava/lang/String;I)V" line="28"><counter type="INSTRUCTION" missed="0" covered="5"/><counter type="LINE" missed="0" covered="1"/><counter type="COMPLEXITY" missed="0" covered="1"/><counter type="METHOD" missed="0" covered="1"/></method><method name="&lt;clinit&gt;" desc="()V" line="28"><counter type="INSTRUCTION" missed="0" covered="44"/><counter type="LINE" missed="0" covered="2"/><counter type="COMPLEXITY" missed="0" covered="1"/><counter type="METHOD" missed="0" covered="1"/></method><counter type="INSTRUCTION" missed="0" covered="58"/><counter type="LINE" missed="0" covered="2"/><counter type="COMPLEXITY" missed="0" covered="4"/><counter type="METHOD" missed="0" covered="4"/><counter type="CLASS" missed="0" covered="1"/></class><class name="org/xlbean/excel/XlCellAddress"><method name="&lt;init&gt;" desc="()V" line="14"><counter type="INSTRUCTION" missed="0" covered="3"/><counter type="LINE" missed="0" covered="2"/><counter type="COMPLEXITY" missed="0" covered="1"/><counter type="METHOD" missed="0" covered="1"/></method><method name="getRow" desc="()Ljava/lang/Integer;" line="18"><counter type="INSTRUCTION" missed="0" covered="3"/><counter type="LINE" missed="0" covered="1"/><counter type="COMPLEXITY" missed="0" covered="1"/><counter type="METHOD" missed="0" covered="1"/></method><method name="setRow" desc="(Ljava/lang/Integer;)V" line="21"><counter type="INSTRUCTION" missed="0" covered="4"/><counter type="LINE" missed="0" covered="2"/><counter type="COMPLEXITY" missed="0" covered="1"/><counter type="METHOD" missed="0" covered="1"/></method><method name="getColumn" desc="()Ljava/lang/Integer;" line="24"><counter type="INSTRUCTION" missed="0" covered="3"/><counter type="LINE" missed="0" covered="1"/><counter type="COMPLEXITY" missed="0" covered="1"/><counter type="METHOD" missed="0" covered="1"/></method><method name="setColumn" desc="(Ljava/lang/Integer;)V" line="27"><counter type="INSTRUCTION" missed="0" covered="4"/><counter type="LINE" missed="0" covered="2"/><counter type="COMPLEXITY" missed="0" covered="1"/><counter type="METHOD" missed="0" covered="1"/></method><method name="merge" desc="(Lorg/xlbean/excel/XlCellAddress;)V" line="30"><counter type="INSTRUCTION" missed="0" covered="15"/><counter type="BRANCH" missed="1" covered="3"/><counter type="LINE" missed="0" covered="5"/><counter type="COMPLEXITY" missed="1" covered="2"/><counter type="METHOD" missed="0" covered="1"/></method><method name="clone" desc="()Lorg/xlbean/excel/XlCellAddress;" line="38"><counter type="INSTRUCTION" missed="0" covered="14"/><counter type="LINE" missed="0" covered="4"/><counter type="COMPLEXITY" missed="0" covered="1"/><counter type="METHOD" missed="0" covered="1"/></method><method name="toString" desc="()Ljava/lang/String;" line="63"><counter type="INSTRUCTION" missed="17" covered="0"/><counter type="LINE" missed="1" covered="0"/><counter type="COMPLEXITY" missed="1" covered="0"/><counter type="METHOD" missed="1" covered="0"/></method><counter type="INSTRUCTION" missed="17" covered="46"/><counter type="BRANCH" missed="1" covered="3"/><counter type="LINE" missed="1" covered="17"/><counter type="COMPLEXITY" missed="2" covered="8"/><counter type="METHOD" missed="1" covered="7"/><counter type="CLASS" missed="0" covered="1"/></class><class name="org/xlbean/excel/XlSheet"><method name="&lt;init&gt;" desc="(Lorg/apache/poi/ss/usermodel/Sheet;)V" line="39"><counter type="INSTRUCTION" missed="0" covered="18"/><counter type="BRANCH" missed="0" covered="2"/><counter type="LINE" missed="0" covered="7"/><counter type="COMPLEXITY" missed="0" covered="2"/><counter type="METHOD" missed="0" covered="1"/></method><method name="getSheetName" desc="()Ljava/lang/String;" line="49"><counter type="INSTRUCTION" missed="0" covered="4"/><counter type="LINE" missed="0" covered="1"/><counter type="COMPLEXITY" missed="0" covered="1"/><counter type="METHOD" missed="0" covered="1"/></method><method name="getCellValue" desc="(Lorg/xlbean/excel/XlCellAddress;)Ljava/lang/String;" line="53"><counter type="INSTRUCTION" missed="5" covered="0"/><counter type="LINE" missed="1" covered="0"/><counter type="COMPLEXITY" missed="1" covered="0"/><counter type="METHOD" missed="1" covered="0"/></method><method name="getCellValue" desc="(Lorg/xlbean/excel/XlCellAddress;Lorg/xlbean/excel/XlSheet$ValueType;)Ljava/lang/String;" line="57"><counter type="INSTRUCTION" missed="10" covered="0"/><counter type="LINE" missed="1" covered="0"/><counter type="COMPLEXITY" missed="1" covered="0"/><counter type="METHOD" missed="1" covered="0"/></method><method name="getCellValue" desc="(II)Ljava/lang/String;" line="61"><counter type="INSTRUCTION" missed="0" covered="6"/><counter type="LINE" missed="0" covered="1"/><counter type="COMPLEXITY" missed="0" covered="1"/><counter type="METHOD" missed="0" covered="1"/></method><method name="getCellValue" desc="(IILorg/xlbean/excel/XlSheet$ValueType;)Ljava/lang/String;" line="72"><counter type="INSTRUCTION" missed="0" covered="14"/><counter type="BRANCH" missed="0" covered="2"/><counter type="LINE" missed="0" covered="4"/><counter type="COMPLEXITY" missed="0" covered="2"/><counter type="METHOD" missed="0" covered="1"/></method><method name="getCellValue" desc="(Lorg/apache/poi/ss/usermodel/Cell;Lorg/xlbean/excel/XlSheet$ValueType;)Ljava/lang/String;" line="90"><counter type="INSTRUCTION" missed="22" covered="36"/><counter type="BRANCH" missed="6" covered="6"/><counter type="LINE" missed="5" covered="8"/><counter type="COMPLEXITY" missed="4" covered="3"/><counter type="METHOD" missed="0" covered="1"/></method><method name="getCellComment" desc="(II)Ljava/lang/String;" line="112"><counter type="INSTRUCTION" missed="0" covered="17"/><counter type="BRANCH" missed="0" covered="2"/><counter type="LINE" missed="0" covered="4"/><counter type="COMPLEXITY" missed="0" covered="2"/><counter type="METHOD" missed="0" covered="1"/></method><method name="setCellValue" desc="(Lorg/xlbean/excel/XlCellAddress;Ljava/lang/String;)V" line="121"><counter type="INSTRUCTION" missed="10" covered="0"/><counter type="LINE" missed="2" covered="0"/><counter type="COMPLEXITY" missed="1" covered="0"/><counter type="METHOD" missed="1" covered="0"/></method><method name="setCellValue" desc="(IILjava/lang/String;)V" line="125"><counter type="INSTRUCTION" missed="0" covered="7"/><counter type="LINE" missed="0" covered="2"/><counter type="COMPLEXITY" missed="0" covered="1"/><counter type="METHOD" missed="0" covered="1"/></method><method name="setCellValue" desc="(IILjava/lang/String;Lorg/xlbean/excel/XlSheet$ValueType;)V" line="129"><counter type="INSTRUCTION" missed="0" covered="12"/><counter type="LINE" missed="0" covered="3"/><counter type="COMPLEXITY" missed="0" covered="1"/><counter type="METHOD" missed="0" covered="1"/></method><method name="setCellValue" desc="(Lorg/apache/poi/ss/usermodel/Cell;Ljava/lang/String;Lorg/xlbean/excel/XlSheet$ValueType;)V" line="134"><counter type="INSTRUCTION" missed="11" covered="26"/><counter type="BRANCH" missed="3" covered="5"/><counter type="LINE" missed="2" covered="6"/><counter type="COMPLEXITY" missed="3" covered="2"/><counter type="METHOD" missed="0" covered="1"/></method><method name="setCellValueAsString" desc="(Lorg/apache/poi/ss/usermodel/Cell;Ljava/lang/String;)V" line="146"><counter type="INSTRUCTION" missed="0" covered="9"/><counter type="BRANCH" missed="1" covered="3"/><counter type="LINE" missed="0" covered="4"/><counter type="COMPLEXITY" missed="1" covered="2"/><counter type="METHOD" missed="0" covered="1"/></method><method name="setCellValueAsData" desc="(Lorg/apache/poi/ss/usermodel/Cell;Ljava/lang/String;Z)V" line="153"><counter type="INSTRUCTION" missed="6" covered="42"/><counter type="BRANCH" missed="2" covered="8"/><counter type="LINE" missed="1" covered="13"/><counter type="COMPLEXITY" missed="2" covered="4"/><counter type="METHOD" missed="0" covered="1"/></method><method name="isDateTimeValue" desc="(Ljava/lang/String;)Z" line="177"><counter type="INSTRUCTION" missed="2" covered="10"/><counter type="BRANCH" missed="1" covered="1"/><counter type="LINE" missed="1" covered="2"/><counter type="COMPLEXITY" missed="1" covered="1"/><counter type="METHOD" missed="0" covered="1"/></method><method name="isStringValue" desc="(Ljava/lang/String;)Z" line="183"><counter type="INSTRUCTION" missed="2" covered="6"/><counter type="BRANCH" missed="1" covered="1"/><counter type="LINE" missed="1" covered="2"/><counter type="COMPLEXITY" missed="1" covered="1"/><counter type="METHOD" missed="0" covered="1"/></method><method name="formatDateTimeValue" desc="(D)Ljava/lang/String;" line="201"><counter type="INSTRUCTION" missed="2" covered="46"/><counter type="BRANCH" missed="1" covered="3"/><counter type="LINE" missed="1" covered="7"/><counter type="COMPLEXITY" missed="1" covered="2"/><counter type="METHOD" missed="0" covered="1"/></method><method name="parseDateTimeValue" desc="(Ljava/lang/String;)D" line="218"><counter type="INSTRUCTION" missed="14" covered="60"/><counter type="BRANCH" missed="3" covered="5"/><counter type="LINE" missed="2" covered="11"/><counter type="COMPLEXITY" missed="3" covered="2"/><counter type="METHOD" missed="0" covered="1"/></method><method name="getCellValueAsData" desc="(Lorg/apache/poi/ss/usermodel/Cell;Z)Ljava/lang/String;" line="237"><counter type="INSTRUCTION" missed="39" covered="0"/><counter type="BRANCH" missed="8" covered="0"/><counter type="LINE" missed="9" covered="0"/><counter type="COMPLEXITY" missed="5" covered="0"/><counter type="METHOD" missed="1" covered="0"/></method><method name="getCellValueAsData" desc="(Lorg/apache/poi/ss/usermodel/Cell;Lorg/apache/poi/ss/usermodel/CellType;Z)Ljava/lang/String;" line="262"><counter type="INSTRUCTION" missed="4" covered="33"/><counter type="BRANCH" missed="2" covered="6"/><counter type="LINE" missed="1" covered="8"/><counter type="COMPLEXITY" missed="2" covered="3"/><counter type="METHOD" missed="0" covered="1"/></method><method name="getCellValueAsPresented" desc="(Lorg/apache/poi/ss/usermodel/Cell;)Ljava/lang/String;" line="279"><counter type="INSTRUCTION" missed="0" covered="8"/><counter type="LINE" missed="0" covered="2"/><counter type="COMPLEXITY" missed="0" covered="1"/><counter type="METHOD" missed="0" covered="1"/></method><method name="getCell" desc="(II)Lorg/apache/poi/ss/usermodel/Cell;" line="284"><counter type="INSTRUCTION" missed="0" covered="6"/><counter type="LINE" missed="0" covered="1"/><counter type="COMPLEXITY" missed="0" covered="1"/><counter type="METHOD" missed="0" covered="1"/></method><method name="getCell" desc="(IIZ)Lorg/apache/poi/ss/usermodel/Cell;" line="288"><counter type="INSTRUCTION" missed="0" covered="33"/><counter type="BRANCH" missed="0" covered="8"/><counter type="LINE" missed="0" covered="11"/><counter type="COMPLEXITY" missed="0" covered="5"/><counter type="METHOD" missed="0" covered="1"/></method><method name="getMaxRow" desc="()I" line="308"><counter type="INSTRUCTION" missed="0" covered="4"/><counter type="LINE" missed="0" covered="1"/><counter type="COMPLEXITY" missed="0" covered="1"/><counter type="METHOD" missed="0" covered="1"/></method><method name="getMaxColumn" desc="()I" line="312"><counter type="INSTRUCTION" missed="2" covered="11"/><counter type="BRANCH" missed="1" covered="1"/><counter type="LINE" missed="1" covered="2"/><counter type="COMPLEXITY" missed="1" covered="1"/><counter type="METHOD" missed="0" covered="1"/></method><method name="getMaxColumn" desc="(I)I" line="319"><counter type="INSTRUCTION" missed="0" covered="13"/><counter type="BRANCH" missed="0" covered="2"/><counter type="LINE" missed="0" covered="3"/><counter type="COMPLEXITY" missed="0" covered="2"/><counter type="METHOD" missed="0" covered="1"/></method><method name="lambda$isDateTimeValue$0" desc="(I)Z" line="180"><counter type="INSTRUCTION" missed="0" covered="8"/><counter type="BRANCH" missed="0" covered="2"/><counter type="LINE" missed="0" covered="1"/><counter type="COMPLEXITY" missed="0" covered="2"/><counter type="METHOD" missed="0" covered="1"/></method><method name="&lt;clinit&gt;" desc="()V" line="189"><counter type="INSTRUCTION" missed="0" covered="7"/><counter type="LINE" missed="0" covered="2"/><counter type="COMPLEXITY" missed="0" covered="1"/><counter type="METHOD" missed="0" covered="1"/></method><counter type="INSTRUCTION" missed="129" covered="436"/><counter type="BRANCH" missed="29" covered="57"/><counter type="LINE" missed="28" covered="105"/><counter type="COMPLEXITY" missed="27" covered="44"/><counter type="METHOD" missed="4" covered="24"/><counter type="CLASS" missed="0" covered="1"/></class><class name="org/xlbean/excel/XlWorkbook"><method name="wrap" desc="(Lorg/apache/poi/ss/usermodel/Workbook;)Lorg/xlbean/excel/XlWorkbook;" line="27"><counter type="INSTRUCTION" missed="2" covered="7"/><counter type="BRANCH" missed="1" covered="1"/><counter type="LINE" missed="1" covered="2"/><counter type="COMPLEXITY" missed="1" covered="1"/><counter type="METHOD" missed="0" covered="1"/></method><method name="&lt;init&gt;" desc="(Lorg/apache/poi/ss/usermodel/Workbook;)V" line="33"><counter type="INSTRUCTION" missed="0" covered="6"/><counter type="LINE" missed="0" covered="3"/><counter type="COMPLEXITY" missed="0" covered="1"/><counter type="METHOD" missed="0" covered="1"/></method><method name="getWorkbook" desc="()Lorg/apache/poi/ss/usermodel/Workbook;" line="38"><counter type="INSTRUCTION" missed="3" covered="0"/><counter type="LINE" missed="1" covered="0"/><counter type="COMPLEXITY" missed="1" covered="0"/><counter type="METHOD" missed="1" covered="0"/></method><method name="getNumberOfSheets" desc="()I" line="42"><counter type="INSTRUCTION" missed="0" covered="4"/><counter type="LINE" missed="0" covered="1"/><counter type="COMPLEXITY" missed="0" covered="1"/><counter type="METHOD" missed="0" covered="1"/></method><method name="getSheetAt" desc="(I)Lorg/xlbean/excel/XlSheet;" line="46"><counter type="INSTRUCTION" missed="0" covered="7"/><counter type="LINE" missed="0" covered="1"/><counter type="COMPLEXITY" missed="0" covered="1"/><counter type="METHOD" missed="0" covered="1"/></method><method name="wrap" desc="(Lorg/apache/poi/ss/usermodel/Sheet;)Lorg/xlbean/excel/XlSheet;" line="50"><counter type="INSTRUCTION" missed="2" covered="7"/><counter type="BRANCH" missed="1" covered="1"/><counter type="LINE" missed="1" covered="2"/><counter type="COMPLEXITY" missed="1" covered="1"/><counter type="METHOD" missed="0" covered="1"/></method><method name="getSheet" desc="(Ljava/lang/String;)Lorg/xlbean/excel/XlSheet;" line="57"><counter type="INSTRUCTION" missed="0" covered="7"/><counter type="LINE" missed="0" covered="1"/><counter type="COMPLEXITY" missed="0" covered="1"/><counter type="METHOD" missed="0" covered="1"/></method><method name="write" desc="(Ljava/io/OutputStream;)V" line="61"><counter type="INSTRUCTION" missed="0" covered="5"/><counter type="LINE" missed="0" covered="2"/><counter type="COMPLEXITY" missed="0" covered="1"/><counter type="METHOD" missed="0" covered="1"/></method><counter type="INSTRUCTION" missed="7" covered="43"/><counter type="BRANCH" missed="2" covered="2"/><counter type="LINE" missed="3" covered="12"/><counter type="COMPLEXITY" missed="3" covered="7"/><counter type="METHOD" missed="1" covered="7"/><counter type="CLASS" missed="0" covered="1"/></class><class name="org/xlbean/excel/XlCellAddress$Builder"><method name="&lt;init&gt;" desc="()V" line="43"><counter type="INSTRUCTION" missed="0" covered="3"/><counter type="LINE" missed="0" covered="1"/><counter type="COMPLEXITY" missed="0" covered="1"/><counter type="METHOD" missed="0" covered="1"/></method><method name="row" desc="(Ljava/lang/Integer;)Lorg/xlbean/excel/XlCellAddress$Builder;" line="47"><counter type="INSTRUCTION" missed="0" covered="5"/><counter type="LINE" missed="0" covered="2"/><counter type="COMPLEXITY" missed="0" covered="1"/><counter type="METHOD" missed="0" covered="1"/></method><method name="column" desc="(Ljava/lang/Integer;)Lorg/xlbean/excel/XlCellAddress$Builder;" line="51"><counter type="INSTRUCTION" missed="0" covered="5"/><counter type="LINE" missed="0" covered="2"/><counter type="COMPLEXITY" missed="0" covered="1"/><counter type="METHOD" missed="0" covered="1"/></method><method name="build" desc="()Lorg/xlbean/excel/XlCellAddress;" line="55"><counter type="INSTRUCTION" missed="0" covered="15"/><counter type="LINE" missed="0" covered="4"/><counter type="COMPLEXITY" missed="0" covered="1"/><counter type="METHOD" missed="0" covered="1"/></method><counter type="INSTRUCTION" missed="0" covered="28"/><counter type="LINE" missed="0" covered="9"/><counter type="COMPLEXITY" missed="0" covered="4"/><counter type="METHOD" missed="0" covered="4"/><counter type="CLASS" missed="0" covered="1"/></class><sourcefile name="XlSheet.java"><line nr="28" mi="0" ci="34" mb="0" cb="0"/><line nr="29" mi="0" ci="24" mb="0" cb="0"/><line nr="39" mi="0" ci="2" mb="0" cb="0"/><line nr="40" mi="0" ci="3" mb="0" cb="0"/><line nr="41" mi="0" ci="2" mb="0" cb="2"/><line nr="42" mi="0" ci="3" mb="0" cb="0"/><line nr="43" mi="0" ci="3" mb="0" cb="0"/><line nr="44" mi="0" ci="4" mb="0" cb="0"/><line nr="46" mi="0" ci="1" mb="0" cb="0"/><line nr="49" mi="0" ci="4" mb="0" cb="0"/><line nr="53" mi="5" ci="0" mb="0" cb="0"/><line nr="57" mi="10" ci="0" mb="0" cb="0"/><line nr="61" mi="0" ci="6" mb="0" cb="0"/><line nr="72" mi="0" ci="5" mb="0" cb="0"/><line nr="73" mi="0" ci="2" mb="0" cb="2"/><line nr="74" mi="0" ci="2" mb="0" cb="0"/><line nr="76" mi="0" ci="5" mb="0" cb="0"/><line nr="90" mi="0" ci="2" mb="0" cb="0"/><line nr="91" mi="0" ci="5" mb="0" cb="2"/><line nr="94" mi="0" ci="6" mb="0" cb="0"/><line nr="96" mi="0" ci="3" mb="0" cb="0"/><line nr="98" mi="0" ci="6" mb="1" cb="3"/><line nr="99" mi="0" ci="6" mb="0" cb="0"/><line nr="100" mi="0" ci="4" mb="1" cb="1"/><line nr="101" mi="0" ci="4" mb="0" cb="0"/><line nr="102" mi="4" ci="0" mb="2" cb="0"/><line nr="103" mi="6" ci="0" mb="0" cb="0"/><line nr="104" mi="4" ci="0" mb="2" cb="0"/><line nr="105" mi="6" ci="0" mb="0" cb="0"/><line nr="107" mi="2" ci="0" mb="0" cb="0"/><line nr="112" mi="0" ci="9" mb="0" cb="0"/><line nr="113" mi="0" ci="2" mb="0" cb="2"/><line nr="114" mi="0" ci="2" mb="0" cb="0"/><line nr="116" mi="0" ci="4" mb="0" cb="0"/><line nr="121" mi="9" ci="0" mb="0" cb="0"/><line nr="122" mi="1" ci="0" mb="0" cb="0"/><line nr="125" mi="0" ci="6" mb="0" cb="0"/><line nr="126" mi="0" ci="1" mb="0" cb="0"/><line nr="129" mi="0" ci="6" mb="0" cb="0"/><line nr="130" mi="0" ci="5" mb="0" cb="0"/><line nr="131" mi="0" ci="1" mb="0" cb="0"/><line nr="134" mi="0" ci="6" mb="1" cb="3"/><line nr="135" mi="0" ci="6" mb="0" cb="0"/><line nr="136" mi="0" ci="4" mb="1" cb="1"/><line nr="137" mi="6" ci="0" mb="0" cb="0"/><line nr="138" mi="0" ci="4" mb="1" cb="1"/><line nr="139" mi="0" ci="5" mb="0" cb="0"/><line nr="141" mi="5" ci="0" mb="0" cb="0"/><line nr="143" mi="0" ci="1" mb="0" cb="0"/><line nr="146" mi="0" ci="4" mb="1" cb="3"/><line nr="147" mi="0" ci="1" mb="0" cb="0"/><line nr="149" mi="0" ci="3" mb="0" cb="0"/><line nr="150" mi="0" ci="1" mb="0" cb="0"/><line nr="153" mi="0" ci="4" mb="1" cb="3"/><line nr="154" mi="0" ci="1" mb="0" cb="0"/><line nr="156" mi="0" ci="2" mb="1" cb="1"/><line nr="157" mi="6" ci="0" mb="0" cb="0"/><line nr="159" mi="0" ci="4" mb="0" cb="0"/><line nr="160" mi="0" ci="4" mb="0" cb="2"/><line nr="161" mi="0" ci="4" mb="0" cb="0"/><line nr="162" mi="0" ci="6" mb="0" cb="2"/><line nr="163" mi="0" ci="6" mb="0" cb="0"/><line nr="166" mi="0" ci="4" mb="0" cb="0"/><line nr="167" mi="0" ci="1" mb="0" cb="0"/><line nr="168" mi="0" ci="4" mb="0" cb="0"/><line nr="169" mi="0" ci="1" mb="0" cb="0"/><line nr="172" mi="0" ci="1" mb="0" cb="0"/><line nr="177" mi="0" ci="2" mb="1" cb="1"/><line nr="178" mi="2" ci="0" mb="0" cb="0"/><line nr="180" mi="0" ci="16" mb="0" cb="2"/><line nr="183" mi="0" ci="2" mb="1" cb="1"/><line nr="184" mi="2" ci="0" mb="0" cb="0"/><line nr="186" mi="0" ci="4" mb="0" cb="0"/><line nr="189" mi="0" ci="3" mb="0" cb="0"/><line nr="190" mi="0" ci="4" mb="0" cb="0"/><line nr="201" mi="0" ci="4" mb="1" cb="1"/><line nr="202" mi="2" ci="0" mb="0" cb="0"/><line nr="204" mi="0" ci="3" mb="0" cb="0"/><line nr="205" mi="0" ci="12" mb="0" cb="0"/><line nr="206" mi="0" ci="15" mb="0" cb="0"/><line nr="207" mi="0" ci="4" mb="0" cb="2"/><line nr="209" mi="0" ci="4" mb="0" cb="0"/><line nr="212" mi="0" ci="4" mb="0" cb="0"/><line nr="218" mi="0" ci="5" mb="2" cb="2"/><line nr="219" mi="2" ci="0" mb="0" cb="0"/><line nr="221" mi="0" ci="4" mb="0" cb="2"/><line nr="222" mi="0" ci="6" mb="0" cb="0"/><line nr="223" mi="0" ci="4" mb="0" cb="0"/><line nr="224" mi="0" ci="4" mb="0" cb="0"/><line nr="225" mi="0" ci="8" mb="0" cb="0"/><line nr="226" mi="0" ci="4" mb="1" cb="1"/><line nr="227" mi="0" ci="9" mb="0" cb="0"/><line nr="228" mi="0" ci="4" mb="0" cb="0"/><line nr="229" mi="0" ci="4" mb="0" cb="0"/><line nr="230" mi="0" ci="8" mb="0" cb="0"/><line nr="232" mi="12" ci="0" mb="0" cb="0"/><line nr="237" mi="5" ci="0" mb="2" cb="0"/><line nr="238" mi="2" ci="0" mb="0" cb="0"/><line nr="241" mi="8" ci="0" mb="4" cb="0"/><line nr="242" mi="5" ci="0" mb="0" cb="0"/><line nr="244" mi="5" ci="0" mb="2" cb="0"/><line nr="245" mi="4" ci="0" mb="0" cb="0"/><line nr="247" mi="5" ci="0" mb="0" cb="0"/><line nr="249" mi="1" ci="0" mb="0" cb="0"/><line nr="250" mi="4" ci="0" mb="0" cb="0"/><line nr="262" mi="0" ci="4" mb="0" cb="2"/><line nr="263" mi="0" ci="2" mb="0" cb="0"/><line nr="266" mi="0" ci="8" mb="1" cb="3"/><line nr="267" mi="0" ci="5" mb="0" cb="0"/><line nr="269" mi="0" ci="4" mb="1" cb="1"/><line nr="270" mi="4" ci="0" mb="0" cb="0"/><line nr="272" mi="0" ci="5" mb="0" cb="0"/><line nr="274" mi="0" ci="1" mb="0" cb="0"/><line nr="275" mi="0" ci="4" mb="0" cb="0"/><line nr="279" mi="0" ci="4" mb="0" cb="0"/><line nr="280" mi="0" ci="4" mb="0" cb="0"/><line nr="284" mi="0" ci="6" mb="0" cb="0"/><line nr="288" mi="0" ci="5" mb="0" cb="0"/><line nr="289" mi="0" ci="2" mb="0" cb="2"/><line nr="290" mi="0" ci="2" mb="0" cb="2"/><line nr="291" mi="0" ci="6" mb="0" cb="0"/><line nr="293" mi="0" ci="2" mb="0" cb="0"/><line nr="296" mi="0" ci="4" mb="0" cb="0"/><line nr="297" mi="0" ci="2" mb="0" cb="2"/><line nr="298" mi="0" ci="2" mb="0" cb="2"/><line nr="299" mi="0" ci="4" mb="0" cb="0"/><line nr="301" mi="0" ci="2" mb="0" cb="0"/><line nr="304" mi="0" ci="2" mb="0" cb="0"/><line nr="308" mi="0" ci="4" mb="0" cb="0"/><line nr="312" mi="0" ci="5" mb="1" cb="1"/><line nr="313" mi="2" ci="0" mb="0" cb="0"/><line nr="315" mi="0" ci="6" mb="0" cb="0"/><line nr="319" mi="0" ci="5" mb="0" cb="2"/><line nr="320" mi="0" ci="2" mb="0" cb="0"/><line nr="322" mi="0" ci="6" mb="0" cb="0"/><counter type="INSTRUCTION" missed="129" covered="494"/><counter type="BRANCH" missed="29" covered="57"/><counter type="LINE" missed="28" covered="107"/><counter type="COMPLEXITY" missed="27" covered="48"/><counter type="METHOD" missed="4" covered="28"/><counter type="CLASS" missed="0" covered="2"/></sourcefile><sourcefile name="XlWorkbook.java"><line nr="27" mi="0" ci="2" mb="1" cb="1"/><line nr="28" mi="2" ci="0" mb="0" cb="0"/><line nr="30" mi="0" ci="5" mb="0" cb="0"/><line nr="33" mi="0" ci="2" mb="0" cb="0"/><line nr="34" mi="0" ci="3" mb="0" cb="0"/><line nr="35" mi="0" ci="1" mb="0" cb="0"/><line nr="38" mi="3" ci="0" mb="0" cb="0"/><line nr="42" mi="0" ci="4" mb="0" cb="0"/><line nr="46" mi="0" ci="7" mb="0" cb="0"/><line nr="50" mi="0" ci="2" mb="1" cb="1"/><line nr="51" mi="2" ci="0" mb="0" cb="0"/><line nr="53" mi="0" ci="5" mb="0" cb="0"/><line nr="57" mi="0" ci="7" mb="0" cb="0"/><line nr="61" mi="0" ci="4" mb="0" cb="0"/><line nr="62" mi="0" ci="1" mb="0" cb="0"/><counter type="INSTRUCTION" missed="7" covered="43"/><counter type="BRANCH" missed="2" covered="2"/><counter type="LINE" missed="3" covered="12"/><counter type="COMPLEXITY" missed="3" covered="7"/><counter type="METHOD" missed="1" covered="7"/><counter type="CLASS" missed="0" covered="1"/></sourcefile><sourcefile name="XlCellAddress.java"><line nr="14" mi="0" ci="2" mb="0" cb="0"/><line nr="15" mi="0" ci="1" mb="0" cb="0"/><line nr="18" mi="0" ci="3" mb="0" cb="0"/><line nr="21" mi="0" ci="3" mb="0" cb="0"/><line nr="22" mi="0" ci="1" mb="0" cb="0"/><line nr="24" mi="0" ci="3" mb="0" cb="0"/><line nr="27" mi="0" ci="3" mb="0" cb="0"/><line nr="28" mi="0" ci="1" mb="0" cb="0"/><line nr="30" mi="0" ci="3" mb="1" cb="1"/><line nr="31" mi="0" ci="4" mb="0" cb="0"/><line nr="33" mi="0" ci="3" mb="0" cb="2"/><line nr="34" mi="0" ci="4" mb="0" cb="0"/><line nr="36" mi="0" ci="1" mb="0" cb="0"/><line nr="38" mi="0" ci="4" mb="0" cb="0"/><line nr="39" mi="0" ci="4" mb="0" cb="0"/><line nr="40" mi="0" ci="4" mb="0" cb="0"/><line nr="41" mi="0" ci="2" mb="0" cb="0"/><line nr="43" mi="0" ci="3" mb="0" cb="0"/><line nr="47" mi="0" ci="3" mb="0" cb="0"/><line nr="48" mi="0" ci="2" mb="0" cb="0"/><line nr="51" mi="0" ci="3" mb="0" cb="0
[...]
="0" cb="0"/><line nr="191" mi="5" ci="0" mb="0" cb="0"/><line nr="204" mi="4" ci="0" mb="0" cb="0"/><line nr="205" mi="5" ci="0" mb="0" cb="0"/><line nr="209" mi="4" ci="0" mb="0" cb="0"/><line nr="210" mi="3" ci="0" mb="2" cb="0"/><line nr="211" mi="4" ci="0" mb="0" cb="0"/><line nr="213" mi="1" ci="0" mb="0" cb="0"/><line nr="216" mi="0" ci="4" mb="0" cb="0"/><line nr="217" mi="0" ci="5" mb="0" cb="0"/><line nr="218" mi="0" ci="1" mb="0" cb="0"/><line nr="221" mi="0" ci="10" mb="0" cb="2"/><line nr="222" mi="0" ci="2" mb="1" cb="1"/><line nr="223" mi="1" ci="0" mb="0" cb="0"/><line nr="225" mi="0" ci="7" mb="1" cb="3"/><line nr="226" mi="0" ci="2" mb="0" cb="0"/><line nr="227" mi="4" ci="3" mb="3" cb="1"/><line nr="228" mi="11" ci="0" mb="2" cb="0"/><line nr="229" mi="3" ci="0" mb="2" cb="0"/><line nr="230" mi="2" ci="0" mb="0" cb="0"/><line nr="232" mi="1" ci="0" mb="0" cb="0"/><line nr="234" mi="0" ci="1" mb="0" cb="0"/><line nr="235" mi="0" ci="2" mb="0" cb="0"/><counter type="INSTRUCTION" missed="131" covered="89"/><counter type="BRANCH" missed="19" covered="17"/><counter type="LINE" missed="34" covered="21"/><counter type="COMPLEXITY" missed="20" covered="15"/><counter type="METHOD" missed="8" covered="9"/><counter type="CLASS" missed="0" covered="1"/></sourcefile><counter type="INSTRUCTION" missed="364" covered="282"/><counter type="BRANCH" missed="42" covered="34"/><counter type="LINE" missed="86" covered="68"/><counter type="COMPLEXITY" missed="46" covered="35"/><counter type="METHOD" missed="20" covered="23"/><counter type="CLASS" missed="0" covered="3"/></package><package name="org/xlbean/reader"><class name="org/xlbean/reader/XlBeanReader"><method name="&lt;init&gt;" desc="()V" line="35"><counter type="INSTRUCTION" missed="0" covered="5"/><counter type="LINE" missed="0" covered="2"/><counter type="COMPLEXITY" missed="0" covered="1"/><counter type="METHOD" missed="0" covered="1"/></method><method name="&lt;init&gt;" desc="(Lorg/xlbean/definition/DefinitionLoader;)V" line="39"><counter type="INSTRUCTION" missed="0" covered="5"/><counter type="LINE" missed="0" covered="2"/><counter type="COMPLEXITY" missed="0" covered="1"/><counter type="METHOD" missed="0" covered="1"/></method><method name="&lt;init&gt;" desc="(Lorg/xlbean/definition/DefinitionLoader;Lorg/xlbean/data/ExcelDataLoader;)V" line="42"><counter type="INSTRUCTION" missed="3" covered="22"/><counter type="BRANCH" missed="1" covered="3"/><counter type="LINE" missed="1" covered="7"/><counter type="COMPLEXITY" missed="1" covered="2"/><counter type="METHOD" missed="0" covered="1"/></method><method name="read" desc="(Ljava/io/InputStream;)Lorg/xlbean/XlBean;" line="68"><counter type="INSTRUCTION" missed="36" covered="19"/><counter type="BRANCH" missed="6" covered="2"/><counter type="LINE" missed="1" covered="3"/><counter type="COMPLEXITY" missed="4" covered="1"/><counter type="METHOD" missed="0" covered="1"/></method><method name="read" desc="(Ljava/io/File;)Lorg/xlbean/XlBean;" line="92"><counter type="INSTRUCTION" missed="5" covered="0"/><counter type="LINE" missed="1" covered="0"/><counter type="COMPLEXITY" missed="1" covered="0"/><counter type="METHOD" missed="1" covered="0"/></method><method name="read" desc="(Ljava/lang/Object;Lorg/apache/poi/ss/usermodel/Workbook;)Lorg/xlbean/XlBean;" line="97"><counter type="INSTRUCTION" missed="0" covered="17"/><counter type="LINE" missed="0" covered="4"/><counter type="COMPLEXITY" missed="0" covered="1"/><counter type="METHOD" missed="0" covered="1"/></method><counter type="INSTRUCTION" missed="44" covered="68"/><counter type="BRANCH" missed="7" covered="5"/><counter type="LINE" missed="3" covered="18"/><counter type="COMPLEXITY" missed="6" covered="6"/><counter type="METHOD" missed="1" covered="5"/><counter type="CLASS" missed="0" covered="1"/></class><sourcefile name="XlBeanReader.java"><line nr="35" mi="0" ci="4" mb="0" cb="0"/><line nr="36" mi="0" ci="1" mb="0" cb="0"/><line nr="39" mi="0" ci="4" mb="0" cb="0"/><line nr="40" mi="0" ci="1" mb="0" cb="0"/><line nr="42" mi="0" ci="2" mb="0" cb="0"/><line nr="43" mi="0" ci="2" mb="0" cb="2"/><line nr="44" mi="0" ci="6" mb="0" cb="0"/><line nr="46" mi="0" ci="3" mb="0" cb="0"/><line nr="48" mi="0" ci="2" mb="1" cb="1"/><line nr="49" mi="0" ci="6" mb="0" cb="0"/><line nr="51" mi="3" ci="0" mb="0" cb="0"/><line nr="53" mi="0" ci="1" mb="0" cb="0"/><line nr="68" mi="5" ci="6" mb="0" cb="0"/><line nr="70" mi="0" ci="5" mb="0" cb="0"/><line nr="72" mi="26" ci="8" mb="6" cb="2"/><line nr="73" mi="5" ci="0" mb="0" cb="0"/><line nr="92" mi="5" ci="0" mb="0" cb="0"/><line nr="97" mi="0" ci="4" mb="0" cb="0"/><line nr="98" mi="0" ci="4" mb="0" cb="0"/><line nr="100" mi="0" ci="3" mb="0" cb="0"/><line nr="101" mi="0" ci="6" mb="0" cb="0"/><counter type="INSTRUCTION" missed="44" covered="68"/><counter type="BRANCH" missed="7" covered="5"/><counter type="LINE" missed="3" covered="18"/><counter type="COMPLEXITY" missed="6" covered="6"/><counter type="METHOD" missed="1" covered="5"/><counter type="CLASS" missed="0" covered="1"/></sourcefile><counter type="INSTRUCTION" missed="44" covered="68"/><counter type="BRANCH" missed="7" covered="5"/><counter type="LINE" missed="3" covered="18"/><counter type="COMPLEXITY" missed="6" covered="6"/><counter type="METHOD" missed="1" covered="5"/><counter type="CLASS" missed="0" covered="1"/></package><package name="org/xlbean/converter"><class name="org/xlbean/converter/ValueConverter"><method name="&lt;init&gt;" desc="()V" line="57"><counter type="INSTRUCTION" missed="0" covered="3"/><counter type="LINE" missed="0" covered="1"/><counter type="COMPLEXITY" missed="0" covered="1"/><counter type="METHOD" missed="0" covered="1"/></method><method name="canConvert" desc="(Ljava/lang/Class;)Z" line="69"><counter type="INSTRUCTION" missed="0" covered="4"/><counter type="LINE" missed="0" covered="1"/><counter type="COMPLEXITY" missed="0" covered="1"/><counter type="METHOD" missed="0" covered="1"/></method><method name="toString" desc="(Ljava/lang/Object;)Ljava/lang/String;" line="80"><counter type="INSTRUCTION" missed="24" covered="14"/><counter type="BRANCH" missed="4" covered="4"/><counter type="LINE" missed="4" covered="5"/><counter type="COMPLEXITY" missed="4" covered="1"/><counter type="METHOD" missed="0" covered="1"/></method><method name="toObject" desc="(Ljava/lang/String;Ljava/lang/Class;)Ljava/lang/Object;" line="107"><counter type="INSTRUCTION" missed="56" covered="115"/><counter type="BRANCH" missed="15" covered="27"/><counter type="LINE" missed="31" covered="21"/><counter type="COMPLEXITY" missed="15" covered="7"/><counter type="METHOD" missed="0" covered="1"/></method><method name="&lt;clinit&gt;" desc="()V" line="59"><counter type="INSTRUCTION" missed="0" covered="88"/><counter type="LINE" missed="0" covered="4"/><counter type="COMPLEXITY" missed="0" covered="1"/><counter type="METHOD" missed="0" covered="1"/></method><counter type="INSTRUCTION" missed="80" covered="224"/><counter type="BRANCH" missed="19" covered="31"/><counter type="LINE" missed="35" covered="32"/><counter type="COMPLEXITY" missed="19" covered="11"/><counter type="METHOD" missed="0" covered="5"/><counter type="CLASS" missed="0" covered="1"/></class><class name="org/xlbean/converter/BeanConverter"><method name="&lt;init&gt;" desc="()V" line="27"><counter type="INSTRUCTION" missed="0" covered="13"/><counter type="LINE" missed="0" covered="3"/><counter type="COMPLEXITY" missed="0" covered="1"/><counter type="METHOD" missed="0" covered="1"/></method><method name="toBean" desc="(Ljava/lang/Object;Ljava/lang/Class;)Ljava/lang/Object;" line="41"><counter type="INSTRUCTION" missed="17" covered="0"/><counter type="BRANCH" missed="2" covered="0"/><counter type="LINE" missed="5" covered="0"/><counter type="COMPLEXITY" missed="2" covered="0"/><counter type="METHOD" missed="1" covered="0"/></method><method name="toBeanList" desc="(Ljava/lang/Object;Ljava/lang/Class;)Ljava/util/List;" line="59"><counter type="INSTRUCTION" missed="28" covered="0"/><counter type="BRANCH" missed="4" covered="0"/><counter type="LINE" missed="6" covered="0"/><counter type="COMPLEXITY" missed="3" covered="0"/><counter type="METHOD" missed="1" covered="0"/></method><method name="toBean" desc="(Ljava/util/Map;Ljava/lang/Class;)Ljava/lang/Object;" line="70"><counter type="INSTRUCTION" missed="0" covered="7"/><counter type="LINE" missed="0" covered="1"/><counter type="COMPLEXITY" missed="0" covered="1"/><counter type="METHOD" missed="0" covered="1"/></method><method name="getPropertyDescriptor" desc="(Ljava/lang/Class;Ljava/lang/String;)Ljava/beans/PropertyDescriptor;" line="76"><counter type="INSTRUCTION" missed="6" covered="40"/><counter type="BRANCH" missed="1" covered="3"/><counter type="LINE" missed="2" covered="10"/><counter type="COMPLEXITY" missed="1" covered="2"/><counter type="METHOD" missed="0" covered="1"/></method><method name="toBean" desc="(Ljava/util/Map;Ljava/lang/Object;)Ljava/lang/Object;" line="95"><counter type="INSTRUCTION" missed="15" covered="148"/><counter type="BRANCH" missed="5" covered="15"/><counter type="LINE" missed="4" covered="30"/><counter type="COMPLEXITY" missed="5" covered="6"/><counter type="METHOD" missed="0" covered="1"/></method><method name="isLeaf" desc="(Ljava/lang/Class;)Z" line="144"><counter type="INSTRUCTION" missed="0" covered="5"/><counter type="LINE" missed="0" covered="1"/><counter type="COMPLEXITY" missed="0" covered="1"/><counter type="METHOD" missed="0" covered="1"/></method><method name="instantiate" desc="(Ljava/lang/Class;)Ljava/lang/Object;" line="149"><counter type="INSTRUCTION" missed="6" covered="3"/><counter type="LINE" missed="2" covered="1"/><counter type="COMPLEXITY" missed="0" covered="1"/><counter type="METHOD" missed="0" covered="1"/></method><method name="toMap" desc="(Ljava/lang/Object;)Ljava/lang/Object;" line="156"><counter type="INSTRUCTION" missed="13" covered="93"/><counter type="BRANCH" missed="2" covered="14"/><counter type="LINE" missed="5" covered="27"/><counter type="COMPLEXITY" missed="2" covered="7"/><counter type="METHOD" missed="0" covered="1"/></method><method name="toMapInternal" desc="(Ljava/lang/Object;)Lorg/xlbean/XlBean;" line="199"><counter type="INSTRUCTION" missed="8" covered="49"/><counter type="BRANCH" missed="1" covered="5"/><counter type="LINE" missed="3" covered="13"/><counter type="COMPLEXITY" missed="1" covered="3"/><counter type="METHOD" missed="0" covered="1"/></method><counter type="INSTRUCTION" missed="93" covered="358"/><counter type="BRANCH" missed="15" covered="37"/><counter type="LINE" missed="27" covered="86"/><counter type="COMPLEXITY" missed="14" covered="22"/><counter type="METHOD" missed="2" covered="8"/><counter type="CLASS" missed="0" covered="1"/></class><sourcefile name="BeanConverter.java"><line nr="27" mi="0" ci="2" mb="0" cb="0"/><line nr="29" mi="0" ci="5" mb="0" cb="0"/><line nr="41" mi="4" ci="0" mb="0" cb="0"/><line nr="42" mi="3" ci="0" mb="2" cb="0"/><line nr="43" mi="3" ci="0" mb="0" cb="0"/><line nr="44" mi="5" ci="0" mb="0" cb="0"/><line nr="46" mi="2" ci="0" mb="0" cb="0"/><line nr="59" mi="4" ci="0" mb="0" cb="0"/><line nr="60" mi="3" ci="0" mb="2" cb="0"/><line nr="61" mi="10" ci="0" mb="2" cb="0"/><line nr="62" mi="8" ci="0" mb="0" cb="0"/><line nr="63" mi="1" ci="0" mb="0" cb="0"/><line nr="65" mi="2" ci="0" mb="0" cb="0"/><line nr="70" mi="0" ci="7" mb="0" cb="0"/><line nr="73" mi="0" ci="6" mb="0" cb="0"/><line nr="76" mi="0" ci="6" mb="0" cb="0"/><line nr="77" mi="0" ci="2" mb="1" cb="1"/><line nr="78" mi="0" ci="4" mb="0" cb="0"/><line nr="80" mi="0" ci="4" mb="0" cb="0"/><line nr="81" mi="0" ci="1" mb="0" cb="0"/><line nr="83" mi="0" ci="10" mb="0" cb="2"/><line nr="84" mi="0" ci="6" mb="0" cb="0"/><line nr="85" mi="0" ci="1" mb="0" cb="0"/><line nr="86" mi="1" ci="0" mb="0" cb="0"/><line nr="87" mi="5" ci="0" mb="0" cb="0"/><line nr="88" mi="0" ci="1" mb="0" cb="0"/><line nr="90" mi="0" ci="5" mb="0" cb="0"/><line nr="95" mi="0" ci="11" mb="0" cb="2"/><line nr="97" mi="0" ci="8" mb="0" cb="0"/><line nr="98" mi="0" ci="2" mb="0" cb="2"/><line nr="99" mi="0" ci="1" mb="0" cb="0"/><line nr="101" mi="0" ci="3" mb="0" cb="0"/><line nr="102" mi="0" ci="3" mb="0" cb="0"/><line nr="104" mi="0" ci="3" mb="0" cb="0"/><line nr="105" mi="0" ci="2" mb="1" cb="1"/><line nr="106" mi="1" ci="0" mb="0" cb="0"/><line nr="108" mi="0" ci="3" mb="0" cb="2"/><line nr="112" mi="0" ci="6" mb="0" cb="0"/><line nr="113" mi="0" ci="10" mb="0" cb="0"/><line nr="114" mi="0" ci="10" mb="1" cb="3"/><line nr="115" mi="0" ci="6" mb="0" cb="0"/><line nr="116" mi="1" ci="4" mb="1" cb="1"/><line nr="117" mi="0" ci="2" mb="0" cb="0"/><line nr="118" mi="0" ci="5" mb="0" cb="0"/><line nr="119" mi="0" ci="5" mb="0" cb="0"/><line nr="120" mi="0" ci="10" mb="0" cb="2"/><line nr="121" mi="0" ci="5" mb="1" cb="1"/><line nr="122" mi="5" ci="0" mb="0" cb="0"/><line nr="124" mi="0" ci="8" mb="0" cb="0"/><line nr="125" mi="0" ci="4" mb="0" cb="0"/><line nr="127" mi="0" ci="1" mb="0" cb="0"/><line nr="128" mi="0" ci="10" mb="0" cb="0"/><line nr="129" mi="0" ci="1" mb="0" cb="0"/><line nr="132" mi="1" ci="8" mb="1" cb="1"/><line nr="133" mi="1" ci="3" mb="0" cb="0"/><line nr="134" mi="0" ci="10" mb="0" cb="0"/><line nr="136" mi="1" ci="0" mb="0" cb="0"/><line nr="137" mi="5" ci="0" mb="0" cb="0"/><line nr="138" mi="0" ci="1" mb="0" cb="0"/><line nr="139" mi="0" ci="1" mb="0" cb="0"/><line nr="140" mi="0" ci="2" mb="0" cb="0"/><line nr="144" mi="0" ci="5" mb="0" cb="0"/><line nr="149" mi="0" ci="3" mb="0" cb="0"/><line nr="150" mi="1" ci="0" mb="0" cb="0"/><line nr="151" mi="5" ci="0" mb="0" cb="0"/><line nr="156" mi="0" ci="2" mb="0" cb="2"/><line nr="157" mi="0" ci="2" mb="0" cb="0"/><line nr="159" mi="0" ci="3" mb="0" cb="2"/><line nr="160" mi="0" ci="1" mb="0" cb="0"/><line nr="161" mi="0" ci="2" mb="0" cb="0"/><line nr="162" mi="0" ci="3" mb="0" cb="0"/><line nr="163" mi="0" ci="11" mb="0" cb="2"/><line nr="164" mi="0" ci="3" mb="1" cb="1"/><line nr="165" mi="1" ci="0" mb="0" cb="0"/><line nr="167" mi="0" ci="2" mb="0" cb="0"/><line nr="168" mi="0" ci="2" mb="0" cb="0"/><line nr="169" mi="0" ci="5" mb="0" cb="0"/><line nr="170" mi="0" ci="5" mb="0" cb="0"/><line nr="171" mi="0" ci="1" mb="0" cb="0"/><line nr="172" mi="0" ci="2" mb="0" cb="0"/><line nr="173" mi="0" ci="3" mb="0" cb="2"/><line nr="174" mi="0" ci="1" mb="0" cb="0"/><line nr="175" mi="0" ci="2" mb="0" cb="0"/><line nr="176" mi="0" ci="3" mb="0" cb="0"/><line nr="177" mi="0" ci="9" mb="0" cb="2"/><line nr="178" mi="0" ci="4" mb="0" cb="0"/><line nr="179" mi="0" ci="3" mb="1" cb="1"/><line nr="180" mi="0" ci="6" mb="0" cb="0"/><line nr="182" mi="1" ci="0" mb="0" cb="0"/><line nr="183" mi="2" ci="0" mb="0" cb="0"/><line nr="184" mi="5" ci="0" mb="0" cb="0"/><line nr="185" mi="4" ci="0" mb="0" cb="0"/><line nr="187" mi="0" ci="1" mb="0" cb="0"/><line nr="188" mi="0" ci="2" mb="0" cb="0"/><line nr="190" mi="0" ci="6" mb="0" cb="2"/><line nr="191" mi="0" ci="5" mb="0" cb="0"/><line nr="193" mi="0" ci="4" mb="0" cb="0"/><line nr="199" mi="0" ci="2" mb="1" cb="1"/><line nr="200" mi="2" ci="0" mb="0" cb="0"/><line nr="202" mi="0" ci="1" mb="0" cb="0"/><line nr="203" mi="0" ci="2" mb="0" cb="0"/><line nr="205" mi="0" ci="17" mb="0" cb="2"/><line nr="206" mi="0" ci="2" mb="0" cb="0"/><line nr="207" mi="0" ci="3" mb="0" cb="0"/><line nr="208" mi="0" ci="4" mb="0" cb="2"/><line nr="209" mi="0" ci="1" mb="0" cb="0"/><line nr="211" mi="0" ci="5" mb="0" cb="0"/><line nr="212" mi="0" ci="2" mb="0" cb="0"/><line nr="213" mi="0" ci="7" mb="0" cb="0"/><line nr="215" mi="1" ci="0" mb="0" cb="0"/><line nr="217" mi="5" ci="0" mb="0" cb="0"/><line nr="218" mi="0" ci="1" mb="0" cb="0"/><line nr="219" mi="0" ci="2" mb="0" cb="0"/><counter type="INSTRUCTION" missed="93" covered="358"/><counter type="BRANCH" missed="15" covered="37"/><counter type="LINE" missed="27" covered="86"/><counter type="COMPLEXITY" missed="14" covered="22"/><counter type="METHOD" missed="2" covered="8"/><counter type="CLASS" missed="0" covered="1"/></sourcefile><sourcefile name="ValueConverter.java"><line nr="57" mi="0" ci="3" mb="0" cb="0"/><line nr="59" mi="0" ci="76" mb="0" cb="0"/><line nr="64" mi="0" ci="5" mb="0" cb="0"/><line nr="65" mi="0" ci="3" mb="0" cb="0"/><line nr="66" mi="0" ci="4" mb="0" cb="0"/><line nr="69" mi="0" ci="4" mb="0" cb="0"/><line nr="80" mi="0" ci="2" mb="1" cb="1"/><line nr="81" mi="2" ci="0" mb="0" cb="0"/><line nr="83" mi="0" ci="3" mb="1" cb="1"/><line nr="84" mi="5" ci="0" mb="0" cb="0"/><line nr="85" mi="0" ci="3" mb="1" cb="1"/><line nr="86" mi="12" ci="0" mb="0" cb="0"/><line nr="87" mi="0" ci="3" mb="1" cb="1"/><line nr="88" mi="5" ci="0" mb="0" cb="0"/><line nr="90" mi="0" ci="3" mb="0" cb="0"/><line nr="107" mi="0" ci="2" mb="1" cb="1"/><line nr="108" mi="2" ci="0" mb="0" cb="0"/><line nr="110" mi="0" ci="4" mb="0" cb="2"/><line nr="111" mi="0" ci="2" mb="0" cb="0"/><line nr="112" mi="0" ci="8" mb="1" cb="3"/><line nr="114" mi="0" ci="7" mb="0" cb="0"/><line nr="115" mi="1" ci="0" mb="0" cb="0"/><line nr="117" mi="1" ci="0" mb="0" cb="0"/><line nr="118" mi="0" ci="8" mb="1" cb="3"/><line nr="120" mi="0" ci="7" mb="0" cb="0"/><line nr="121" mi="1" ci="0" mb="0" cb="0"/><line nr="123" mi="1" ci="0" mb="0" cb="0"/><line nr="124" mi="0" ci="8" mb="2" cb="2"/><line nr="126" mi="5" ci="0" mb="0" cb="0"/><line nr="127" mi="1" ci="0" mb="0" cb="0"/><line nr="129" mi="1" ci="0" mb="0" cb="0"/><line nr="130" mi="0" ci="8" mb="2" cb="2"/><line nr="132" mi="4" ci="0" mb="0" cb="0"/><line nr="133" mi="1" ci="0" mb="0" cb="0"/><line nr="135" mi="1" ci="0" mb="0" cb="0"/><line nr="136" mi="0" ci="8" mb="2" cb="2"/><line nr="138" mi="4" ci="0" mb="0" cb="0"/><line nr="139" mi="1" ci="0" mb="0" cb="0"/><line nr="141" mi="1" ci="0" mb="0" cb="0"/><line nr="142" mi="0" ci="8" mb="2" cb="2"/><line nr="144" mi="4" ci="0" mb="0" cb="0"/><line nr="145" mi="1" ci="0" mb="0" cb="0"/><line nr="147" mi="1" ci="0" mb="0" cb="0"/><line nr="148" mi="0" ci="8" mb="2" cb="2"/><line nr="150" mi="4" ci="0" mb="0" cb="0"/><line nr="151" mi="1" ci="0" mb="0" cb="0"/><line nr="153" mi="1" ci="0" mb="0" cb="0"/><line nr="154" mi="0" ci="4" mb="0" cb="2"/><line nr="156" mi="0" ci="5" mb="0" cb="0"/><line nr="157" mi="1" ci="0" mb="0" cb="0"/><line nr="159" mi="1" ci="0" mb="0" cb="0"/><line nr="160" mi="0" ci="4" mb="1" cb="1"/><line nr="162" mi="8" ci="0" mb="0" cb="0"/><line nr="163" mi="1" ci="0" mb="0" cb="0"/><line nr="165" mi="1" ci="0" mb="0" cb="0"/><line nr="166" mi="0" ci="4" mb="0" cb="2"/><line nr="168" mi="0" ci="4" mb="0" cb="0"/><line nr="169" mi="1" ci="0" mb="0" cb="0"/><line nr="171" mi="1" ci="0" mb="0" cb="0"/><line nr="172" mi="0" ci="4" mb="0" cb="2"/><line nr="174" mi="0" ci="4" mb="0" cb="0"/><line nr="175" mi="1" ci="0" mb="0" cb="0"/><line nr="177" mi="1" ci="0" mb="0" cb="0"/><line nr="178" mi="0" ci="4" mb="1" cb="1"/><line nr="180" mi="0" ci="4" mb="0" cb="0"/><line nr="181" mi="1" ci="0" mb="0" cb="0"/><line nr="185" mi="2" ci="0" mb="0" cb="0"/><counter type="INSTRUCTION" missed="80" covered="224"/><counter type="BRANCH" missed="19" covered="31"/><counter type="LINE" missed="35" covered="32"/><counter type="COMPLEXITY" missed="19" covered="11"/><counter type="METHOD" missed="0" covered="5"/><counter type="CLASS" missed="0" covered="1"/></sourcefile><counter type="INSTRUCTION" missed="173" covered="582"/><counter type="BRANCH" missed="34" covered="68"/><counter type="LINE" missed="62" covered="118"/><counter type="COMPLEXITY" missed="33" covered="33"/><counter type="METHOD" missed="2" covered="13"/><counter type="CLASS" missed="0" covered="2"/></package><counter type="INSTRUCTION" missed="1136" covered="4092"/><counter type="BRANCH" missed="191" covered="353"/><counter type="LINE" missed="253" covered="931"/><counter type="COMPLEXITY" missed="196" covered="352"/><counter type="METHOD" missed="41" covered="235"/><counter type="CLASS" missed="0" covered="37"/></report>